<?xml version="1.0" encoding="UTF-8"?>
<testsuite xmlns:xsi="http://www.w3.org/2001/XMLSchema-instance" xsi:noNamespaceSchemaLocation="https://maven.apache.org/surefire/maven-surefire-plugin/xsd/surefire-test-report.xsd" name="TestSuite" time="301.305" tests="121" errors="0" skipped="104" failures="13">
  <properties>
[...]
</properties>
  <testcase name="careers" classname="tests.BookingCancelTest" time="4.183"/>
  <testcase name="TravelDate" classname="tests.BookingchangeTravelDateTest" time="2.355"/>
  <testcase name="ShowTicket" classname="tests.bookingShowTicketTest" time="2.322"/>
  <testcase name="all_bus_operators" classname="tests.busHireLocalTest" time="10.474">
    <failure message="no such element: Unable to locate element: {&quot;method&quot;:&quot;xpath&quot;,&quot;selector&quot;:&quot;//span[contains(text(),&apos;Noida Sector 18, Noida, Uttar Pradesh, India&apos;)]&quot;}&#10;  (Session info: MicrosoftEdge=91.0.864.64)&#10;For documentation on this error, please visit: https://www.seleniumhq.org/exceptions/no_such_element.html&#10;Build info: version: &apos;3.141.59&apos;, revision: &apos;e82be7d358&apos;, time: &apos;2018-11-14T08:17:03&apos;&#10;System info: host: &apos;SIDDHANTPANDA&apos;, ip: &apos;192.168.0.100&apos;, os.name: &apos;Windows 10&apos;, os.arch: &apos;amd64&apos;, os.version: &apos;10.0&apos;, java.version: &apos;1.8.0_221&apos;&#10;Driver info: org.openqa.selenium.edge.EdgeDriver&#10;Capabilities {acceptInsecureCerts: false, browserName: msedge, browserVersion: 91.0.864.64, javascriptEnabled: true, ms:edgeOptions: {debuggerAddress: localhost:63307}, msedge: {msedgedriverVersion: 91.0.864.64 (3bb5c9989b78b4..., userDataDir: C:\Users\SIDDHA~1\AppData\L...}, networkConnectionEnabled: false, pageLoadStrategy: normal, platform: WINDOWS, platformName: WINDOWS, proxy: Proxy(), setWindowRect: true, strictFileInteractability: false, timeouts: {implicit: 0, pageLoad: 300000, script: 30000}, unhandledPromptBehavior: dismiss and notify, webauthn:extension:largeBlob: true, webauthn:virtualAuthenticators: true}&#10;Session ID: de381382b023ae9b51e5e82220ca6f38&#10;*** Element info: {Using=xpath, value=//span[contains(text(),&apos;Noida Sector 18, Noida, Uttar Pradesh, India&apos;)]}" type="org.openqa.selenium.NoSuchElementException">org.openqa.selenium.NoSuchElementException: 
no such element: Unable to locate element: {"method":"xpath","selector":"//span[contains(text(),'Noida Sector 18, Noida, Uttar Pradesh, India')]"}
  (Session info: MicrosoftEdge=91.0.864.64)
For documentation on this error, please visit: https://www.seleniumhq.org/exceptions/no_such_element.html
Build info: version: '3.141.59', revision: 'e82be7d358', time: '2018-11-14T08:17:03'
System info: host: 'SIDDHANTPANDA', ip: '192.168.0.100', os.name: 'Windows 10', os.arch: 'amd64', os.version: '10.0', java.version: '1.8.0_221'
Driver info: org.openqa.selenium.edge.EdgeDriver
Capabilities {acceptInsecureCerts: false, browserName: msedge, browserVersion: 91.0.864.64, javascriptEnabled: true, ms:edgeOptions: {debuggerAddress: localhost:63307}, msedge: {msedgedriverVersion: 91.0.864.64 (3bb5c9989b78b4..., userDataDir: C:\Users\SIDDHA~1\AppData\L...}, networkConnectionEnabled: false, pageLoadStrategy: normal, platform: WINDOWS, platformName: WINDOWS, proxy: Proxy(), setWindowRect: true, strictFileInteractability: false, timeouts: {implicit: 0, pageLoad: 300000, script: 30000}, unhandledPromptBehavior: dismiss and notify, webauthn:extension:largeBlob: true, webauthn:virtualAuthenticators: true}
Session ID: de381382b023ae9b51e5e82220ca6f38
*** Element info: {Using=xpath, value=//span[contains(text(),'Noida Sector 18, Noida, Uttar Pradesh, India')]}
	at tests.busHireLocalTest.all_bus_operators(busHireLocalTest.java:36)
</failure>
    <system-err><![CDATA[Starting MSEdgeDriver 91.0.864.64 (3bb5c9989b78b4fcfd356345ac1b4c0d626baefa) on port 22635
Only local connections are allowed.
Please see https://chromedriver.chromium.org/security-considerations for suggestions on keeping MSEdgeDriver safe.
MSEdgeDriver was started successfully.
Jul 05, 2021 3:05:17 PM org.openqa.selenium.remote.ProtocolHandshake createSession
INFO: Detected dialect: W3C
]]></system-err>
  </testcase>
  <testcase name="all_bus_operators" classname="tests.busHireOutstationTest" time="17.23">
    <failure message="no such element: Unable to locate element: {&quot;method&quot;:&quot;xpath&quot;,&quot;selector&quot;:&quot;//span[contains(text(),&apos;Noida Sector 18, Noida, Uttar Pradesh, India&apos;)]&quot;}&#10;  (Session info: MicrosoftEdge=91.0.864.64)&#10;For documentation on this error, please visit: https://www.seleniumhq.org/exceptions/no_such_element.html&#10;Build info: version: &apos;3.141.59&apos;, revision: &apos;e82be7d358&apos;, time: &apos;2018-11-14T08:17:03&apos;&#10;System info: host: &apos;SIDDHANTPANDA&apos;, ip: &apos;192.168.0.100&apos;, os.name: &apos;Windows 10&apos;, os.arch: &apos;amd64&apos;, os.version: &apos;10.0&apos;, java.version: &apos;1.8.0_221&apos;&#10;Driver info: org.openqa.selenium.edge.EdgeDriver&#10;Capabilities {acceptInsecureCerts: false, browserName: msedge, browserVersion: 91.0.864.64, javascriptEnabled: true, ms:edgeOptions: {debuggerAddress: localhost:53203}, msedge: {msedgedriverVersion: 91.0.864.64 (3bb5c9989b78b4..., userDataDir: C:\Users\SIDDHA~1\AppData\L...}, networkConnectionEnabled: false, pageLoadStrategy: normal, platform: WINDOWS, platformName: WINDOWS, proxy: Proxy(), setWindowRect: true, strictFileInteractability: false, timeouts: {implicit: 0, pageLoad: 300000, script: 30000}, unhandledPromptBehavior: dismiss and notify, webauthn:extension:largeBlob: true, webauthn:virtualAuthenticators: true}&#10;Session ID: 317940d1c907098d2bd1f52bd7c2f37f&#10;*** Element info: {Using=xpath, value=//span[contains(text(),&apos;Noida Sector 18, Noida, Uttar Pradesh, India&apos;)]}" type="org.openqa.selenium.NoSuchElementException">org.openqa.selenium.NoSuchElementException: 
no such element: Unable to locate element: {"method":"xpath","selector":"//span[contains(text(),'Noida Sector 18, Noida, Uttar Pradesh, India')]"}
  (Session info: MicrosoftEdge=91.0.864.64)
For documentation on this error, please visit: https://www.seleniumhq.org/exceptions/no_such_element.html
Build info: version: '3.141.59', revision: 'e82be7d358', time: '2018-11-14T08:17:03'
System info: host: 'SIDDHANTPANDA', ip: '192.168.0.100', os.name: 'Windows 10', os.arch: 'amd64', os.version: '10.0', java.version: '1.8.0_221'
Driver info: org.openqa.selenium.edge.EdgeDriver
Capabilities {acceptInsecureCerts: false, browserName: msedge, browserVersion: 91.0.864.64, javascriptEnabled: true, ms:edgeOptions: {debuggerAddress: localhost:53203}, msedge: {msedgedriverVersion: 91.0.864.64 (3bb5c9989b78b4..., userDataDir: C:\Users\SIDDHA~1\AppData\L...}, networkConnectionEnabled: false, pageLoadStrategy: normal, platform: WINDOWS, platformName: WINDOWS, proxy: Proxy(), setWindowRect: true, strictFileInteractability: false, timeouts: {implicit: 0, pageLoad: 300000, script: 30000}, unhandledPromptBehavior: dismiss and notify, webauthn:extension:largeBlob: true, webauthn:virtualAuthenticators: true}
Session ID: 317940d1c907098d2bd1f52bd7c2f37f
*** Element info: {Using=xpath, value=//span[contains(text(),'Noida Sector 18, Noida, Uttar Pradesh, India')]}
	at tests.busHireOutstationTest.all_bus_operators(busHireOutstationTest.java:35)
</failure>
    <system-out><![CDATA[\Reports\all_bus_operatorsTestFailed.png]]></system-out>
    <system-err><![CDATA[Starting MSEdgeDriver 91.0.864.64 (3bb5c9989b78b4fcfd356345ac1b4c0d626baefa) on port 10227
Only local connections are allowed.
Please see https://chromedriver.chromium.org/security-considerations for suggestions on keeping MSEdgeDriver safe.
MSEdgeDriver was started successfully.
Jul 05, 2021 3:06:01 PM org.openqa.selenium.remote.ProtocolHandshake createSession
INFO: Detected dialect: W3C
]]></system-err>
  </testcase>
  <testcase name="allBusOperators" classname="tests.busOperatorTest" time="47.793"/>
  <testcase name="openBrowser" classname="tests.careerTest" time="51.478">
    <failure message="unknown error: net::ERR_NAME_NOT_RESOLVED&#10;  (Session info: MicrosoftEdge=91.0.864.64)&#10;Build info: version: &apos;3.141.59&apos;, revision: &apos;e82be7d358&apos;, time: &apos;2018-11-14T08:17:03&apos;&#10;System info: host: &apos;SIDDHANTPANDA&apos;, ip: &apos;192.168.0.100&apos;, os.name: &apos;Windows 10&apos;, os.arch: &apos;amd64&apos;, os.version: &apos;10.0&apos;, java.version: &apos;1.8.0_221&apos;&#10;Driver info: org.openqa.selenium.edge.EdgeDriver&#10;Capabilities {acceptInsecureCerts: false, browserName: msedge, browserVersion: 91.0.864.64, javascriptEnabled: true, ms:edgeOptions: {debuggerAddress: localhost:58861}, msedge: {msedgedriverVersion: 91.0.864.64 (3bb5c9989b78b4..., userDataDir: C:\Users\SIDDHA~1\AppData\L...}, networkConnectionEnabled: false, pageLoadStrategy: normal, platform: WINDOWS, platformName: WINDOWS, proxy: Proxy(), setWindowRect: true, strictFileInteractability: false, timeouts: {implicit: 0, pageLoad: 300000, script: 30000}, unhandledPromptBehavior: dismiss and notify, webauthn:extension:largeBlob: true, webauthn:virtualAuthenticators: true}&#10;Session ID: d21f4a6e909a1fcbe034a16679ca4e8f" type="org.openqa.selenium.WebDriverException">org.openqa.selenium.WebDriverException: 
unknown error: net::ERR_NAME_NOT_RESOLVED
  (Session info: MicrosoftEdge=91.0.864.64)
Build info: version: '3.141.59', revision: 'e82be7d358', time: '2018-11-14T08:17:03'
System info: host: 'SIDDHANTPANDA', ip: '192.168.0.100', os.name: 'Windows 10', os.arch: 'amd64', os.version: '10.0', java.version: '1.8.0_221'
Driver info: org.openqa.selenium.edge.EdgeDriver
Capabilities {acceptInsecureCerts: false, browserName: msedge, browserVersion: 91.0.864.64, javascriptEnabled: true, ms:edgeOptions: {debuggerAddress: localhost:58861}, msedge: {msedgedriverVersion: 91.0.864.64 (3bb5c9989b78b4..., userDataDir: C:\Users\SIDDHA~1\AppData\L...}, networkConnectionEnabled: false, pageLoadStrategy: normal, platform: WINDOWS, platformName: WINDOWS, proxy: Proxy(), setWindowRect: true, strictFileInteractability: false, timeouts: {implicit: 0, pageLoad: 300000, script: 30000}, unhandledPromptBehavior: dismiss and notify, webauthn:extension:largeBlob: true, webauthn:virtualAuthenticators: true}
Session ID: d21f4a6e909a1fcbe034a16679ca4e8f
</failure>
    <system-err><![CDATA[Starting MSEdgeDriver 91.0.864.64 (3bb5c9989b78b4fcfd356345ac1b4c0d626baefa) on port 6497
Only local connections are allowed.
Please see https://chromedriver.chromium.org/security-considerations for suggestions on keeping MSEdgeDriver safe.
MSEdgeDriver was started successfully.
Jul 05, 2021 3:07:56 PM org.openqa.selenium.remote.ProtocolHandshake createSession
INFO: Detected dialect: W3C
]]></system-err>
  </testcase>
  <testcase name="careers" classname="tests.careerTest" time="0">
    <skipped message="unknown error: net::ERR_NAME_NOT_RESOLVED&#10;  (Session info: MicrosoftEdge=91.0.864.64)&#10;Build info: version: &apos;3.141.59&apos;, revision: &apos;e82be7d358&apos;, time: &apos;2018-11-14T08:17:03&apos;&#10;System info: host: &apos;SIDDHANTPANDA&apos;, ip: &apos;192.168.0.100&apos;, os.name: &apos;Windows 10&apos;, os.arch: &apos;amd64&apos;, os.version: &apos;10.0&apos;, java.version: &apos;1.8.0_221&apos;&#10;Driver info: org.openqa.selenium.edge.EdgeDriver&#10;Capabilities {acceptInsecureCerts: false, browserName: msedge, browserVersion: 91.0.864.64, javascriptEnabled: true, ms:edgeOptions: {debuggerAddress: localhost:58861}, msedge: {msedgedriverVersion: 91.0.864.64 (3bb5c9989b78b4..., userDataDir: C:\Users\SIDDHA~1\AppData\L...}, networkConnectionEnabled: false, pageLoadStrategy: normal, platform: WINDOWS, platformName: WINDOWS, proxy: Proxy(), setWindowRect: true, strictFileInteractability: false, timeouts: {implicit: 0, pageLoad: 300000, script: 30000}, unhandledPromptBehavior: dismiss and notify, webauthn:extension:largeBlob: true, webauthn:virtualAuthenticators: true}&#10;Session ID: d21f4a6e909a1fcbe034a16679ca4e8f"/>
  </testcase>
  <testcase name="attachScreenShot" classname="tests.careerTest" time="0">
    <skipped/>
  </testcase>
  <testcase name="closeBrowser" classname="tests.careerTest" time="0">
    <skipped/>
  </testcase>
  <testcase name="openBrowser" classname="tests.contactTest" time="54.009">
    <failure message="unknown error: net::ERR_NAME_NOT_RESOLVED&#10;  (Session info: MicrosoftEdge=91.0.864.64)&#10;Build info: version: &apos;3.141.59&apos;, revision: &apos;e82be7d358&apos;, time: &apos;2018-11-14T08:17:03&apos;&#10;System info: host: &apos;SIDDHANTPANDA&apos;, ip: &apos;192.168.0.100&apos;, os.name: &apos;Windows 10&apos;, os.arch: &apos;amd64&apos;, os.version: &apos;10.0&apos;, java.version: &apos;1.8.0_221&apos;&#10;Driver info: org.openqa.selenium.edge.EdgeDriver&#10;Capabilities {acceptInsecureCerts: false, browserName: msedge, browserVersion: 91.0.864.64, javascriptEnabled: true, ms:edgeOptions: {debuggerAddress: localhost:55643}, msedge: {msedgedriverVersion: 91.0.864.64 (3bb5c9989b78b4..., userDataDir: C:\Users\SIDDHA~1\AppData\L...}, networkConnectionEnabled: false, pageLoadStrategy: normal, platform: WINDOWS, platformName: WINDOWS, proxy: Proxy(), setWindowRect: true, strictFileInteractability: false, timeouts: {implicit: 0, pageLoad: 300000, script: 30000}, unhandledPromptBehavior: dismiss and notify, webauthn:extension:largeBlob: true, webauthn:virtualAuthenticators: true}&#10;Session ID: 89f72c8a620795efd3cdabcfd44723b5" type="org.openqa.selenium.WebDriverException">org.openqa.selenium.WebDriverException: 
unknown error: net::ERR_NAME_NOT_RESOLVED
  (Session info: MicrosoftEdge=91.0.864.64)
Build info: version: '3.141.59', revision: 'e82be7d358', time: '2018-11-14T08:17:03'
System info: host: 'SIDDHANTPANDA', ip: '192.168.0.100', os.name: 'Windows 10', os.arch: 'amd64', os.version: '10.0', java.version: '1.8.0_221'
Driver info: org.openqa.selenium.edge.EdgeDriver
Capabilities {acceptInsecureCerts: false, browserName: msedge, browserVersion: 91.0.864.64, javascriptEnabled: true, ms:edgeOptions: {debuggerAddress: localhost:55643}, msedge: {msedgedriverVersion: 91.0.864.64 (3bb5c9989b78b4..., userDataDir: C:\Users\SIDDHA~1\AppData\L...}, networkConnectionEnabled: false, pageLoadStrategy: normal, platform: WINDOWS, platformName: WINDOWS, proxy: Proxy(), setWindowRect: true, strictFileInteractability: false, timeouts: {implicit: 0, pageLoad: 300000, script: 30000}, unhandledPromptBehavior: dismiss and notify, webauthn:extension:largeBlob: true, webauthn:virtualAuthenticators: true}
Session ID: 89f72c8a620795efd3cdabcfd44723b5
</failure>
    <system-err><![CDATA[Starting MSEdgeDriver 91.0.864.64 (3bb5c9989b78b4fcfd356345ac1b4c0d626baefa) on port 30245
Only local connections are allowed.
Please see https://chromedriver.chromium.org/security-considerations for suggestions on keeping MSEdgeDriver safe.
MSEdgeDriver was started successfully.
Jul 05, 2021 3:07:59 PM org.openqa.selenium.remote.ProtocolHandshake createSession
INFO: Detected dialect: W3C
]]></system-err>
  </testcase>
  <testcase name="ContactRedBus" classname="tests.contactTest" time="0">
    <skipped message="unknown error: net::ERR_NAME_NOT_RESOLVED&#10;  (Session info: MicrosoftEdge=91.0.864.64)&#10;Build info: version: &apos;3.141.59&apos;, revision: &apos;e82be7d358&apos;, time: &apos;2018-11-14T08:17:03&apos;&#10;System info: host: &apos;SIDDHANTPANDA&apos;, ip: &apos;192.168.0.100&apos;, os.name: &apos;Windows 10&apos;, os.arch: &apos;amd64&apos;, os.version: &apos;10.0&apos;, java.version: &apos;1.8.0_221&apos;&#10;Driver info: org.openqa.selenium.edge.EdgeDriver&#10;Capabilities {acceptInsecureCerts: false, browserName: msedge, browserVersion: 91.0.864.64, javascriptEnabled: true, ms:edgeOptions: {debuggerAddress: localhost:55643}, msedge: {msedgedriverVersion: 91.0.864.64 (3bb5c9989b78b4..., userDataDir: C:\Users\SIDDHA~1\AppData\L...}, networkConnectionEnabled: false, pageLoadStrategy: normal, platform: WINDOWS, platformName: WINDOWS, proxy: Proxy(), setWindowRect: true, strictFileInteractability: false, timeouts: {implicit: 0, pageLoad: 300000, script: 30000}, unhandledPromptBehavior: dismiss and notify, webauthn:extension:largeBlob: true, webauthn:virtualAuthenticators: true}&#10;Session ID: 89f72c8a620795efd3cdabcfd44723b5"/>
  </testcase>
  <testcase name="attachScreenShot" classname="tests.contactTest" time="0">
    <skipped/>
  </testcase>
  <testcase name="closeBrowser" classname="tests.contactTest" time="0">
    <skipped/>
  </testcase>
  <testcase name="openBrowser" classname="tests.globalSitesBookingTest" time="56.645">
    <failure message="unknown error: net::ERR_NAME_NOT_RESOLVED&#10;  (Session info: MicrosoftEdge=91.0.864.64)&#10;Build info: version: &apos;3.141.59&apos;, revision: &apos;e82be7d358&apos;, time: &apos;2018-11-14T08:17:03&apos;&#10;System info: host: &apos;SIDDHANTPANDA&apos;, ip: &apos;192.168.0.100&apos;, os.name: &apos;Windows 10&apos;, os.arch: &apos;amd64&apos;, os.version: &apos;10.0&apos;, java.version: &apos;1.8.0_221&apos;&#10;Driver info: org.openqa.selenium.edge.EdgeDriver&#10;Capabilities {acceptInsecureCerts: false, browserName: msedge, browserVersion: 91.0.864.64, javascriptEnabled: true, ms:edgeOptions: {debuggerAddress: localhost:49994}, msedge: {msedgedriverVersion: 91.0.864.64 (3bb5c9989b78b4..., userDataDir: C:\Users\SIDDHA~1\AppData\L...}, networkConnectionEnabled: false, pageLoadStrategy: normal, platform: WINDOWS, platformName: WINDOWS, proxy: Proxy(), setWindowRect: true, strictFileInteractability: false, timeouts: {implicit: 0, pageLoad: 300000, script: 30000}, unhandledPromptBehavior: dismiss and notify, webauthn:extension:largeBlob: true, webauthn:virtualAuthenticators: true}&#10;Session ID: 5d50cf90f7a89fe693bfc29f91af6f2e" type="org.openqa.selenium.WebDriverException">org.openqa.selenium.WebDriverException: 
unknown error: net::ERR_NAME_NOT_RESOLVED
  (Session info: MicrosoftEdge=91.0.864.64)
Build info: version: '3.141.59', revision: 'e82be7d358', time: '2018-11-14T08:17:03'
System info: host: 'SIDDHANTPANDA', ip: '192.168.0.100', os.name: 'Windows 10', os.arch: 'amd64', os.version: '10.0', java.version: '1.8.0_221'
Driver info: org.openqa.selenium.edge.EdgeDriver
Capabilities {acceptInsecureCerts: false, browserName: msedge, browserVersion: 91.0.864.64, javascriptEnabled: true, ms:edgeOptions: {debuggerAddress: localhost:49994}, msedge: {msedgedriverVersion: 91.0.864.64 (3bb5c9989b78b4..., userDataDir: C:\Users\SIDDHA~1\AppData\L...}, networkConnectionEnabled: false, pageLoadStrategy: normal, platform: WINDOWS, platformName: WINDOWS, proxy: Proxy(), setWindowRect: true, strictFileInteractability: false, timeouts: {implicit: 0, pageLoad: 300000, script: 30000}, unhandledPromptBehavior: dismiss and notify, webauthn:extension:largeBlob: true, webauthn:virtualAuthenticators: true}
Session ID: 5d50cf90f7a89fe693bfc29f91af6f2e
</failure>
    <system-err><![CDATA[Starting MSEdgeDriver 91.0.864.64 (3bb5c9989b78b4fcfd356345ac1b4c0d626baefa) on port 27436
Only local connections are allowed.
Please see https://chromedriver.chromium.org/security-considerations for suggestions on keeping MSEdgeDriver safe.
MSEdgeDriver was started successfully.
Jul 05, 2021 3:08:01 PM org.openqa.selenium.remote.ProtocolHandshake createSession
INFO: Detected dialect: W3C
]]></system-err>
  </testcase>
  <testcase name="openBrowser" classname="tests.globalSitesBookingTest" time="0">
    <skipped/>
  </testcase>
  <testcase name="openBrowser" classname="tests.globalSitesBookingTest" time="0">
    <skipped/>
  </testcase>
  <testcase name="openBrowser" classname="tests.globalSitesBookingTest" time="0">
    <skipped/>
  </testcase>
  <testcase name="openBrowser" classname="tests.globalSitesBookingTest" time="0">
    <skipped/>
  </testcase>
  <testcase name="open_Malaysia_Booking" classname="tests.globalSitesBookingTest" time="0">
    <skipped message="unknown error: net::ERR_NAME_NOT_RESOLVED&#10;  (Session info: MicrosoftEdge=91.0.864.64)&#10;Build info: version: &apos;3.141.59&apos;, revision: &apos;e82be7d358&apos;, time: &apos;2018-11-14T08:17:03&apos;&#10;System info: host: &apos;SIDDHANTPANDA&apos;, ip: &apos;192.168.0.100&apos;, os.name: &apos;Windows 10&apos;, os.arch: &apos;amd64&apos;, os.version: &apos;10.0&apos;, java.version: &apos;1.8.0_221&apos;&#10;Driver info: org.openqa.selenium.edge.EdgeDriver&#10;Capabilities {acceptInsecureCerts: false, browserName: msedge, browserVersion: 91.0.864.64, javascriptEnabled: true, ms:edgeOptions: {debuggerAddress: localhost:49994}, msedge: {msedgedriverVersion: 91.0.864.64 (3bb5c9989b78b4..., userDataDir: C:\Users\SIDDHA~1\AppData\L...}, networkConnectionEnabled: false, pageLoadStrategy: normal, platform: WINDOWS, platformName: WINDOWS, proxy: Proxy(), setWindowRect: true, strictFileInteractability: false, timeouts: {implicit: 0, pageLoad: 300000, script: 30000}, unhandledPromptBehavior: dismiss and notify, webauthn:extension:largeBlob: true, webauthn:virtualAuthenticators: true}&#10;Session ID: 5d50cf90f7a89fe693bfc29f91af6f2e"/>
  </testcase>
  <testcase name="attachScreenShot" classname="tests.globalSitesBookingTest" time="0">
    <skipped/>
  </testcase>
  <testcase name="attachScreenShot" classname="tests.globalSitesBookingTest" time="0">
    <skipped/>
  </testcase>
  <testcase name="attachScreenShot" classname="tests.globalSitesBookingTest" time="0">
    <skipped/>
  </testcase>
  <testcase name="attachScreenShot" classname="tests.globalSitesBookingTest" time="0">
    <skipped/>
  </testcase>
  <testcase name="attachScreenShot" classname="tests.globalSitesBookingTest" time="0">
    <skipped/>
  </testcase>
  <testcase name="closeBrowser" classname="tests.globalSitesBookingTest" time="0">
    <skipped/>
  </testcase>
  <testcase name="closeBrowser" classname="tests.globalSitesBookingTest" time="0">
    <skipped/>
  </testcase>
  <testcase name="closeBrowser" classname="tests.globalSitesBookingTest" time="0">
    <skipped/>
  </testcase>
  <testcase name="closeBrowser" classname="tests.globalSitesBookingTest" time="0">
    <skipped/>
  </testcase>
  <testcase name="closeBrowser" classname="tests.globalSitesBookingTest" time="0">
    <skipped/>
  </testcase>
  <testcase name="intializeWebdriver" classname="tests.globalSitesBookingTest" time="0">
    <skipped/>
  </testcase>
  <testcase name="intializeWebdriver" classname="tests.globalSitesBookingTest" time="0">
    <skipped/>
  </testcase>
  <testcase name="intializeWebdriver" classname="tests.globalSitesBookingTest" time="0">
    <skipped/>
  </testcase>
  <testcase name="intializeWebdriver" classname="tests.globalSitesBookingTest" time="0">
    <skipped/>
  </testcase>
  <testcase name="open_colombia_Booking" classname="tests.globalSitesBookingTest" time="0">
    <skipped message="unknown error: net::ERR_NAME_NOT_RESOLVED&#10;  (Session info: MicrosoftEdge=91.0.864.64)&#10;Build info: version: &apos;3.141.59&apos;, revision: &apos;e82be7d358&apos;, time: &apos;2018-11-14T08:17:03&apos;&#10;System info: host: &apos;SIDDHANTPANDA&apos;, ip: &apos;192.168.0.100&apos;, os.name: &apos;Windows 10&apos;, os.arch: &apos;amd64&apos;, os.version: &apos;10.0&apos;, java.version: &apos;1.8.0_221&apos;&#10;Driver info: org.openqa.selenium.edge.EdgeDriver&#10;Capabilities {acceptInsecureCerts: false, browserName: msedge, browserVersion: 91.0.864.64, javascriptEnabled: true, ms:edgeOptions: {debuggerAddress: localhost:49994}, msedge: {msedgedriverVersion: 91.0.864.64 (3bb5c9989b78b4..., userDataDir: C:\Users\SIDDHA~1\AppData\L...}, networkConnectionEnabled: false, pageLoadStrategy: normal, platform: WINDOWS, platformName: WINDOWS, proxy: Proxy(), setWindowRect: true, strictFileInteractability: false, timeouts: {implicit: 0, pageLoad: 300000, script: 30000}, unhandledPromptBehavior: dismiss and notify, webauthn:extension:largeBlob: true, webauthn:virtualAuthenticators: true}&#10;Session ID: 5d50cf90f7a89fe693bfc29f91af6f2e"/>
  </testcase>
  <testcase name="open_indonesia_Booking" classname="tests.globalSitesBookingTest" time="0">
    <skipped message="unknown error: net::ERR_NAME_NOT_RESOLVED&#10;  (Session info: MicrosoftEdge=91.0.864.64)&#10;Build info: version: &apos;3.141.59&apos;, revision: &apos;e82be7d358&apos;, time: &apos;2018-11-14T08:17:03&apos;&#10;System info: host: &apos;SIDDHANTPANDA&apos;, ip: &apos;192.168.0.100&apos;, os.name: &apos;Windows 10&apos;, os.arch: &apos;amd64&apos;, os.version: &apos;10.0&apos;, java.version: &apos;1.8.0_221&apos;&#10;Driver info: org.openqa.selenium.edge.EdgeDriver&#10;Capabilities {acceptInsecureCerts: false, browserName: msedge, browserVersion: 91.0.864.64, javascriptEnabled: true, ms:edgeOptions: {debuggerAddress: localhost:49994}, msedge: {msedgedriverVersion: 91.0.864.64 (3bb5c9989b78b4..., userDataDir: C:\Users\SIDDHA~1\AppData\L...}, networkConnectionEnabled: false, pageLoadStrategy: normal, platform: WINDOWS, platformName: WINDOWS, proxy: Proxy(), setWindowRect: true, strictFileInteractability: false, timeouts: {implicit: 0, pageLoad: 300000, script: 30000}, unhandledPromptBehavior: dismiss and notify, webauthn:extension:largeBlob: true, webauthn:virtualAuthenticators: true}&#10;Session ID: 5d50cf90f7a89fe693bfc29f91af6f2e"/>
  </testcase>
  <testcase name="open_peru_Booking" classname="tests.globalSitesBookingTest" time="0">
    <skipped message="unknown error: net::ERR_NAME_NOT_RESOLVED&#10;  (Session info: MicrosoftEdge=91.0.864.64)&#10;Build info: version: &apos;3.141.59&apos;, revision: &apos;e82be7d358&apos;, time: &apos;2018-11-14T08:17:03&apos;&#10;System info: host: &apos;SIDDHANTPANDA&apos;, ip: &apos;192.168.0.100&apos;, os.name: &apos;Windows 10&apos;, os.arch: &apos;amd64&apos;, os.version: &apos;10.0&apos;, java.version: &apos;1.8.0_221&apos;&#10;Driver info: org.openqa.selenium.edge.EdgeDriver&#10;Capabilities {acceptInsecureCerts: false, browserName: msedge, browserVersion: 91.0.864.64, javascriptEnabled: true, ms:edgeOptions: {debuggerAddress: localhost:49994}, msedge: {msedgedriverVersion: 91.0.864.64 (3bb5c9989b78b4..., userDataDir: C:\Users\SIDDHA~1\AppData\L...}, networkConnectionEnabled: false, pageLoadStrategy: normal, platform: WINDOWS, platformName: WINDOWS, proxy: Proxy(), setWindowRect: true, strictFileInteractability: false, timeouts: {implicit: 0, pageLoad: 300000, script: 30000}, unhandledPromptBehavior: dismiss and notify, webauthn:extension:largeBlob: true, webauthn:virtualAuthenticators: true}&#10;Session ID: 5d50cf90f7a89fe693bfc29f91af6f2e"/>
  </testcase>
  <testcase name="open_singapore_Booking" classname="tests.globalSitesBookingTest" time="0">
    <skipped message="unknown error: net::ERR_NAME_NOT_RESOLVED&#10;  (Session info: MicrosoftEdge=91.0.864.64)&#10;Build info: version: &apos;3.141.59&apos;, revision: &apos;e82be7d358&apos;, time: &apos;2018-11-14T08:17:03&apos;&#10;System info: host: &apos;SIDDHANTPANDA&apos;, ip: &apos;192.168.0.100&apos;, os.name: &apos;Windows 10&apos;, os.arch: &apos;amd64&apos;, os.version: &apos;10.0&apos;, java.version: &apos;1.8.0_221&apos;&#10;Driver info: org.openqa.selenium.edge.EdgeDriver&#10;Capabilities {acceptInsecureCerts: false, browserName: msedge, browserVersion: 91.0.864.64, javascriptEnabled: true, ms:edgeOptions: {debuggerAddress: localhost:49994}, msedge: {msedgedriverVersion: 91.0.864.64 (3bb5c9989b78b4..., userDataDir: C:\Users\SIDDHA~1\AppData\L...}, networkConnectionEnabled: false, pageLoadStrategy: normal, platform: WINDOWS, platformName: WINDOWS, proxy: Proxy(), setWindowRect: true, strictFileInteractability: false, timeouts: {implicit: 0, pageLoad: 300000, script: 30000}, unhandledPromptBehavior: dismiss and notify, webauthn:extension:largeBlob: true, webauthn:virtualAuthenticators: true}&#10;Session ID: 5d50cf90f7a89fe693bfc29f91af6f2e"/>
  </testcase>
  <testcase name="openBrowser" classname="tests.helpTest" time="59.404">
    <failure message="unknown error: net::ERR_NAME_NOT_RESOLVED&#10;  (Session info: MicrosoftEdge=91.0.864.64)&#10;Build info: version: &apos;3.141.59&apos;, revision: &apos;e82be7d358&apos;, time: &apos;2018-11-14T08:17:03&apos;&#10;System info: host: &apos;SIDDHANTPANDA&apos;, ip: &apos;192.168.0.100&apos;, os.name: &apos;Windows 10&apos;, os.arch: &apos;amd64&apos;, os.version: &apos;10.0&apos;, java.version: &apos;1.8.0_221&apos;&#10;Driver info: org.openqa.selenium.edge.EdgeDriver&#10;Capabilities {acceptInsecureCerts: false, browserName: msedge, browserVersion: 91.0.864.64, javascriptEnabled: true, ms:edgeOptions: {debuggerAddress: localhost:64939}, msedge: {msedgedriverVersion: 91.0.864.64 (3bb5c9989b78b4..., userDataDir: C:\Users\SIDDHA~1\AppData\L...}, networkConnectionEnabled: false, pageLoadStrategy: normal, platform: WINDOWS, platformName: WINDOWS, proxy: Proxy(), setWindowRect: true, strictFileInteractability: false, timeouts: {implicit: 0, pageLoad: 300000, script: 30000}, unhandledPromptBehavior: dismiss and notify, webauthn:extension:largeBlob: true, webauthn:virtualAuthenticators: true}&#10;Session ID: 7bfc20b42e3c9d19d8d06a55f3e8311e" type="org.openqa.selenium.WebDriverException">org.openqa.selenium.WebDriverException: 
unknown error: net::ERR_NAME_NOT_RESOLVED
  (Session info: MicrosoftEdge=91.0.864.64)
Build info: version: '3.141.59', revision: 'e82be7d358', time: '2018-11-14T08:17:03'
System info: host: 'SIDDHANTPANDA', ip: '192.168.0.100', os.name: 'Windows 10', os.arch: 'amd64', os.version: '10.0', java.version: '1.8.0_221'
Driver info: org.openqa.selenium.edge.EdgeDriver
Capabilities {acceptInsecureCerts: false, browserName: msedge, browserVersion: 91.0.864.64, javascriptEnabled: true, ms:edgeOptions: {debuggerAddress: localhost:64939}, msedge: {msedgedriverVersion: 91.0.864.64 (3bb5c9989b78b4..., userDataDir: C:\Users\SIDDHA~1\AppData\L...}, networkConnectionEnabled: false, pageLoadStrategy: normal, platform: WINDOWS, platformName: WINDOWS, proxy: Proxy(), setWindowRect: true, strictFileInteractability: false, timeouts: {implicit: 0, pageLoad: 300000, script: 30000}, unhandledPromptBehavior: dismiss and notify, webauthn:extension:largeBlob: true, webauthn:virtualAuthenticators: true}
Session ID: 7bfc20b42e3c9d19d8d06a55f3e8311e
</failure>
    <system-err><![CDATA[Starting MSEdgeDriver 91.0.864.64 (3bb5c9989b78b4fcfd356345ac1b4c0d626baefa) on port 1428
Only local connections are allowed.
Please see https://chromedriver.chromium.org/security-considerations for suggestions on keeping MSEdgeDriver safe.
MSEdgeDriver was started successfully.
Jul 05, 2021 3:08:04 PM org.openqa.selenium.remote.ProtocolHandshake createSession
INFO: Detected dialect: W3C
]]></system-err>
  </testcase>
  <testcase name="careers" classname="tests.helpTest" time="0">
    <skipped message="unknown error: net::ERR_NAME_NOT_RESOLVED&#10;  (Session info: MicrosoftEdge=91.0.864.64)&#10;Build info: version: &apos;3.141.59&apos;, revision: &apos;e82be7d358&apos;, time: &apos;2018-11-14T08:17:03&apos;&#10;System info: host: &apos;SIDDHANTPANDA&apos;, ip: &apos;192.168.0.100&apos;, os.name: &apos;Windows 10&apos;, os.arch: &apos;amd64&apos;, os.version: &apos;10.0&apos;, java.version: &apos;1.8.0_221&apos;&#10;Driver info: org.openqa.selenium.edge.EdgeDriver&#10;Capabilities {acceptInsecureCerts: false, browserName: msedge, browserVersion: 91.0.864.64, javascriptEnabled: true, ms:edgeOptions: {debuggerAddress: localhost:64939}, msedge: {msedgedriverVersion: 91.0.864.64 (3bb5c9989b78b4..., userDataDir: C:\Users\SIDDHA~1\AppData\L...}, networkConnectionEnabled: false, pageLoadStrategy: normal, platform: WINDOWS, platformName: WINDOWS, proxy: Proxy(), setWindowRect: true, strictFileInteractability: false, timeouts: {implicit: 0, pageLoad: 300000, script: 30000}, unhandledPromptBehavior: dismiss and notify, webauthn:extension:largeBlob: true, webauthn:virtualAuthenticators: true}&#10;Session ID: 7bfc20b42e3c9d19d8d06a55f3e8311e"/>
  </testcase>
  <testcase name="attachScreenShot" classname="tests.helpTest" time="0">
    <skipped/>
  </testcase>
  <testcase name="closeBrowser" classname="tests.helpTest" time="0">
    <skipped/>
  </testcase>
  <testcase name="openBrowser" classname="tests.mobileAppLinkTest" time="66.722">
    <failure message="unknown error: net::ERR_NAME_NOT_RESOLVED&#10;  (Session info: MicrosoftEdge=91.0.864.64)&#10;Build info: version: &apos;3.141.59&apos;, revision: &apos;e82be7d358&apos;, time: &apos;2018-11-14T08:17:03&apos;&#10;System info: host: &apos;SIDDHANTPANDA&apos;, ip: &apos;192.168.0.100&apos;, os.name: &apos;Windows 10&apos;, os.arch: &apos;amd64&apos;, os.version: &apos;10.0&apos;, java.version: &apos;1.8.0_221&apos;&#10;Driver info: org.openqa.selenium.edge.EdgeDriver&#10;Capabilities {acceptInsecureCerts: false, browserName: msedge, browserVersion: 91.0.864.64, javascriptEnabled: true, ms:edgeOptions: {debuggerAddress: localhost:63243}, msedge: {msedgedriverVersion: 91.0.864.64 (3bb5c9989b78b4..., userDataDir: C:\Users\SIDDHA~1\AppData\L...}, networkConnectionEnabled: false, pageLoadStrategy: normal, platform: WINDOWS, platformName: WINDOWS, proxy: Proxy(), setWindowRect: true, strictFileInteractability: false, timeouts: {implicit: 0, pageLoad: 300000, script: 30000}, unhandledPromptBehavior: dismiss and notify, webauthn:extension:largeBlob: true, webauthn:virtualAuthenticators: true}&#10;Session ID: 1ca891721f2c382a7e3177aba278a132" type="org.openqa.selenium.WebDriverException">org.openqa.selenium.WebDriverException: 
unknown error: net::ERR_NAME_NOT_RESOLVED
  (Session info: MicrosoftEdge=91.0.864.64)
Build info: version: '3.141.59', revision: 'e82be7d358', time: '2018-11-14T08:17:03'
System info: host: 'SIDDHANTPANDA', ip: '192.168.0.100', os.name: 'Windows 10', os.arch: 'amd64', os.version: '10.0', java.version: '1.8.0_221'
Driver info: org.openqa.selenium.edge.EdgeDriver
Capabilities {acceptInsecureCerts: false, browserName: msedge, browserVersion: 91.0.864.64, javascriptEnabled: true, ms:edgeOptions: {debuggerAddress: localhost:63243}, msedge: {msedgedriverVersion: 91.0.864.64 (3bb5c9989b78b4..., userDataDir: C:\Users\SIDDHA~1\AppData\L...}, networkConnectionEnabled: false, pageLoadStrategy: normal, platform: WINDOWS, platformName: WINDOWS, proxy: Proxy(), setWindowRect: true, strictFileInteractability: false, timeouts: {implicit: 0, pageLoad: 300000, script: 30000}, unhandledPromptBehavior: dismiss and notify, webauthn:extension:largeBlob: true, webauthn:virtualAuthenticators: true}
Session ID: 1ca891721f2c382a7e3177aba278a132
</failure>
    <system-err><![CDATA[Starting MSEdgeDriver 91.0.864.64 (3bb5c9989b78b4fcfd356345ac1b4c0d626baefa) on port 28489
Only local connections are allowed.
Please see https://chromedriver.chromium.org/security-considerations for suggestions on keeping MSEdgeDriver safe.
MSEdgeDriver was started successfully.
Jul 05, 2021 3:08:09 PM org.openqa.selenium.remote.ProtocolHandshake createSession
INFO: Detected dialect: W3C
]]></system-err>
  </testcase>
  <testcase name="openBrowser" classname="tests.mobileAppLinkTest" time="0">
    <skipped/>
  </testcase>
  <testcase name="InvalidMobileAppLink" classname="tests.mobileAppLinkTest" time="0">
    <skipped message="unknown error: net::ERR_NAME_NOT_RESOLVED&#10;  (Session info: MicrosoftEdge=91.0.864.64)&#10;Build info: version: &apos;3.141.59&apos;, revision: &apos;e82be7d358&apos;, time: &apos;2018-11-14T08:17:03&apos;&#10;System info: host: &apos;SIDDHANTPANDA&apos;, ip: &apos;192.168.0.100&apos;, os.name: &apos;Windows 10&apos;, os.arch: &apos;amd64&apos;, os.version: &apos;10.0&apos;, java.version: &apos;1.8.0_221&apos;&#10;Driver info: org.openqa.selenium.edge.EdgeDriver&#10;Capabilities {acceptInsecureCerts: false, browserName: msedge, browserVersion: 91.0.864.64, javascriptEnabled: true, ms:edgeOptions: {debuggerAddress: localhost:63243}, msedge: {msedgedriverVersion: 91.0.864.64 (3bb5c9989b78b4..., userDataDir: C:\Users\SIDDHA~1\AppData\L...}, networkConnectionEnabled: false, pageLoadStrategy: normal, platform: WINDOWS, platformName: WINDOWS, proxy: Proxy(), setWindowRect: true, strictFileInteractability: false, timeouts: {implicit: 0, pageLoad: 300000, script: 30000}, unhandledPromptBehavior: dismiss and notify, webauthn:extension:largeBlob: true, webauthn:virtualAuthenticators: true}&#10;Session ID: 1ca891721f2c382a7e3177aba278a132"/>
  </testcase>
  <testcase name="attachScreenShot" classname="tests.mobileAppLinkTest" time="0">
    <skipped/>
  </testcase>
  <testcase name="attachScreenShot" classname="tests.mobileAppLinkTest" time="0">
    <skipped/>
  </testcase>
  <testcase name="closeBrowser" classname="tests.mobileAppLinkTest" time="0">
    <skipped/>
  </testcase>
  <testcase name="closeBrowser" classname="tests.mobileAppLinkTest" time="0">
    <skipped/>
  </testcase>
  <testcase name="intializeWebdriver" classname="tests.mobileAppLinkTest" time="0">
    <skipped/>
  </testcase>
  <testcase name="ValidMobileAppLink" classname="tests.mobileAppLinkTest" time="0">
    <skipped message="unknown error: net::ERR_NAME_NOT_RESOLVED&#10;  (Session info: MicrosoftEdge=91.0.864.64)&#10;Build info: version: &apos;3.141.59&apos;, revision: &apos;e82be7d358&apos;, time: &apos;2018-11-14T08:17:03&apos;&#10;System info: host: &apos;SIDDHANTPANDA&apos;, ip: &apos;192.168.0.100&apos;, os.name: &apos;Windows 10&apos;, os.arch: &apos;amd64&apos;, os.version: &apos;10.0&apos;, java.version: &apos;1.8.0_221&apos;&#10;Driver info: org.openqa.selenium.edge.EdgeDriver&#10;Capabilities {acceptInsecureCerts: false, browserName: msedge, browserVersion: 91.0.864.64, javascriptEnabled: true, ms:edgeOptions: {debuggerAddress: localhost:63243}, msedge: {msedgedriverVersion: 91.0.864.64 (3bb5c9989b78b4..., userDataDir: C:\Users\SIDDHA~1\AppData\L...}, networkConnectionEnabled: false, pageLoadStrategy: normal, platform: WINDOWS, platformName: WINDOWS, proxy: Proxy(), setWindowRect: true, strictFileInteractability: false, timeouts: {implicit: 0, pageLoad: 300000, script: 30000}, unhandledPromptBehavior: dismiss and notify, webauthn:extension:largeBlob: true, webauthn:virtualAuthenticators: true}&#10;Session ID: 1ca891721f2c382a7e3177aba278a132"/>
  </testcase>
  <testcase name="openBrowser" classname="tests.modifySearchBusTest" time="74.439">
    <failure message="unknown error: net::ERR_NAME_NOT_RESOLVED&#10;  (Session info: MicrosoftEdge=91.0.864.64)&#10;Build info: version: &apos;3.141.59&apos;, revision: &apos;e82be7d358&apos;, time: &apos;2018-11-14T08:17:03&apos;&#10;System info: host: &apos;SIDDHANTPANDA&apos;, ip: &apos;192.168.0.100&apos;, os.name: &apos;Windows 10&apos;, os.arch: &apos;amd64&apos;, os.version: &apos;10.0&apos;, java.version: &apos;1.8.0_221&apos;&#10;Driver info: org.openqa.selenium.edge.EdgeDriver&#10;Capabilities {acceptInsecureCerts: false, browserName: msedge, browserVersion: 91.0.864.64, javascriptEnabled: true, ms:edgeOptions: {debuggerAddress: localhost:56170}, msedge: {msedgedriverVersion: 91.0.864.64 (3bb5c9989b78b4..., userDataDir: C:\Users\SIDDHA~1\AppData\L...}, networkConnectionEnabled: false, pageLoadStrategy: normal, platform: WINDOWS, platformName: WINDOWS, proxy: Proxy(), setWindowRect: true, strictFileInteractability: false, timeouts: {implicit: 0, pageLoad: 300000, script: 30000}, unhandledPromptBehavior: dismiss and notify, webauthn:extension:largeBlob: true, webauthn:virtualAuthenticators: true}&#10;Session ID: 471252dbbe002044085901a45b4a621d" type="org.openqa.selenium.WebDriverException">org.openqa.selenium.WebDriverException: 
unknown error: net::ERR_NAME_NOT_RESOLVED
  (Session info: MicrosoftEdge=91.0.864.64)
Build info: version: '3.141.59', revision: 'e82be7d358', time: '2018-11-14T08:17:03'
System info: host: 'SIDDHANTPANDA', ip: '192.168.0.100', os.name: 'Windows 10', os.arch: 'amd64', os.version: '10.0', java.version: '1.8.0_221'
Driver info: org.openqa.selenium.edge.EdgeDriver
Capabilities {acceptInsecureCerts: false, browserName: msedge, browserVersion: 91.0.864.64, javascriptEnabled: true, ms:edgeOptions: {debuggerAddress: localhost:56170}, msedge: {msedgedriverVersion: 91.0.864.64 (3bb5c9989b78b4..., userDataDir: C:\Users\SIDDHA~1\AppData\L...}, networkConnectionEnabled: false, pageLoadStrategy: normal, platform: WINDOWS, platformName: WINDOWS, proxy: Proxy(), setWindowRect: true, strictFileInteractability: false, timeouts: {implicit: 0, pageLoad: 300000, script: 30000}, unhandledPromptBehavior: dismiss and notify, webauthn:extension:largeBlob: true, webauthn:virtualAuthenticators: true}
Session ID: 471252dbbe002044085901a45b4a621d
</failure>
    <system-err><![CDATA[Starting MSEdgeDriver 91.0.864.64 (3bb5c9989b78b4fcfd356345ac1b4c0d626baefa) on port 36069
Only local connections are allowed.
Please see https://chromedriver.chromium.org/security-considerations for suggestions on keeping MSEdgeDriver safe.
MSEdgeDriver was started successfully.
Jul 05, 2021 3:08:18 PM org.openqa.selenium.remote.ProtocolHandshake createSession
INFO: Detected dialect: W3C
]]></system-err>
  </testcase>
  <testcase name="careers" classname="tests.modifySearchBusTest" time="0">
    <skipped message="unknown error: net::ERR_NAME_NOT_RESOLVED&#10;  (Session info: MicrosoftEdge=91.0.864.64)&#10;Build info: version: &apos;3.141.59&apos;, revision: &apos;e82be7d358&apos;, time: &apos;2018-11-14T08:17:03&apos;&#10;System info: host: &apos;SIDDHANTPANDA&apos;, ip: &apos;192.168.0.100&apos;, os.name: &apos;Windows 10&apos;, os.arch: &apos;amd64&apos;, os.version: &apos;10.0&apos;, java.version: &apos;1.8.0_221&apos;&#10;Driver info: org.openqa.selenium.edge.EdgeDriver&#10;Capabilities {acceptInsecureCerts: false, browserName: msedge, browserVersion: 91.0.864.64, javascriptEnabled: true, ms:edgeOptions: {debuggerAddress: localhost:56170}, msedge: {msedgedriverVersion: 91.0.864.64 (3bb5c9989b78b4..., userDataDir: C:\Users\SIDDHA~1\AppData\L...}, networkConnectionEnabled: false, pageLoadStrategy: normal, platform: WINDOWS, platformName: WINDOWS, proxy: Proxy(), setWindowRect: true, strictFileInteractability: false, timeouts: {implicit: 0, pageLoad: 300000, script: 30000}, unhandledPromptBehavior: dismiss and notify, webauthn:extension:largeBlob: true, webauthn:virtualAuthenticators: true}&#10;Session ID: 471252dbbe002044085901a45b4a621d"/>
  </testcase>
  <testcase name="attachScreenShot" classname="tests.modifySearchBusTest" time="0">
    <skipped/>
  </testcase>
  <testcase name="closeBrowser" classname="tests.modifySearchBusTest" time="0">
    <skipped/>
  </testcase>
  <testcase name="openBrowser" classname="tests.offerTest" time="79.918">
    <failure message="unknown error: net::ERR_NAME_NOT_RESOLVED&#10;  (Session info: MicrosoftEdge=91.0.864.64)&#10;Build info: version: &apos;3.141.59&apos;, revision: &apos;e82be7d358&apos;, time: &apos;2018-11-14T08:17:03&apos;&#10;System info: host: &apos;SIDDHANTPANDA&apos;, ip: &apos;192.168.0.100&apos;, os.name: &apos;Windows 10&apos;, os.arch: &apos;amd64&apos;, os.version: &apos;10.0&apos;, java.version: &apos;1.8.0_221&apos;&#10;Driver info: org.openqa.selenium.edge.EdgeDriver&#10;Capabilities {acceptInsecureCerts: false, browserName: msedge, browserVersion: 91.0.864.64, javascriptEnabled: true, ms:edgeOptions: {debuggerAddress: localhost:53295}, msedge: {msedgedriverVersion: 91.0.864.64 (3bb5c9989b78b4..., userDataDir: C:\Users\SIDDHA~1\AppData\L...}, networkConnectionEnabled: false, pageLoadStrategy: normal, platform: WINDOWS, platformName: WINDOWS, proxy: Proxy(), setWindowRect: true, strictFileInteractability: false, timeouts: {implicit: 0, pageLoad: 300000, script: 30000}, unhandledPromptBehavior: dismiss and notify, webauthn:extension:largeBlob: true, webauthn:virtualAuthenticators: true}&#10;Session ID: 99a99ff7267ad886f3089c9c6c8a886e" type="org.openqa.selenium.WebDriverException">org.openqa.selenium.WebDriverException: 
unknown error: net::ERR_NAME_NOT_RESOLVED
  (Session info: MicrosoftEdge=91.0.864.64)
Build info: version: '3.141.59', revision: 'e82be7d358', time: '2018-11-14T08:17:03'
System info: host: 'SIDDHANTPANDA', ip: '192.168.0.100', os.name: 'Windows 10', os.arch: 'amd64', os.version: '10.0', java.version: '1.8.0_221'
Driver info: org.openqa.selenium.edge.EdgeDriver
Capabilities {acceptInsecureCerts: false, browserName: msedge, browserVersion: 91.0.864.64, javascriptEnabled: true, ms:edgeOptions: {debuggerAddress: localhost:53295}, msedge: {msedgedriverVersion: 91.0.864.64 (3bb5c9989b78b4..., userDataDir: C:\Users\SIDDHA~1\AppData\L...}, networkConnectionEnabled: false, pageLoadStrategy: normal, platform: WINDOWS, platformName: WINDOWS, proxy: Proxy(), setWindowRect: true, strictFileInteractability: false, timeouts: {implicit: 0, pageLoad: 300000, script: 30000}, unhandledPromptBehavior: dismiss and notify, webauthn:extension:largeBlob: true, webauthn:virtualAuthenticators: true}
Session ID: 99a99ff7267ad886f3089c9c6c8a886e
</failure>
    <system-err><![CDATA[Starting MSEdgeDriver 91.0.864.64 (3bb5c9989b78b4fcfd356345ac1b4c0d626baefa) on port 13661
Only local connections are allowed.
Please see https://chromedriver.chromium.org/security-considerations for suggestions on keeping MSEdgeDriver safe.
MSEdgeDriver was started successfully.
Jul 05, 2021 3:08:24 PM org.openqa.selenium.remote.ProtocolHandshake createSession
INFO: Detected dialect: W3C
]]></system-err>
  </testcase>
  <testcase name="offers" classname="tests.offerTest" time="0">
    <skipped message="unknown error: net::ERR_NAME_NOT_RESOLVED&#10;  (Session info: MicrosoftEdge=91.0.864.64)&#10;Build info: version: &apos;3.141.59&apos;, revision: &apos;e82be7d358&apos;, time: &apos;2018-11-14T08:17:03&apos;&#10;System info: host: &apos;SIDDHANTPANDA&apos;, ip: &apos;192.168.0.100&apos;, os.name: &apos;Windows 10&apos;, os.arch: &apos;amd64&apos;, os.version: &apos;10.0&apos;, java.version: &apos;1.8.0_221&apos;&#10;Driver info: org.openqa.selenium.edge.EdgeDriver&#10;Capabilities {acceptInsecureCerts: false, browserName: msedge, browserVersion: 91.0.864.64, javascriptEnabled: true, ms:edgeOptions: {debuggerAddress: localhost:53295}, msedge: {msedgedriverVersion: 91.0.864.64 (3bb5c9989b78b4..., userDataDir: C:\Users\SIDDHA~1\AppData\L...}, networkConnectionEnabled: false, pageLoadStrategy: normal, platform: WINDOWS, platformName: WINDOWS, proxy: Proxy(), setWindowRect: true, strictFileInteractability: false, timeouts: {implicit: 0, pageLoad: 300000, script: 30000}, unhandledPromptBehavior: dismiss and notify, webauthn:extension:largeBlob: true, webauthn:virtualAuthenticators: true}&#10;Session ID: 99a99ff7267ad886f3089c9c6c8a886e"/>
  </testcase>
  <testcase name="attachScreenShot" classname="tests.offerTest" time="0">
    <skipped/>
  </testcase>
  <testcase name="closeBrowser" classname="tests.offerTest" time="0">
    <skipped/>
  </testcase>
  <testcase name="openBrowser" classname="tests.partnerWebsiteTest" time="86.187">
    <failure message="unknown error: net::ERR_NAME_NOT_RESOLVED&#10;  (Session info: MicrosoftEdge=91.0.864.64)&#10;Build info: version: &apos;3.141.59&apos;, revision: &apos;e82be7d358&apos;, time: &apos;2018-11-14T08:17:03&apos;&#10;System info: host: &apos;SIDDHANTPANDA&apos;, ip: &apos;192.168.0.100&apos;, os.name: &apos;Windows 10&apos;, os.arch: &apos;amd64&apos;, os.version: &apos;10.0&apos;, java.version: &apos;1.8.0_221&apos;&#10;Driver info: org.openqa.selenium.edge.EdgeDriver&#10;Capabilities {acceptInsecureCerts: false, browserName: msedge, browserVersion: 91.0.864.64, javascriptEnabled: true, ms:edgeOptions: {debuggerAddress: localhost:63344}, msedge: {msedgedriverVersion: 91.0.864.64 (3bb5c9989b78b4..., userDataDir: C:\Users\SIDDHA~1\AppData\L...}, networkConnectionEnabled: false, pageLoadStrategy: normal, platform: WINDOWS, platformName: WINDOWS, proxy: Proxy(), setWindowRect: true, strictFileInteractability: false, timeouts: {implicit: 0, pageLoad: 300000, script: 30000}, unhandledPromptBehavior: dismiss and notify, webauthn:extension:largeBlob: true, webauthn:virtualAuthenticators: true}&#10;Session ID: 8c021b36b23ffd8d93129e15fc3e0f98" type="org.openqa.selenium.WebDriverException">org.openqa.selenium.WebDriverException: 
unknown error: net::ERR_NAME_NOT_RESOLVED
  (Session info: MicrosoftEdge=91.0.864.64)
Build info: version: '3.141.59', revision: 'e82be7d358', time: '2018-11-14T08:17:03'
System info: host: 'SIDDHANTPANDA', ip: '192.168.0.100', os.name: 'Windows 10', os.arch: 'amd64', os.version: '10.0', java.version: '1.8.0_221'
Driver info: org.openqa.selenium.edge.EdgeDriver
Capabilities {acceptInsecureCerts: false, browserName: msedge, browserVersion: 91.0.864.64, javascriptEnabled: true, ms:edgeOptions: {debuggerAddress: localhost:63344}, msedge: {msedgedriverVersion: 91.0.864.64 (3bb5c9989b78b4..., userDataDir: C:\Users\SIDDHA~1\AppData\L...}, networkConnectionEnabled: false, pageLoadStrategy: normal, platform: WINDOWS, platformName: WINDOWS, proxy: Proxy(), setWindowRect: true, strictFileInteractability: false, timeouts: {implicit: 0, pageLoad: 300000, script: 30000}, unhandledPromptBehavior: dismiss and notify, webauthn:extension:largeBlob: true, webauthn:virtualAuthenticators: true}
Session ID: 8c021b36b23ffd8d93129e15fc3e0f98
</failure>
    <system-err><![CDATA[Starting MSEdgeDriver 91.0.864.64 (3bb5c9989b78b4fcfd356345ac1b4c0d626baefa) on port 36329
Only local connections are allowed.
Please see https://chromedriver.chromium.org/security-considerations for suggestions on keeping MSEdgeDriver safe.
MSEdgeDriver was started successfully.
Jul 05, 2021 3:08:30 PM org.openqa.selenium.remote.ProtocolHandshake createSession
INFO: Detected dialect: W3C
]]></system-err>
  </testcase>
  <testcase name="openBrowser" classname="tests.partnerWebsiteTest" time="0">
    <skipped/>
  </testcase>
  <testcase name="partnerWebsitesmakemytrip" classname="tests.partnerWebsiteTest" time="0">
    <skipped message="unknown error: net::ERR_NAME_NOT_RESOLVED&#10;  (Session info: MicrosoftEdge=91.0.864.64)&#10;Build info: version: &apos;3.141.59&apos;, revision: &apos;e82be7d358&apos;, time: &apos;2018-11-14T08:17:03&apos;&#10;System info: host: &apos;SIDDHANTPANDA&apos;, ip: &apos;192.168.0.100&apos;, os.name: &apos;Windows 10&apos;, os.arch: &apos;amd64&apos;, os.version: &apos;10.0&apos;, java.version: &apos;1.8.0_221&apos;&#10;Driver info: org.openqa.selenium.edge.EdgeDriver&#10;Capabilities {acceptInsecureCerts: false, browserName: msedge, browserVersion: 91.0.864.64, javascriptEnabled: true, ms:edgeOptions: {debuggerAddress: localhost:63344}, msedge: {msedgedriverVersion: 91.0.864.64 (3bb5c9989b78b4..., userDataDir: C:\Users\SIDDHA~1\AppData\L...}, networkConnectionEnabled: false, pageLoadStrategy: normal, platform: WINDOWS, platformName: WINDOWS, proxy: Proxy(), setWindowRect: true, strictFileInteractability: false, timeouts: {implicit: 0, pageLoad: 300000, script: 30000}, unhandledPromptBehavior: dismiss and notify, webauthn:extension:largeBlob: true, webauthn:virtualAuthenticators: true}&#10;Session ID: 8c021b36b23ffd8d93129e15fc3e0f98"/>
  </testcase>
  <testcase name="attachScreenShot" classname="tests.partnerWebsiteTest" time="0">
    <skipped/>
  </testcase>
  <testcase name="attachScreenShot" classname="tests.partnerWebsiteTest" time="0">
    <skipped/>
  </testcase>
  <testcase name="closeBrowser" classname="tests.partnerWebsiteTest" time="0">
    <skipped/>
  </testcase>
  <testcase name="closeBrowser" classname="tests.partnerWebsiteTest" time="0">
    <skipped/>
  </testcase>
  <testcase name="intializeWebdriver" classname="tests.partnerWebsiteTest" time="0">
    <skipped/>
  </testcase>
  <testcase name="partnergoibibosite" classname="tests.partnerWebsiteTest" time="0">
    <skipped message="unknown error: net::ERR_NAME_NOT_RESOLVED&#10;  (Session info: MicrosoftEdge=91.0.864.64)&#10;Build info: version: &apos;3.141.59&apos;, revision: &apos;e82be7d358&apos;, time: &apos;2018-11-14T08:17:03&apos;&#10;System info: host: &apos;SIDDHANTPANDA&apos;, ip: &apos;192.168.0.100&apos;, os.name: &apos;Windows 10&apos;, os.arch: &apos;amd64&apos;, os.version: &apos;10.0&apos;, java.version: &apos;1.8.0_221&apos;&#10;Driver info: org.openqa.selenium.edge.EdgeDriver&#10;Capabilities {acceptInsecureCerts: false, browserName: msedge, browserVersion: 91.0.864.64, javascriptEnabled: true, ms:edgeOptions: {debuggerAddress: localhost:63344}, msedge: {msedgedriverVersion: 91.0.864.64 (3bb5c9989b78b4..., userDataDir: C:\Users\SIDDHA~1\AppData\L...}, networkConnectionEnabled: false, pageLoadStrategy: normal, platform: WINDOWS, platformName: WINDOWS, proxy: Proxy(), setWindowRect: true, strictFileInteractability: false, timeouts: {implicit: 0, pageLoad: 300000, script: 30000}, unhandledPromptBehavior: dismiss and notify, webauthn:extension:largeBlob: true, webauthn:virtualAuthenticators: true}&#10;Session ID: 8c021b36b23ffd8d93129e15fc3e0f98"/>
  </testcase>
  <testcase name="openBrowser" classname="tests.rpoolTest" time="91.712">
    <failure message="unknown error: net::ERR_NAME_NOT_RESOLVED&#10;  (Session info: MicrosoftEdge=91.0.864.64)&#10;Build info: version: &apos;3.141.59&apos;, revision: &apos;e82be7d358&apos;, time: &apos;2018-11-14T08:17:03&apos;&#10;System info: host: &apos;SIDDHANTPANDA&apos;, ip: &apos;192.168.0.100&apos;, os.name: &apos;Windows 10&apos;, os.arch: &apos;amd64&apos;, os.version: &apos;10.0&apos;, java.version: &apos;1.8.0_221&apos;&#10;Driver info: org.openqa.selenium.edge.EdgeDriver&#10;Capabilities {acceptInsecureCerts: false, browserName: msedge, browserVersion: 91.0.864.64, javascriptEnabled: true, ms:edgeOptions: {debuggerAddress: localhost:49624}, msedge: {msedgedriverVersion: 91.0.864.64 (3bb5c9989b78b4..., userDataDir: C:\Users\SIDDHA~1\AppData\L...}, networkConnectionEnabled: false, pageLoadStrategy: normal, platform: WINDOWS, platformName: WINDOWS, proxy: Proxy(), setWindowRect: true, strictFileInteractability: false, timeouts: {implicit: 0, pageLoad: 300000, script: 30000}, unhandledPromptBehavior: dismiss and notify, webauthn:extension:largeBlob: true, webauthn:virtualAuthenticators: true}&#10;Session ID: 7cf99b2e3758a0817995cde97aa17f7f" type="org.openqa.selenium.WebDriverException">org.openqa.selenium.WebDriverException: 
unknown error: net::ERR_NAME_NOT_RESOLVED
  (Session info: MicrosoftEdge=91.0.864.64)
Build info: version: '3.141.59', revision: 'e82be7d358', time: '2018-11-14T08:17:03'
System info: host: 'SIDDHANTPANDA', ip: '192.168.0.100', os.name: 'Windows 10', os.arch: 'amd64', os.version: '10.0', java.version: '1.8.0_221'
Driver info: org.openqa.selenium.edge.EdgeDriver
Capabilities {acceptInsecureCerts: false, browserName: msedge, browserVersion: 91.0.864.64, javascriptEnabled: true, ms:edgeOptions: {debuggerAddress: localhost:49624}, msedge: {msedgedriverVersion: 91.0.864.64 (3bb5c9989b78b4..., userDataDir: C:\Users\SIDDHA~1\AppData\L...}, networkConnectionEnabled: false, pageLoadStrategy: normal, platform: WINDOWS, platformName: WINDOWS, proxy: Proxy(), setWindowRect: true, strictFileInteractability: false, timeouts: {implicit: 0, pageLoad: 300000, script: 30000}, unhandledPromptBehavior: dismiss and notify, webauthn:extension:largeBlob: true, webauthn:virtualAuthenticators: true}
Session ID: 7cf99b2e3758a0817995cde97aa17f7f
</failure>
    <system-err><![CDATA[Starting MSEdgeDriver 91.0.864.64 (3bb5c9989b78b4fcfd356345ac1b4c0d626baefa) on port 3685
Only local connections are allowed.
Please see https://chromedriver.chromium.org/security-considerations for suggestions on keeping MSEdgeDriver safe.
MSEdgeDriver was started successfully.
Jul 05, 2021 3:08:36 PM org.openqa.selenium.remote.ProtocolHandshake createSession
INFO: Detected dialect: W3C
]]></system-err>
  </testcase>
  <testcase name="openBrowser" classname="tests.rpoolTest" time="0">
    <skipped/>
  </testcase>
  <testcase name="rpoolandriod" classname="tests.rpoolTest" time="0">
    <skipped message="unknown error: net::ERR_NAME_NOT_RESOLVED&#10;  (Session info: MicrosoftEdge=91.0.864.64)&#10;Build info: version: &apos;3.141.59&apos;, revision: &apos;e82be7d358&apos;, time: &apos;2018-11-14T08:17:03&apos;&#10;System info: host: &apos;SIDDHANTPANDA&apos;, ip: &apos;192.168.0.100&apos;, os.name: &apos;Windows 10&apos;, os.arch: &apos;amd64&apos;, os.version: &apos;10.0&apos;, java.version: &apos;1.8.0_221&apos;&#10;Driver info: org.openqa.selenium.edge.EdgeDriver&#10;Capabilities {acceptInsecureCerts: false, browserName: msedge, browserVersion: 91.0.864.64, javascriptEnabled: true, ms:edgeOptions: {debuggerAddress: localhost:49624}, msedge: {msedgedriverVersion: 91.0.864.64 (3bb5c9989b78b4..., userDataDir: C:\Users\SIDDHA~1\AppData\L...}, networkConnectionEnabled: false, pageLoadStrategy: normal, platform: WINDOWS, platformName: WINDOWS, proxy: Proxy(), setWindowRect: true, strictFileInteractability: false, timeouts: {implicit: 0, pageLoad: 300000, script: 30000}, unhandledPromptBehavior: dismiss and notify, webauthn:extension:largeBlob: true, webauthn:virtualAuthenticators: true}&#10;Session ID: 7cf99b2e3758a0817995cde97aa17f7f"/>
  </testcase>
  <testcase name="attachScreenShot" classname="tests.rpoolTest" time="0">
    <skipped/>
  </testcase>
  <testcase name="attachScreenShot" classname="tests.rpoolTest" time="0">
    <skipped/>
  </testcase>
  <testcase name="closeBrowser" classname="tests.rpoolTest" time="0">
    <skipped/>
  </testcase>
  <testcase name="closeBrowser" classname="tests.rpoolTest" time="0">
    <skipped/>
  </testcase>
  <testcase name="intializeWebdriver" classname="tests.rpoolTest" time="0">
    <skipped/>
  </testcase>
  <testcase name="rpoolios" classname="tests.rpoolTest" time="0">
    <skipped message="unknown error: net::ERR_NAME_NOT_RESOLVED&#10;  (Session info: MicrosoftEdge=91.0.864.64)&#10;Build info: version: &apos;3.141.59&apos;, revision: &apos;e82be7d358&apos;, time: &apos;2018-11-14T08:17:03&apos;&#10;System info: host: &apos;SIDDHANTPANDA&apos;, ip: &apos;192.168.0.100&apos;, os.name: &apos;Windows 10&apos;, os.arch: &apos;amd64&apos;, os.version: &apos;10.0&apos;, java.version: &apos;1.8.0_221&apos;&#10;Driver info: org.openqa.selenium.edge.EdgeDriver&#10;Capabilities {acceptInsecureCerts: false, browserName: msedge, browserVersion: 91.0.864.64, javascriptEnabled: true, ms:edgeOptions: {debuggerAddress: localhost:49624}, msedge: {msedgedriverVersion: 91.0.864.64 (3bb5c9989b78b4..., userDataDir: C:\Users\SIDDHA~1\AppData\L...}, networkConnectionEnabled: false, pageLoadStrategy: normal, platform: WINDOWS, platformName: WINDOWS, proxy: Proxy(), setWindowRect: true, strictFileInteractability: false, timeouts: {implicit: 0, pageLoad: 300000, script: 30000}, unhandledPromptBehavior: dismiss and notify, webauthn:extension:largeBlob: true, webauthn:virtualAuthenticators: true}&#10;Session ID: 7cf99b2e3758a0817995cde97aa17f7f"/>
  </testcase>
  <testcase name="openBrowser" classname="tests.sectionInfoTest" time="97.38">
    <failure message="unknown error: net::ERR_NAME_NOT_RESOLVED&#10;  (Session info: MicrosoftEdge=91.0.864.64)&#10;Build info: version: &apos;3.141.59&apos;, revision: &apos;e82be7d358&apos;, time: &apos;2018-11-14T08:17:03&apos;&#10;System info: host: &apos;SIDDHANTPANDA&apos;, ip: &apos;192.168.0.100&apos;, os.name: &apos;Windows 10&apos;, os.arch: &apos;amd64&apos;, os.version: &apos;10.0&apos;, java.version: &apos;1.8.0_221&apos;&#10;Driver info: org.openqa.selenium.edge.EdgeDriver&#10;Capabilities {acceptInsecureCerts: false, browserName: msedge, browserVersion: 91.0.864.64, javascriptEnabled: true, ms:edgeOptions: {debuggerAddress: localhost:57178}, msedge: {msedgedriverVersion: 91.0.864.64 (3bb5c9989b78b4..., userDataDir: C:\Users\SIDDHA~1\AppData\L...}, networkConnectionEnabled: false, pageLoadStrategy: normal, platform: WINDOWS, platformName: WINDOWS, proxy: Proxy(), setWindowRect: true, strictFileInteractability: false, timeouts: {implicit: 0, pageLoad: 300000, script: 30000}, unhandledPromptBehavior: dismiss and notify, webauthn:extension:largeBlob: true, webauthn:virtualAuthenticators: true}&#10;Session ID: 4939e9b46cc39967070a625d42d0716b" type="org.openqa.selenium.WebDriverException">org.openqa.selenium.WebDriverException: 
unknown error: net::ERR_NAME_NOT_RESOLVED
  (Session info: MicrosoftEdge=91.0.864.64)
Build info: version: '3.141.59', revision: 'e82be7d358', time: '2018-11-14T08:17:03'
System info: host: 'SIDDHANTPANDA', ip: '192.168.0.100', os.name: 'Windows 10', os.arch: 'amd64', os.version: '10.0', java.version: '1.8.0_221'
Driver info: org.openqa.selenium.edge.EdgeDriver
Capabilities {acceptInsecureCerts: false, browserName: msedge, browserVersion: 91.0.864.64, javascriptEnabled: true, ms:edgeOptions: {debuggerAddress: localhost:57178}, msedge: {msedgedriverVersion: 91.0.864.64 (3bb5c9989b78b4..., userDataDir: C:\Users\SIDDHA~1\AppData\L...}, networkConnectionEnabled: false, pageLoadStrategy: normal, platform: WINDOWS, platformName: WINDOWS, proxy: Proxy(), setWindowRect: true, strictFileInteractability: false, timeouts: {implicit: 0, pageLoad: 300000, script: 30000}, unhandledPromptBehavior: dismiss and notify, webauthn:extension:largeBlob: true, webauthn:virtualAuthenticators: true}
Session ID: 4939e9b46cc39967070a625d42d0716b
</failure>
    <system-err><![CDATA[Starting MSEdgeDriver 91.0.864.64 (3bb5c9989b78b4fcfd356345ac1b4c0d626baefa) on port 7824
Only local connections are allowed.
Please see https://chromedriver.chromium.org/security-considerations for suggestions on keeping MSEdgeDriver safe.
MSEdgeDriver was started successfully.
Jul 05, 2021 3:08:41 PM org.openqa.selenium.remote.ProtocolHandshake createSession
INFO: Detected dialect: W3C
]]></system-err>
  </testcase>
  <testcase name="openBrowser" classname="tests.sectionInfoTest" time="0">
    <skipped/>
  </testcase>
  <testcase name="openBrowser" classname="tests.sectionInfoTest" time="0">
    <skipped/>
  </testcase>
  <testcase name="openBrowser" classname="tests.sectionInfoTest" time="0">
    <skipped/>
  </testcase>
  <testcase name="openBrowser" classname="tests.sectionInfoTest" time="0">
    <skipped/>
  </testcase>
  <testcase name="openBrowser" classname="tests.sectionInfoTest" time="0">
    <skipped/>
  </testcase>
  <testcase name="openBrowser" classname="tests.sectionInfoTest" time="0">
    <skipped/>
  </testcase>
  <testcase name="agentRegistration" classname="tests.sectionInfoTest" time="0">
    <skipped message="unknown error: net::ERR_NAME_NOT_RESOLVED&#10;  (Session info: MicrosoftEdge=91.0.864.64)&#10;Build info: version: &apos;3.141.59&apos;, revision: &apos;e82be7d358&apos;, time: &apos;2018-11-14T08:17:03&apos;&#10;System info: host: &apos;SIDDHANTPANDA&apos;, ip: &apos;192.168.0.100&apos;, os.name: &apos;Windows 10&apos;, os.arch: &apos;amd64&apos;, os.version: &apos;10.0&apos;, java.version: &apos;1.8.0_221&apos;&#10;Driver info: org.openqa.selenium.edge.EdgeDriver&#10;Capabilities {acceptInsecureCerts: false, browserName: msedge, browserVersion: 91.0.864.64, javascriptEnabled: true, ms:edgeOptions: {debuggerAddress: localhost:57178}, msedge: {msedgedriverVersion: 91.0.864.64 (3bb5c9989b78b4..., userDataDir: C:\Users\SIDDHA~1\AppData\L...}, networkConnectionEnabled: false, pageLoadStrategy: normal, platform: WINDOWS, platformName: WINDOWS, proxy: Proxy(), setWindowRect: true, strictFileInteractability: false, timeouts: {implicit: 0, pageLoad: 300000, script: 30000}, unhandledPromptBehavior: dismiss and notify, webauthn:extension:largeBlob: true, webauthn:virtualAuthenticators: true}&#10;Session ID: 4939e9b46cc39967070a625d42d0716b"/>
  </testcase>
  <testcase name="attachScreenShot" classname="tests.sectionInfoTest" time="0">
    <skipped/>
  </testcase>
  <testcase name="attachScreenShot" classname="tests.sectionInfoTest" time="0">
    <skipped/>
  </testcase>
  <testcase name="attachScreenShot" classname="tests.sectionInfoTest" time="0">
    <skipped/>
  </testcase>
  <testcase name="attachScreenShot" classname="tests.sectionInfoTest" time="0">
    <skipped/>
  </testcase>
  <testcase name="attachScreenShot" classname="tests.sectionInfoTest" time="0">
    <skipped/>
  </testcase>
  <testcase name="attachScreenShot" classname="tests.sectionInfoTest" time="0">
    <skipped/>
  </testcase>
  <testcase name="attachScreenShot" classname="tests.sectionInfoTest" time="0">
    <skipped/>
  </testcase>
  <testcase name="closeBrowser" classname="tests.sectionInfoTest" time="0">
    <skipped/>
  </testcase>
  <testcase name="closeBrowser" classname="tests.sectionInfoTest" time="0">
    <skipped/>
  </testcase>
  <testcase name="closeBrowser" classname="tests.sectionInfoTest" time="0">
    <skipped/>
  </testcase>
  <testcase name="closeBrowser" classname="tests.sectionInfoTest" time="0">
    <skipped/>
  </testcase>
  <testcase name="closeBrowser" classname="tests.sectionInfoTest" time="0">
    <skipped/>
  </testcase>
  <testcase name="closeBrowser" classname="tests.sectionInfoTest" time="0">
    <skipped/>
  </testcase>
  <testcase name="closeBrowser" classname="tests.sectionInfoTest" time="0">
    <skipped/>
  </testcase>
  <testcase name="intializeWebdriver" classname="tests.sectionInfoTest" time="0">
    <skipped/>
  </testcase>
  <testcase name="intializeWebdriver" classname="tests.sectionInfoTest" time="0">
    <skipped/>
  </testcase>
  <testcase name="intializeWebdriver" classname="tests.sectionInfoTest" time="0">
    <skipped/>
  </testcase>
  <testcase name="intializeWebdriver" classname="tests.sectionInfoTest" time="0">
    <skipped/>
  </testcase>
  <testcase name="intializeWebdriver" classname="tests.sectionInfoTest" time="0">
    <skipped/>
  </testcase>
  <testcase name="intializeWebdriver" classname="tests.sectionInfoTest" time="0">
    <skipped/>
  </testcase>
  <testcase name="blogSection" classname="tests.sectionInfoTest" time="0">
    <skipped message="unknown error: net::ERR_NAME_NOT_RESOLVED&#10;  (Session info: MicrosoftEdge=91.0.864.64)&#10;Build info: version: &apos;3.141.59&apos;, revision: &apos;e82be7d358&apos;, time: &apos;2018-11-14T08:17:03&apos;&#10;System info: host: &apos;SIDDHANTPANDA&apos;, ip: &apos;192.168.0.100&apos;, os.name: &apos;Windows 10&apos;, os.arch: &apos;amd64&apos;, os.version: &apos;10.0&apos;, java.version: &apos;1.8.0_221&apos;&#10;Driver info: org.openqa.selenium.edge.EdgeDriver&#10;Capabilities {acceptInsecureCerts: false, browserName: msedge, browserVersion: 91.0.864.64, javascriptEnabled: true, ms:edgeOptions: {debuggerAddress: localhost:57178}, msedge: {msedgedriverVersion: 91.0.864.64 (3bb5c9989b78b4..., userDataDir: C:\Users\SIDDHA~1\AppData\L...}, networkConnectionEnabled: false, pageLoadStrategy: normal, platform: WINDOWS, platformName: WINDOWS, proxy: Proxy(), setWindowRect: true, strictFileInteractability: false, timeouts: {implicit: 0, pageLoad: 300000, script: 30000}, unhandledPromptBehavior: dismiss and notify, webauthn:extension:largeBlob: true, webauthn:virtualAuthenticators: true}&#10;Session ID: 4939e9b46cc39967070a625d42d0716b"/>
  </testcase>
  <testcase name="faqsection" classname="tests.sectionInfoTest" time="0">
    <skipped message="unknown error: net::ERR_NAME_NOT_RESOLVED&#10;  (Session info: MicrosoftEdge=91.0.864.64)&#10;Build info: version: &apos;3.141.59&apos;, revision: &apos;e82be7d358&apos;, time: &apos;2018-11-14T08:17:03&apos;&#10;System info: host: &apos;SIDDHANTPANDA&apos;, ip: &apos;192.168.0.100&apos;, os.name: &apos;Windows 10&apos;, os.arch: &apos;amd64&apos;, os.version: &apos;10.0&apos;, java.version: &apos;1.8.0_221&apos;&#10;Driver info: org.openqa.selenium.edge.EdgeDriver&#10;Capabilities {acceptInsecureCerts: false, browserName: msedge, browserVersion: 91.0.864.64, javascriptEnabled: true, ms:edgeOptions: {debuggerAddress: localhost:57178}, msedge: {msedgedriverVersion: 91.0.864.64 (3bb5c9989b78b4..., userDataDir: C:\Users\SIDDHA~1\AppData\L...}, networkConnectionEnabled: false, pageLoadStrategy: normal, platform: WINDOWS, platformName: WINDOWS, proxy: Proxy(), setWindowRect: true, strictFileInteractability: false, timeouts: {implicit: 0, pageLoad: 300000, script: 30000}, unhandledPromptBehavior: dismiss and notify, webauthn:extension:largeBlob: true, webauthn:virtualAuthenticators: true}&#10;Session ID: 4939e9b46cc39967070a625d42d0716b"/>
  </testcase>
  <testcase name="insuranceSection" classname="tests.sectionInfoTest" time="0">
    <skipped message="unknown error: net::ERR_NAME_NOT_RESOLVED&#10;  (Session info: MicrosoftEdge=91.0.864.64)&#10;Build info: version: &apos;3.141.59&apos;, revision: &apos;e82be7d358&apos;, time: &apos;2018-11-14T08:17:03&apos;&#10;System info: host: &apos;SIDDHANTPANDA&apos;, ip: &apos;192.168.0.100&apos;, os.name: &apos;Windows 10&apos;, os.arch: &apos;amd64&apos;, os.version: &apos;10.0&apos;, java.version: &apos;1.8.0_221&apos;&#10;Driver info: org.openqa.selenium.edge.EdgeDriver&#10;Capabilities {acceptInsecureCerts: false, browserName: msedge, browserVersion: 91.0.864.64, javascriptEnabled: true, ms:edgeOptions: {debuggerAddress: localhost:57178}, msedge: {msedgedriverVersion: 91.0.864.64 (3bb5c9989b78b4..., userDataDir: C:\Users\SIDDHA~1\AppData\L...}, networkConnectionEnabled: false, pageLoadStrategy: normal, platform: WINDOWS, platformName: WINDOWS, proxy: Proxy(), setWindowRect: true, strictFileInteractability: false, timeouts: {implicit: 0, pageLoad: 300000, script: 30000}, unhandledPromptBehavior: dismiss and notify, webauthn:extension:largeBlob: true, webauthn:virtualAuthenticators: true}&#10;Session ID: 4939e9b46cc39967070a625d42d0716b"/>
  </testcase>
  <testcase name="privacyPolicysection" classname="tests.sectionInfoTest" time="0">
    <skipped message="unknown error: net::ERR_NAME_NOT_RESOLVED&#10;  (Session info: MicrosoftEdge=91.0.864.64)&#10;Build info: version: &apos;3.141.59&apos;, revision: &apos;e82be7d358&apos;, time: &apos;2018-11-14T08:17:03&apos;&#10;System info: host: &apos;SIDDHANTPANDA&apos;, ip: &apos;192.168.0.100&apos;, os.name: &apos;Windows 10&apos;, os.arch: &apos;amd64&apos;, os.version: &apos;10.0&apos;, java.version: &apos;1.8.0_221&apos;&#10;Driver info: org.openqa.selenium.edge.EdgeDriver&#10;Capabilities {acceptInsecureCerts: false, browserName: msedge, browserVersion: 91.0.864.64, javascriptEnabled: true, ms:edgeOptions: {debuggerAddress: localhost:57178}, msedge: {msedgedriverVersion: 91.0.864.64 (3bb5c9989b78b4..., userDataDir: C:\Users\SIDDHA~1\AppData\L...}, networkConnectionEnabled: false, pageLoadStrategy: normal, platform: WINDOWS, platformName: WINDOWS, proxy: Proxy(), setWindowRect: true, strictFileInteractability: false, timeouts: {implicit: 0, pageLoad: 300000, script: 30000}, unhandledPromptBehavior: dismiss and notify, webauthn:extension:largeBlob: true, webauthn:virtualAuthenticators: true}&#10;Session ID: 4939e9b46cc39967070a625d42d0716b"/>
  </testcase>
  <testcase name="termAndCondition" classname="tests.sectionInfoTest" time="0">
    <skipped message="unknown error: net::ERR_NAME_NOT_RESOLVED&#10;  (Session info: MicrosoftEdge=91.0.864.64)&#10;Build info: version: &apos;3.141.59&apos;, revision: &apos;e82be7d358&apos;, time: &apos;2018-11-14T08:17:03&apos;&#10;System info: host: &apos;SIDDHANTPANDA&apos;, ip: &apos;192.168.0.100&apos;, os.name: &apos;Windows 10&apos;, os.arch: &apos;amd64&apos;, os.version: &apos;10.0&apos;, java.version: &apos;1.8.0_221&apos;&#10;Driver info: org.openqa.selenium.edge.EdgeDriver&#10;Capabilities {acceptInsecureCerts: false, browserName: msedge, browserVersion: 91.0.864.64, javascriptEnabled: true, ms:edgeOptions: {debuggerAddress: localhost:57178}, msedge: {msedgedriverVersion: 91.0.864.64 (3bb5c9989b78b4..., userDataDir: C:\Users\SIDDHA~1\AppData\L...}, networkConnectionEnabled: false, pageLoadStrategy: normal, platform: WINDOWS, platformName: WINDOWS, proxy: Proxy(), setWindowRect: true, strictFileInteractability: false, timeouts: {implicit: 0, pageLoad: 300000, script: 30000}, unhandledPromptBehavior: dismiss and notify, webauthn:extension:largeBlob: true, webauthn:virtualAuthenticators: true}&#10;Session ID: 4939e9b46cc39967070a625d42d0716b"/>
  </testcase>
  <testcase name="userAgreementSection" classname="tests.sectionInfoTest" time="0">
    <skipped message="unknown error: net::ERR_NAME_NOT_RESOLVED&#10;  (Session info: MicrosoftEdge=91.0.864.64)&#10;Build info: version: &apos;3.141.59&apos;, revision: &apos;e82be7d358&apos;, time: &apos;2018-11-14T08:17:03&apos;&#10;System info: host: &apos;SIDDHANTPANDA&apos;, ip: &apos;192.168.0.100&apos;, os.name: &apos;Windows 10&apos;, os.arch: &apos;amd64&apos;, os.version: &apos;10.0&apos;, java.version: &apos;1.8.0_221&apos;&#10;Driver info: org.openqa.selenium.edge.EdgeDriver&#10;Capabilities {acceptInsecureCerts: false, browserName: msedge, browserVersion: 91.0.864.64, javascriptEnabled: true, ms:edgeOptions: {debuggerAddress: localhost:57178}, msedge: {msedgedriverVersion: 91.0.864.64 (3bb5c9989b78b4..., userDataDir: C:\Users\SIDDHA~1\AppData\L...}, networkConnectionEnabled: false, pageLoadStrategy: normal, platform: WINDOWS, platformName: WINDOWS, proxy: Proxy(), setWindowRect: true, strictFileInteractability: false, timeouts: {implicit: 0, pageLoad: 300000, script: 30000}, unhandledPromptBehavior: dismiss and notify, webauthn:extension:largeBlob: true, webauthn:virtualAuthenticators: true}&#10;Session ID: 4939e9b46cc39967070a625d42d0716b"/>
  </testcase>
  <testcase name="openBrowser" classname="tests.signinTest" time="102.229">
    <failure message="unknown error: net::ERR_NAME_NOT_RESOLVED&#10;  (Session info: MicrosoftEdge=91.0.864.64)&#10;Build info: version: &apos;3.141.59&apos;, revision: &apos;e82be7d358&apos;, time: &apos;2018-11-14T08:17:03&apos;&#10;System info: host: &apos;SIDDHANTPANDA&apos;, ip: &apos;192.168.0.100&apos;, os.name: &apos;Windows 10&apos;, os.arch: &apos;amd64&apos;, os.version: &apos;10.0&apos;, java.version: &apos;1.8.0_221&apos;&#10;Driver info: org.openqa.selenium.edge.EdgeDriver&#10;Capabilities {acceptInsecureCerts: false, browserName: msedge, browserVersion: 91.0.864.64, javascriptEnabled: true, ms:edgeOptions: {debuggerAddress: localhost:62986}, msedge: {msedgedriverVersion: 91.0.864.64 (3bb5c9989b78b4..., userDataDir: C:\Users\SIDDHA~1\AppData\L...}, networkConnectionEnabled: false, pageLoadStrategy: normal, platform: WINDOWS, platformName: WINDOWS, proxy: Proxy(), setWindowRect: true, strictFileInteractability: false, timeouts: {implicit: 0, pageLoad: 300000, script: 30000}, unhandledPromptBehavior: dismiss and notify, webauthn:extension:largeBlob: true, webauthn:virtualAuthenticators: true}&#10;Session ID: b7becd62c6680e841c32a1adfb23281a" type="org.openqa.selenium.WebDriverException">org.openqa.selenium.WebDriverException: 
unknown error: net::ERR_NAME_NOT_RESOLVED
  (Session info: MicrosoftEdge=91.0.864.64)
Build info: version: '3.141.59', revision: 'e82be7d358', time: '2018-11-14T08:17:03'
System info: host: 'SIDDHANTPANDA', ip: '192.168.0.100', os.name: 'Windows 10', os.arch: 'amd64', os.version: '10.0', java.version: '1.8.0_221'
Driver info: org.openqa.selenium.edge.EdgeDriver
Capabilities {acceptInsecureCerts: false, browserName: msedge, browserVersion: 91.0.864.64, javascriptEnabled: true, ms:edgeOptions: {debuggerAddress: localhost:62986}, msedge: {msedgedriverVersion: 91.0.864.64 (3bb5c9989b78b4..., userDataDir: C:\Users\SIDDHA~1\AppData\L...}, networkConnectionEnabled: false, pageLoadStrategy: normal, platform: WINDOWS, platformName: WINDOWS, proxy: Proxy(), setWindowRect: true, strictFileInteractability: false, timeouts: {implicit: 0, pageLoad: 300000, script: 30000}, unhandledPromptBehavior: dismiss and notify, webauthn:extension:largeBlob: true, webauthn:virtualAuthenticators: true}
Session ID: b7becd62c6680e841c32a1adfb23281a
</failure>
    <system-err><![CDATA[Starting MSEdgeDriver 91.0.864.64 (3bb5c9989b78b4fcfd356345ac1b4c0d626baefa) on port 2006
Only local connections are allowed.
Please see https://chromedriver.chromium.org/security-considerations for suggestions on keeping MSEdgeDriver safe.
MSEdgeDriver was started successfully.
Jul 05, 2021 3:08:46 PM org.openqa.selenium.remote.ProtocolHandshake createSession
INFO: Detected dialect: W3C
]]></system-err>
  </testcase>
  <testcase name="openBrowser" classname="tests.signinTest" time="0">
    <skipped/>
  </testcase>
  <testcase name="signinInvalid" classname="tests.signinTest" time="0">
    <skipped message="unknown error: net::ERR_NAME_NOT_RESOLVED&#10;  (Session info: MicrosoftEdge=91.0.864.64)&#10;Build info: version: &apos;3.141.59&apos;, revision: &apos;e82be7d358&apos;, time: &apos;2018-11-14T08:17:03&apos;&#10;System info: host: &apos;SIDDHANTPANDA&apos;, ip: &apos;192.168.0.100&apos;, os.name: &apos;Windows 10&apos;, os.arch: &apos;amd64&apos;, os.version: &apos;10.0&apos;, java.version: &apos;1.8.0_221&apos;&#10;Driver info: org.openqa.selenium.edge.EdgeDriver&#10;Capabilities {acceptInsecureCerts: false, browserName: msedge, browserVersion: 91.0.864.64, javascriptEnabled: true, ms:edgeOptions: {debuggerAddress: localhost:62986}, msedge: {msedgedriverVersion: 91.0.864.64 (3bb5c9989b78b4..., userDataDir: C:\Users\SIDDHA~1\AppData\L...}, networkConnectionEnabled: false, pageLoadStrategy: normal, platform: WINDOWS, platformName: WINDOWS, proxy: Proxy(), setWindowRect: true, strictFileInteractability: false, timeouts: {implicit: 0, pageLoad: 300000, script: 30000}, unhandledPromptBehavior: dismiss and notify, webauthn:extension:largeBlob: true, webauthn:virtualAuthenticators: true}&#10;Session ID: b7becd62c6680e841c32a1adfb23281a"/>
  </testcase>
  <testcase name="attachScreenShot" classname="tests.signinTest" time="0">
    <skipped/>
  </testcase>
  <testcase name="attachScreenShot" classname="tests.signinTest" time="0">
    <skipped/>
  </testcase>
  <testcase name="closeBrowser" classname="tests.signinTest" time="0">
    <skipped/>
  </testcase>
  <testcase name="closeBrowser" classname="tests.signinTest" time="0">
    <skipped/>
  </testcase>
  <testcase name="intializeWebdriver" classname="tests.signinTest" time="0">
    <skipped/>
  </testcase>
  <testcase name="signinValid" classname="tests.signinTest" time="0">
    <skipped message="unknown error: net::ERR_NAME_NOT_RESOLVED&#10;  (Session info: MicrosoftEdge=91.0.864.64)&#10;Build info: version: &apos;3.141.59&apos;, revision: &apos;e82be7d358&apos;, time: &apos;2018-11-14T08:17:03&apos;&#10;System info: host: &apos;SIDDHANTPANDA&apos;, ip: &apos;192.168.0.100&apos;, os.name: &apos;Windows 10&apos;, os.arch: &apos;amd64&apos;, os.version: &apos;10.0&apos;, java.version: &apos;1.8.0_221&apos;&#10;Driver info: org.openqa.selenium.edge.EdgeDriver&#10;Capabilities {acceptInsecureCerts: false, browserName: msedge, browserVersion: 91.0.864.64, javascriptEnabled: true, ms:edgeOptions: {debuggerAddress: localhost:62986}, msedge: {msedgedriverVersion: 91.0.864.64 (3bb5c9989b78b4..., userDataDir: C:\Users\SIDDHA~1\AppData\L...}, networkConnectionEnabled: false, pageLoadStrategy: normal, platform: WINDOWS, platformName: WINDOWS, proxy: Proxy(), setWindowRect: true, strictFileInteractability: false, timeouts: {implicit: 0, pageLoad: 300000, script: 30000}, unhandledPromptBehavior: dismiss and notify, webauthn:extension:largeBlob: true, webauthn:virtualAuthenticators: true}&#10;Session ID: b7becd62c6680e841c32a1adfb23281a"/>
  </testcase>
  <testcase name="endReport" classname="tests.BaseTest" time="0">
    <skipped/>
  </testcase>
</testsuite>