<?xml version="1.0" encoding="UTF-8"?>
<testng-results skipped="0" failed="0" ignored="20" total="34" passed="14">
  <reporter-output>
  </reporter-output>
  <suite name="Surefire suite" duration-ms="306095" started-at="2021-07-02T10:21:59Z" finished-at="2021-07-02T10:27:05Z">
    <groups>
    </groups>
    <test name="Surefire test" duration-ms="306095" started-at="2021-07-02T10:21:59Z" finished-at="2021-07-02T10:27:05Z">
      <class name="tests.busOperatorTest">
        <test-method status="PASS" signature="intializeWebdriver()[pri:0, instance:tests.busOperatorTest@3eb25e1a]" name="intializeWebdriver" is-config="true" duration-ms="1838" started-at="2021-07-02T10:21:59Z" finished-at="2021-07-02T10:22:00Z">
          <reporter-output>
          </reporter-output>
        </test-method> <!-- intializeWebdriver -->
        <test-method status="PASS" signature="openBrowser()[pri:0, instance:tests.busOperatorTest@3eb25e1a]" name="openBrowser" is-config="true" duration-ms="10573" started-at="2021-07-02T10:22:00Z" finished-at="2021-07-02T10:22:11Z">
          <reporter-output>
          </reporter-output>
        </test-method> <!-- openBrowser -->
        <test-method status="PASS" signature="all_bus_operators()[pri:0, instance:tests.busOperatorTest@3eb25e1a]" name="all_bus_operators" duration-ms="13890" started-at="2021-07-02T10:22:11Z" finished-at="2021-07-02T10:22:25Z">
          <reporter-output>
          </reporter-output>
        </test-method> <!-- all_bus_operators -->
        <test-method status="PASS" signature="attachScreenShot(org.testng.ITestResult)[pri:0, instance:tests.busOperatorTest@3eb25e1a]" name="attachScreenShot" is-config="true" duration-ms="2" started-at="2021-07-02T10:22:25Z" finished-at="2021-07-02T10:22:25Z">
          <params>
            <param index="0">
              <value>
                <![CDATA[[TestResult name=all_bus_operators status=SUCCESS method=busOperatorTest.all_bus_operators()[pri:0, instance:tests.busOperatorTest@3eb25e1a] output={null}]]]>
              </value>
            </param>
          </params>
          <reporter-output>
          </reporter-output>
        </test-method> <!-- attachScreenShot -->
        <test-method status="PASS" signature="closeBrowser()[pri:0, instance:tests.busOperatorTest@3eb25e1a]" name="closeBrowser" is-config="true" duration-ms="726" started-at="2021-07-02T10:22:25Z" finished-at="2021-07-02T10:22:26Z">
          <reporter-output>
          </reporter-output>
        </test-method> <!-- closeBrowser -->
      </class> <!-- tests.busOperatorTest -->
      <class name="tests.helpTest">
        <test-method status="PASS" signature="intializeWebdriver()[pri:0, instance:tests.helpTest@233795b6]" name="intializeWebdriver" is-config="true" duration-ms="1115" started-at="2021-07-02T10:23:43Z" finished-at="2021-07-02T10:23:44Z">
          <reporter-output>
          </reporter-output>
        </test-method> <!-- intializeWebdriver -->
        <test-method status="PASS" signature="openBrowser()[pri:0, instance:tests.helpTest@233795b6]" name="openBrowser" is-config="true" duration-ms="22029" started-at="2021-07-02T10:23:44Z" finished-at="2021-07-02T10:24:06Z">
          <reporter-output>
          </reporter-output>
        </test-method> <!-- openBrowser -->
        <test-method status="PASS" signature="careers()[pri:0, instance:tests.helpTest@233795b6]" name="careers" duration-ms="2274" started-at="2021-07-02T10:24:06Z" finished-at="2021-07-02T10:24:09Z">
          <reporter-output>
          </reporter-output>
        </test-method> <!-- careers -->
        <test-method status="PASS" signature="closeBrowser()[pri:0, instance:tests.helpTest@233795b6]" name="closeBrowser" is-config="true" duration-ms="724" started-at="2021-07-02T10:24:09Z" finished-at="2021-07-02T10:24:09Z">
          <reporter-output>
          </reporter-output>
        </test-method> <!-- closeBrowser -->
        <test-method status="PASS" signature="attachScreenShot(org.testng.ITestResult)[pri:0, instance:tests.helpTest@233795b6]" name="attachScreenShot" is-config="true" duration-ms="0" started-at="2021-07-02T10:24:09Z" finished-at="2021-07-02T10:24:09Z">
          <params>
            <param index="0">
              <value>
                <![CDATA[[TestResult name=careers status=SUCCESS method=helpTest.careers()[pri:0, instance:tests.helpTest@233795b6] output={null}]]]>
              </value>
            </param>
          </params>
          <reporter-output>
          </reporter-output>
        </test-method> <!-- attachScreenShot -->
      </class> <!-- tests.helpTest -->
      <class name="tests.modifySearchBusTest">
        <test-method status="PASS" signature="intializeWebdriver()[pri:0, instance:tests.modifySearchBusTest@3eb738bb]" name="intializeWebdriver" is-config="true" duration-ms="1101" started-at="2021-07-02T10:24:09Z" finished-at="2021-07-02T10:24:10Z">
          <reporter-output>
          </reporter-output>
        </test-method> <!-- intializeWebdriver -->
        <test-method status="PASS" signature="openBrowser()[pri:0, instance:tests.modifySearchBusTest@3eb738bb]" name="openBrowser" is-config="true" duration-ms="21986" started-at="2021-07-02T10:24:10Z" finished-at="2021-07-02T10:24:32Z">
          <reporter-output>
          </reporter-output>
        </test-method> <!-- openBrowser -->
        <test-method status="PASS" signature="careers()[pri:0, instance:tests.modifySearchBusTest@3eb738bb]" name="careers" duration-ms="36343" started-at="2021-07-02T10:24:32Z" finished-at="2021-07-02T10:25:09Z">
          <reporter-output>
          </reporter-output>
        </test-method> <!-- careers -->
        <test-method status="PASS" signature="closeBrowser()[pri:0, instance:tests.modifySearchBusTest@3eb738bb]" name="closeBrowser" is-config="true" duration-ms="4730" started-at="2021-07-02T10:25:09Z" finished-at="2021-07-02T10:25:13Z">
          <reporter-output>
          </reporter-output>
        </test-method> <!-- closeBrowser -->
        <test-method status="PASS" signature="attachScreenShot(org.testng.ITestResult)[pri:0, instance:tests.modifySearchBusTest@3eb738bb]" name="attachScreenShot" is-config="true" duration-ms="0" started-at="2021-07-02T10:25:09Z" finished-at="2021-07-02T10:25:09Z">
          <params>
            <param index="0">
              <value>
                <![CDATA[[TestResult name=careers status=SUCCESS method=modifySearchBusTest.careers()[pri:0, instance:tests.modifySearchBusTest@3eb738bb] output={null}]]]>
              </value>
            </param>
          </params>
          <reporter-output>
          </reporter-output>
        </test-method> <!-- attachScreenShot -->
      </class> <!-- tests.modifySearchBusTest -->
      <class name="tests.sectionInfoTest">
        <test-method status="PASS" signature="intializeWebdriver()[pri:0, instance:tests.sectionInfoTest@1e800aaa]" name="intializeWebdriver" is-config="true" duration-ms="1120" started-at="2021-07-02T10:25:27Z" finished-at="2021-07-02T10:25:28Z">
          <reporter-output>
          </reporter-output>
        </test-method> <!-- intializeWebdriver -->
        <test-method status="PASS" signature="openBrowser()[pri:0, instance:tests.sectionInfoTest@1e800aaa]" name="openBrowser" is-config="true" duration-ms="3090" started-at="2021-07-02T10:25:28Z" finished-at="2021-07-02T10:25:31Z">
          <reporter-output>
          </reporter-output>
        </test-method> <!-- openBrowser -->
        <test-method status="PASS" signature="agentRegistration()[pri:0, instance:tests.sectionInfoTest@1e800aaa]" name="agentRegistration" duration-ms="5755" started-at="2021-07-02T10:25:31Z" finished-at="2021-07-02T10:25:37Z">
          <reporter-output>
          </reporter-output>
        </test-method> <!-- agentRegistration -->
        <test-method status="PASS" signature="attachScreenShot(org.testng.ITestResult)[pri:0, instance:tests.sectionInfoTest@1e800aaa]" name="attachScreenShot" is-config="true" duration-ms="1" started-at="2021-07-02T10:25:37Z" finished-at="2021-07-02T10:25:37Z">
          <params>
            <param index="0">
              <value>
                <![CDATA[[TestResult name=agentRegistration status=SUCCESS method=sectionInfoTest.agentRegistration()[pri:0, instance:tests.sectionInfoTest@1e800aaa] output={null}]]]>
              </value>
            </param>
          </params>
          <reporter-output>
          </reporter-output>
        </test-method> <!-- attachScreenShot -->
        <test-method status="PASS" signature="closeBrowser()[pri:0, instance:tests.sectionInfoTest@1e800aaa]" name="closeBrowser" is-config="true" duration-ms="731" started-at="2021-07-02T10:25:37Z" finished-at="2021-07-02T10:25:38Z">
          <reporter-output>
          </reporter-output>
        </test-method> <!-- closeBrowser -->
        <test-method status="PASS" signature="intializeWebdriver()[pri:0, instance:tests.sectionInfoTest@1e800aaa]" name="intializeWebdriver" is-config="true" duration-ms="1110" started-at="2021-07-02T10:25:38Z" finished-at="2021-07-02T10:25:39Z">
          <reporter-output>
          </reporter-output>
        </test-method> <!-- intializeWebdriver -->
        <test-method status="PASS" signature="openBrowser()[pri:0, instance:tests.sectionInfoTest@1e800aaa]" name="openBrowser" is-config="true" duration-ms="22028" started-at="2021-07-02T10:25:39Z" finished-at="2021-07-02T10:26:01Z">
          <reporter-output>
          </reporter-output>
        </test-method> <!-- openBrowser -->
        <test-method status="PASS" signature="blogSection()[pri:0, instance:tests.sectionInfoTest@1e800aaa]" name="blogSection" duration-ms="4697" started-at="2021-07-02T10:26:01Z" finished-at="2021-07-02T10:26:05Z">
          <reporter-output>
          </reporter-output>
        </test-method> <!-- blogSection -->
        <test-method status="PASS" signature="attachScreenShot(org.testng.ITestResult)[pri:0, instance:tests.sectionInfoTest@1e800aaa]" name="attachScreenShot" is-config="true" duration-ms="0" started-at="2021-07-02T10:26:05Z" finished-at="2021-07-02T10:26:05Z">
          <params>
            <param index="0">
              <value>
                <![CDATA[[TestResult name=blogSection status=SUCCESS method=sectionInfoTest.blogSection()[pri:0, instance:tests.sectionInfoTest@1e800aaa] output={null}]]]>
              </value>
            </param>
          </params>
          <reporter-output>
          </reporter-output>
        </test-method> <!-- attachScreenShot -->
        <test-method status="PASS" signature="closeBrowser()[pri:0, instance:tests.sectionInfoTest@1e800aaa]" name="closeBrowser" is-config="true" duration-ms="661" started-at="2021-07-02T10:26:05Z" finished-at="2021-07-02T10:26:06Z">
          <reporter-output>
          </reporter-output>
        </test-method> <!-- closeBrowser -->
        <test-method status="PASS" signature="intializeWebdriver()[pri:0, instance:tests.sectionInfoTest@1e800aaa]" name="intializeWebdriver" is-config="true" duration-ms="1227" started-at="2021-07-02T10:26:06Z" finished-at="2021-07-02T10:26:07Z">
          <reporter-output>
          </reporter-output>
        </test-method> <!-- intializeWebdriver -->
        <test-method status="PASS" signature="openBrowser()[pri:0, instance:tests.sectionInfoTest@1e800aaa]" name="openBrowser" is-config="true" duration-ms="1445" started-at="2021-07-02T10:26:07Z" finished-at="2021-07-02T10:26:09Z">
          <reporter-output>
          </reporter-output>
        </test-method> <!-- openBrowser -->
        <test-method status="PASS" signature="faqsection()[pri:0, instance:tests.sectionInfoTest@1e800aaa]" name="faqsection" duration-ms="3003" started-at="2021-07-02T10:26:09Z" finished-at="2021-07-02T10:26:12Z">
          <reporter-output>
          </reporter-output>
        </test-method> <!-- faqsection -->
        <test-method status="PASS" signature="closeBrowser()[pri:0, instance:tests.sectionInfoTest@1e800aaa]" name="closeBrowser" is-config="true" duration-ms="689" started-at="2021-07-02T10:26:12Z" finished-at="2021-07-02T10:26:12Z">
          <reporter-output>
          </reporter-output>
        </test-method> <!-- closeBrowser -->
        <test-method status="PASS" signature="attachScreenShot(org.testng.ITestResult)[pri:0, instance:tests.sectionInfoTest@1e800aaa]" name="attachScreenShot" is-config="true" duration-ms="0" started-at="2021-07-02T10:26:12Z" finished-at="2021-07-02T10:26:12Z">
          <params>
            <param index="0">
              <value>
                <![CDATA[[TestResult name=faqsection status=SUCCESS method=sectionInfoTest.faqsection()[pri:0, instance:tests.sectionInfoTest@1e800aaa] output={null}]]]>
              </value>
            </param>
          </params>
          <reporter-output>
          </reporter-output>
        </test-method> <!-- attachScreenShot -->
        <test-method status="PASS" signature="intializeWebdriver()[pri:0, instance:tests.sectionInfoTest@1e800aaa]" name="intializeWebdriver" is-config="true" duration-ms="1120" started-at="2021-07-02T10:26:12Z" finished-at="2021-07-02T10:26:14Z">
          <reporter-output>
          </reporter-output>
        </test-method> <!-- intializeWebdriver -->
        <test-method status="PASS" signature="openBrowser()[pri:0, instance:tests.sectionInfoTest@1e800aaa]" name="openBrowser" is-config="true" duration-ms="4494" started-at="2021-07-02T10:26:14Z" finished-at="2021-07-02T10:26:18Z">
          <reporter-output>
          </reporter-output>
        </test-method> <!-- openBrowser -->
        <test-method status="PASS" signature="insuranceSection()[pri:0, instance:tests.sectionInfoTest@1e800aaa]" name="insuranceSection" duration-ms="3468" started-at="2021-07-02T10:26:18Z" finished-at="2021-07-02T10:26:22Z">
          <reporter-output>
          </reporter-output>
        </test-method> <!-- insuranceSection -->
        <test-method status="PASS" signature="closeBrowser()[pri:0, instance:tests.sectionInfoTest@1e800aaa]" name="closeBrowser" is-config="true" duration-ms="815" started-at="2021-07-02T10:26:22Z" finished-at="2021-07-02T10:26:22Z">
          <reporter-output>
          </reporter-output>
        </test-method> <!-- closeBrowser -->
        <test-method status="PASS" signature="attachScreenShot(org.testng.ITestResult)[pri:0, instance:tests.sectionInfoTest@1e800aaa]" name="attachScreenShot" is-config="true" duration-ms="0" started-at="2021-07-02T10:26:22Z" finished-at="2021-07-02T10:26:22Z">
          <params>
            <param index="0">
              <value>
                <![CDATA[[TestResult name=insuranceSection status=SUCCESS method=sectionInfoTest.insuranceSection()[pri:0, instance:tests.sectionInfoTest@1e800aaa] output={null}]]]>
              </value>
            </param>
          </params>
          <reporter-output>
          </reporter-output>
        </test-method> <!-- attachScreenShot -->
        <test-method status="PASS" signature="intializeWebdriver()[pri:0, instance:tests.sectionInfoTest@1e800aaa]" name="intializeWebdriver" is-config="true" duration-ms="1158" started-at="2021-07-02T10:26:22Z" finished-at="2021-07-02T10:26:24Z">
          <reporter-output>
          </reporter-output>
        </test-method> <!-- intializeWebdriver -->
        <test-method status="PASS" signature="openBrowser()[pri:0, instance:tests.sectionInfoTest@1e800aaa]" name="openBrowser" is-config="true" duration-ms="1694" started-at="2021-07-02T10:26:24Z" finished-at="2021-07-02T10:26:25Z">
          <reporter-output>
          </reporter-output>
        </test-method> <!-- openBrowser -->
        <test-method status="PASS" signature="privacyPolicysection()[pri:0, instance:tests.sectionInfoTest@1e800aaa]" name="privacyPolicysection" duration-ms="2299" started-at="2021-07-02T10:26:25Z" finished-at="2021-07-02T10:26:28Z">
          <reporter-output>
          </reporter-output>
        </test-method> <!-- privacyPolicysection -->
        <test-method status="PASS" signature="closeBrowser()[pri:0, instance:tests.sectionInfoTest@1e800aaa]" name="closeBrowser" is-config="true" duration-ms="798" started-at="2021-07-02T10:26:28Z" finished-at="2021-07-02T10:26:28Z">
          <reporter-output>
          </reporter-output>
        </test-method> <!-- closeBrowser -->
        <test-method status="PASS" signature="attachScreenShot(org.testng.ITestResult)[pri:0, instance:tests.sectionInfoTest@1e800aaa]" name="attachScreenShot" is-config="true" duration-ms="0" started-at="2021-07-02T10:26:28Z" finished-at="2021-07-02T10:26:28Z">
          <params>
            <param index="0">
              <value>
                <![CDATA[[TestResult name=privacyPolicysection status=SUCCESS method=sectionInfoTest.privacyPolicysection()[pri:0, instance:tests.sectionInfoTest@1e800aaa] output={null}]]]>
              </value>
            </param>
          </params>
          <reporter-output>
          </reporter-output>
        </test-method> <!-- attachScreenShot -->
        <test-method status="PASS" signature="intializeWebdriver()[pri:0, instance:tests.sectionInfoTest@1e800aaa]" name="intializeWebdriver" is-config="true" duration-ms="1239" started-at="2021-07-02T10:26:28Z" finished-at="2021-07-02T10:26:30Z">
          <reporter-output>
          </reporter-output>
        </test-method> <!-- intializeWebdriver -->
        <test-method status="PASS" signature="openBrowser()[pri:0, instance:tests.sectionInfoTest@1e800aaa]" name="openBrowser" is-config="true" duration-ms="4273" started-at="2021-07-02T10:26:30Z" finished-at="2021-07-02T10:26:34Z">
          <reporter-output>
          </reporter-output>
        </test-method> <!-- openBrowser -->
        <test-method status="PASS" signature="termAndCondition()[pri:0, instance:tests.sectionInfoTest@1e800aaa]" name="termAndCondition" duration-ms="2875" started-at="2021-07-02T10:26:34Z" finished-at="2021-07-02T10:26:37Z">
          <reporter-output>
          </reporter-output>
        </test-method> <!-- termAndCondition -->
        <test-method status="PASS" signature="attachScreenShot(org.testng.ITestResult)[pri:0, instance:tests.sectionInfoTest@1e800aaa]" name="attachScreenShot" is-config="true" duration-ms="1" started-at="2021-07-02T10:26:37Z" finished-at="2021-07-02T10:26:37Z">
          <params>
            <param index="0">
              <value>
                <![CDATA[[TestResult name=termAndCondition status=SUCCESS method=sectionInfoTest.termAndCondition()[pri:0, instance:tests.sectionInfoTest@1e800aaa] output={null}]]]>
              </value>
            </param>
          </params>
          <reporter-output>
          </reporter-output>
        </test-method> <!-- attachScreenShot -->
        <test-method status="PASS" signature="closeBrowser()[pri:0, instance:tests.sectionInfoTest@1e800aaa]" name="closeBrowser" is-config="true" duration-ms="748" started-at="2021-07-02T10:26:37Z" finished-at="2021-07-02T10:26:37Z">
          <reporter-output>
          </reporter-output>
        </test-method> <!-- closeBrowser -->
        <test-method status="PASS" signature="intializeWebdriver()[pri:0, instance:tests.sectionInfoTest@1e800aaa]" name="intializeWebdriver" is-config="true" duration-ms="1217" started-at="2021-07-02T10:26:37Z" finished-at="2021-07-02T10:26:39Z">
          <reporter-output>
          </reporter-output>
        </test-method> <!-- intializeWebdriver -->
        <test-method status="PASS" signature="openBrowser()[pri:0, instance:tests.sectionInfoTest@1e800aaa]" name="openBrowser" is-config="true" duration-ms="22226" started-at="2021-07-02T10:26:39Z" finished-at="2021-07-02T10:27:01Z">
          <reporter-output>
          </reporter-output>
        </test-method> <!-- openBrowser -->
        <test-method status="PASS" signature="userAgreementSection()[pri:0, instance:tests.sectionInfoTest@1e800aaa]" name="userAgreementSection" duration-ms="3064" started-at="2021-07-02T10:27:01Z" finished-at="2021-07-02T10:27:04Z">
          <reporter-output>
          </reporter-output>
        </test-method> <!-- userAgreementSection -->
        <test-method status="PASS" signature="closeBrowser()[pri:0, instance:tests.sectionInfoTest@1e800aaa]" name="closeBrowser" is-config="true" duration-ms="733" started-at="2021-07-02T10:27:04Z" finished-at="2021-07-02T10:27:05Z">
          <reporter-output>
          </reporter-output>
        </test-method> <!-- closeBrowser -->
        <test-method status="PASS" signature="attachScreenShot(org.testng.ITestResult)[pri:0, instance:tests.sectionInfoTest@1e800aaa]" name="attachScreenShot" is-config="true" duration-ms="0" started-at="2021-07-02T10:27:04Z" finished-at="2021-07-02T10:27:04Z">
          <params>
            <param index="0">
              <value>
                <![CDATA[[TestResult name=userAgreementSection status=SUCCESS method=sectionInfoTest.userAgreementSection()[pri:0, instance:tests.sectionInfoTest@1e800aaa] output={null}]]]>
              </value>
            </param>
          </params>
          <reporter-output>
          </reporter-output>
        </test-method> <!-- attachScreenShot -->
      </class> <!-- tests.sectionInfoTest -->
      <class name="tests.cancelBookingTest">
        <test-method status="PASS" signature="intializeWebdriver()[pri:0, instance:tests.cancelBookingTest@477b4cdf]" name="intializeWebdriver" is-config="true" duration-ms="1099" started-at="2021-07-02T10:22:26Z" finished-at="2021-07-02T10:22:27Z">
          <reporter-output>
          </reporter-output>
        </test-method> <!-- intializeWebdriver -->
        <test-method status="PASS" signature="openBrowser()[pri:0, instance:tests.cancelBookingTest@477b4cdf]" name="openBrowser" is-config="true" duration-ms="22284" started-at="2021-07-02T10:22:27Z" finished-at="2021-07-02T10:22:49Z">
          <reporter-output>
          </reporter-output>
        </test-method> <!-- openBrowser -->
        <test-method status="PASS" signature="careers()[pri:0, instance:tests.cancelBookingTest@477b4cdf]" name="careers" duration-ms="5744" started-at="2021-07-02T10:22:49Z" finished-at="2021-07-02T10:22:55Z">
          <reporter-output>
          </reporter-output>
        </test-method> <!-- careers -->
        <test-method status="PASS" signature="attachScreenShot(org.testng.ITestResult)[pri:0, instance:tests.cancelBookingTest@477b4cdf]" name="attachScreenShot" is-config="true" duration-ms="0" started-at="2021-07-02T10:22:55Z" finished-at="2021-07-02T10:22:55Z">
          <params>
            <param index="0">
              <value>
                <![CDATA[[TestResult name=careers status=SUCCESS method=cancelBookingTest.careers()[pri:0, instance:tests.cancelBookingTest@477b4cdf] output={null}]]]>
              </value>
            </param>
          </params>
          <reporter-output>
          </reporter-output>
        </test-method> <!-- attachScreenShot -->
        <test-method status="PASS" signature="closeBrowser()[pri:0, instance:tests.cancelBookingTest@477b4cdf]" name="closeBrowser" is-config="true" duration-ms="683" started-at="2021-07-02T10:22:55Z" finished-at="2021-07-02T10:22:55Z">
          <reporter-output>
          </reporter-output>
        </test-method> <!-- closeBrowser -->
      </class> <!-- tests.cancelBookingTest -->
      <class name="tests.contactTest">
        <test-method status="PASS" signature="intializeWebdriver()[pri:0, instance:tests.contactTest@f5958c9]" name="intializeWebdriver" is-config="true" duration-ms="1228" started-at="2021-07-02T10:23:21Z" finished-at="2021-07-02T10:23:22Z">
          <reporter-output>
          </reporter-output>
        </test-method> <!-- intializeWebdriver -->
        <test-method status="PASS" signature="openBrowser()[pri:0, instance:tests.contactTest@f5958c9]" name="openBrowser" is-config="true" duration-ms="1761" started-at="2021-07-02T10:23:22Z" finished-at="2021-07-02T10:23:24Z">
          <reporter-output>
          </reporter-output>
        </test-method> <!-- openBrowser -->
        <test-method status="PASS" signature="ContactRedBus()[pri:0, instance:tests.contactTest@f5958c9]" name="ContactRedBus" duration-ms="18360" started-at="2021-07-02T10:23:24Z" finished-at="2021-07-02T10:23:42Z">
          <reporter-output>
          </reporter-output>
        </test-method> <!-- ContactRedBus -->
        <test-method status="PASS" signature="closeBrowser()[pri:0, instance:tests.contactTest@f5958c9]" name="closeBrowser" is-config="true" duration-ms="858" started-at="2021-07-02T10:23:42Z" finished-at="2021-07-02T10:23:43Z">
          <reporter-output>
          </reporter-output>
        </test-method> <!-- closeBrowser -->
        <test-method status="PASS" signature="attachScreenShot(org.testng.ITestResult)[pri:0, instance:tests.contactTest@f5958c9]" name="attachScreenShot" is-config="true" duration-ms="0" started-at="2021-07-02T10:23:42Z" finished-at="2021-07-02T10:23:42Z">
          <params>
            <param index="0">
              <value>
                <![CDATA[[TestResult name=ContactRedBus status=SUCCESS method=contactTest.ContactRedBus()[pri:0, instance:tests.contactTest@f5958c9] output={null}]]]>
              </value>
            </param>
          </params>
          <reporter-output>
          </reporter-output>
        </test-method> <!-- attachScreenShot -->
      </class> <!-- tests.contactTest -->
      <class name="tests.careerTest">
        <test-method status="PASS" signature="intializeWebdriver()[pri:0, instance:tests.careerTest@77c2494c]" name="intializeWebdriver" is-config="true" duration-ms="1086" started-at="2021-07-02T10:22:55Z" finished-at="2021-07-02T10:22:57Z">
          <reporter-output>
          </reporter-output>
        </test-method> <!-- intializeWebdriver -->
        <test-method status="PASS" signature="openBrowser()[pri:0, instance:tests.careerTest@77c2494c]" name="openBrowser" is-config="true" duration-ms="16771" started-at="2021-07-02T10:22:57Z" finished-at="2021-07-02T10:23:13Z">
          <reporter-output>
          </reporter-output>
        </test-method> <!-- openBrowser -->
        <test-method status="PASS" signature="careers()[pri:0, instance:tests.careerTest@77c2494c]" name="careers" duration-ms="6891" started-at="2021-07-02T10:23:13Z" finished-at="2021-07-02T10:23:20Z">
          <reporter-output>
          </reporter-output>
        </test-method> <!-- careers -->
        <test-method status="PASS" signature="closeBrowser()[pri:0, instance:tests.careerTest@77c2494c]" name="closeBrowser" is-config="true" duration-ms="748" started-at="2021-07-02T10:23:20Z" finished-at="2021-07-02T10:23:21Z">
          <reporter-output>
          </reporter-output>
        </test-method> <!-- closeBrowser -->
        <test-method status="PASS" signature="attachScreenShot(org.testng.ITestResult)[pri:0, instance:tests.careerTest@77c2494c]" name="attachScreenShot" is-config="true" duration-ms="0" started-at="2021-07-02T10:23:20Z" finished-at="2021-07-02T10:23:20Z">
          <params>
            <param index="0">
              <value>
                <![CDATA[[TestResult name=careers status=SUCCESS method=careerTest.careers()[pri:0, instance:tests.careerTest@77c2494c] output={null}]]]>
              </value>
            </param>
          </params>
          <reporter-output>
          </reporter-output>
        </test-method> <!-- attachScreenShot -->
      </class> <!-- tests.careerTest -->
      <class name="tests.offerTest">
        <test-method status="PASS" signature="intializeWebdriver()[pri:0, instance:tests.offerTest@5bda8e08]" name="intializeWebdriver" is-config="true" duration-ms="1200" started-at="2021-07-02T10:25:13Z" finished-at="2021-07-02T10:25:15Z">
          <reporter-output>
          </reporter-output>
        </test-method> <!-- intializeWebdriver -->
        <test-method status="PASS" signature="openBrowser()[pri:0, instance:tests.offerTest@5bda8e08]" name="openBrowser" is-config="true" duration-ms="3332" started-at="2021-07-02T10:25:15Z" finished-at="2021-07-02T10:25:18Z">
          <reporter-output>
          </reporter-output>
        </test-method> <!-- openBrowser -->
        <test-method status="PASS" signature="offers()[pri:0, instance:tests.offerTest@5bda8e08]" name="offers" duration-ms="8166" started-at="2021-07-02T10:25:18Z" finished-at="2021-07-02T10:25:26Z">
          <reporter-output>
          </reporter-output>
        </test-method> <!-- offers -->
        <test-method status="PASS" signature="attachScreenShot(org.testng.ITestResult)[pri:0, instance:tests.offerTest@5bda8e08]" name="attachScreenShot" is-config="true" duration-ms="0" started-at="2021-07-02T10:25:26Z" finished-at="2021-07-02T10:25:26Z">
          <params>
            <param index="0">
              <value>
                <![CDATA[[TestResult name=offers status=SUCCESS method=offerTest.offers()[pri:0, instance:tests.offerTest@5bda8e08] output={null}]]]>
              </value>
            </param>
          </params>
          <reporter-output>
          </reporter-output>
        </test-method> <!-- attachScreenShot -->
        <test-method status="PASS" signature="closeBrowser()[pri:0, instance:tests.offerTest@5bda8e08]" name="closeBrowser" is-config="true" duration-ms="760" started-at="2021-07-02T10:25:26Z" finished-at="2021-07-02T10:25:27Z">
          <reporter-output>
          </reporter-output>
        </test-method> <!-- closeBrowser -->
      </class> <!-- tests.offerTest -->
      <class name="tests.aboutusTest">
        <test-method status="PASS" signature="setExtent()[pri:0, instance:tests.aboutusTest@6743e411]" name="setExtent" is-config="true" duration-ms="84" started-at="2021-07-02T10:21:59Z" finished-at="2021-07-02T10:21:59Z">
          <reporter-output>
          </reporter-output>
        </test-method> <!-- setExtent -->
        <test-method status="PASS" signature="endReport()[pri:0, instance:tests.aboutusTest@6743e411]" name="endReport" is-config="true" duration-ms="237" started-at="2021-07-02T10:27:05Z" finished-at="2021-07-02T10:27:05Z">
          <reporter-output>
          </reporter-output>
        </test-method> <!-- endReport -->
      </class> <!-- tests.aboutusTest -->
    </test> <!-- Surefire test -->
  </suite> <!-- Surefire suite -->
</testng-results>
