<?xml version="1.0" encoding="UTF-8"?>
<testng-results skipped="0" failed="2" ignored="34" total="65" passed="29">
  <reporter-output>
  </reporter-output>
  <suite name="Surefire suite" duration-ms="745687" started-at="2021-07-04T16:33:05Z" finished-at="2021-07-04T16:45:31Z">
    <groups>
    </groups>
    <test name="Surefire test" duration-ms="745687" started-at="2021-07-04T16:33:05Z" finished-at="2021-07-04T16:45:31Z">
      <class name="tests.signinTest">
        <test-method status="PASS" signature="intializeWebdriver()[pri:0, instance:tests.signinTest@4d1c00d0]" name="intializeWebdriver" is-config="true" duration-ms="1041" started-at="2021-07-04T16:44:44Z" finished-at="2021-07-04T16:44:46Z">
          <reporter-output>
          </reporter-output>
        </test-method> <!-- intializeWebdriver -->
        <test-method status="PASS" signature="openBrowser()[pri:0, instance:tests.signinTest@4d1c00d0]" name="openBrowser" is-config="true" duration-ms="11497" started-at="2021-07-04T16:44:46Z" finished-at="2021-07-04T16:44:57Z">
          <reporter-output>
          </reporter-output>
        </test-method> <!-- openBrowser -->
        <test-method status="PASS" signature="signinInvalid()[pri:0, instance:tests.signinTest@4d1c00d0]" name="signinInvalid" duration-ms="3343" started-at="2021-07-04T16:44:57Z" finished-at="2021-07-04T16:45:00Z">
          <reporter-output>
          </reporter-output>
        </test-method> <!-- signinInvalid -->
        <test-method status="PASS" signature="closeBrowser()[pri:0, instance:tests.signinTest@4d1c00d0]" name="closeBrowser" is-config="true" duration-ms="712" started-at="2021-07-04T16:45:00Z" finished-at="2021-07-04T16:45:01Z">
          <reporter-output>
          </reporter-output>
        </test-method> <!-- closeBrowser -->
        <test-method status="PASS" signature="attachScreenShot(org.testng.ITestResult)[pri:0, instance:tests.signinTest@4d1c00d0]" name="attachScreenShot" is-config="true" duration-ms="0" started-at="2021-07-04T16:45:00Z" finished-at="2021-07-04T16:45:00Z">
          <params>
            <param index="0">
              <value>
                <![CDATA[[TestResult name=signinInvalid status=SUCCESS method=signinTest.signinInvalid()[pri:0, instance:tests.signinTest@4d1c00d0] output={null}]]]>
              </value>
            </param>
          </params>
          <reporter-output>
          </reporter-output>
        </test-method> <!-- attachScreenShot -->
        <test-method status="PASS" signature="intializeWebdriver()[pri:0, instance:tests.signinTest@4d1c00d0]" name="intializeWebdriver" is-config="true" duration-ms="1154" started-at="2021-07-04T16:45:01Z" finished-at="2021-07-04T16:45:02Z">
          <reporter-output>
          </reporter-output>
        </test-method> <!-- intializeWebdriver -->
        <test-method status="PASS" signature="openBrowser()[pri:0, instance:tests.signinTest@4d1c00d0]" name="openBrowser" is-config="true" duration-ms="24267" started-at="2021-07-04T16:45:02Z" finished-at="2021-07-04T16:45:26Z">
          <reporter-output>
          </reporter-output>
        </test-method> <!-- openBrowser -->
        <test-method status="PASS" signature="signinValid()[pri:0, instance:tests.signinTest@4d1c00d0]" name="signinValid" duration-ms="3436" started-at="2021-07-04T16:45:26Z" finished-at="2021-07-04T16:45:30Z">
          <reporter-output>
          </reporter-output>
        </test-method> <!-- signinValid -->
        <test-method status="PASS" signature="attachScreenShot(org.testng.ITestResult)[pri:0, instance:tests.signinTest@4d1c00d0]" name="attachScreenShot" is-config="true" duration-ms="0" started-at="2021-07-04T16:45:30Z" finished-at="2021-07-04T16:45:30Z">
          <params>
            <param index="0">
              <value>
                <![CDATA[[TestResult name=signinValid status=SUCCESS method=signinTest.signinValid()[pri:0, instance:tests.signinTest@4d1c00d0] output={null}]]]>
              </value>
            </param>
          </params>
          <reporter-output>
          </reporter-output>
        </test-method> <!-- attachScreenShot -->
        <test-method status="PASS" signature="closeBrowser()[pri:0, instance:tests.signinTest@4d1c00d0]" name="closeBrowser" is-config="true" duration-ms="709" started-at="2021-07-04T16:45:30Z" finished-at="2021-07-04T16:45:31Z">
          <reporter-output>
          </reporter-output>
        </test-method> <!-- closeBrowser -->
      </class> <!-- tests.signinTest -->
      <class name="tests.mobileAppLinkTest">
        <test-method status="PASS" signature="intializeWebdriver()[pri:0, instance:tests.mobileAppLinkTest@3857f613]" name="intializeWebdriver" is-config="true" duration-ms="1213" started-at="2021-07-04T16:39:03Z" finished-at="2021-07-04T16:39:04Z">
          <reporter-output>
          </reporter-output>
        </test-method> <!-- intializeWebdriver -->
        <test-method status="PASS" signature="openBrowser()[pri:0, instance:tests.mobileAppLinkTest@3857f613]" name="openBrowser" is-config="true" duration-ms="5263" started-at="2021-07-04T16:39:04Z" finished-at="2021-07-04T16:39:09Z">
          <reporter-output>
          </reporter-output>
        </test-method> <!-- openBrowser -->
        <test-method status="PASS" signature="InvalidMobileAppLink()[pri:0, instance:tests.mobileAppLinkTest@3857f613]" name="InvalidMobileAppLink" duration-ms="497" started-at="2021-07-04T16:39:09Z" finished-at="2021-07-04T16:39:10Z">
          <reporter-output>
          </reporter-output>
        </test-method> <!-- InvalidMobileAppLink -->
        <test-method status="PASS" signature="attachScreenShot(org.testng.ITestResult)[pri:0, instance:tests.mobileAppLinkTest@3857f613]" name="attachScreenShot" is-config="true" duration-ms="1" started-at="2021-07-04T16:39:10Z" finished-at="2021-07-04T16:39:10Z">
          <params>
            <param index="0">
              <value>
                <![CDATA[[TestResult name=InvalidMobileAppLink status=SUCCESS method=mobileAppLinkTest.InvalidMobileAppLink()[pri:0, instance:tests.mobileAppLinkTest@3857f613] output={null}]]]>
              </value>
            </param>
          </params>
          <reporter-output>
          </reporter-output>
        </test-method> <!-- attachScreenShot -->
        <test-method status="PASS" signature="closeBrowser()[pri:0, instance:tests.mobileAppLinkTest@3857f613]" name="closeBrowser" is-config="true" duration-ms="718" started-at="2021-07-04T16:39:10Z" finished-at="2021-07-04T16:39:10Z">
          <reporter-output>
          </reporter-output>
        </test-method> <!-- closeBrowser -->
        <test-method status="PASS" signature="intializeWebdriver()[pri:0, instance:tests.mobileAppLinkTest@3857f613]" name="intializeWebdriver" is-config="true" duration-ms="1104" started-at="2021-07-04T16:39:10Z" finished-at="2021-07-04T16:39:11Z">
          <reporter-output>
          </reporter-output>
        </test-method> <!-- intializeWebdriver -->
        <test-method status="PASS" signature="openBrowser()[pri:0, instance:tests.mobileAppLinkTest@3857f613]" name="openBrowser" is-config="true" duration-ms="24306" started-at="2021-07-04T16:39:11Z" finished-at="2021-07-04T16:39:36Z">
          <reporter-output>
          </reporter-output>
        </test-method> <!-- openBrowser -->
        <test-method status="PASS" signature="ValidMobileAppLink()[pri:0, instance:tests.mobileAppLinkTest@3857f613]" name="ValidMobileAppLink" duration-ms="363" started-at="2021-07-04T16:39:36Z" finished-at="2021-07-04T16:39:36Z">
          <reporter-output>
          </reporter-output>
        </test-method> <!-- ValidMobileAppLink -->
        <test-method status="PASS" signature="attachScreenShot(org.testng.ITestResult)[pri:0, instance:tests.mobileAppLinkTest@3857f613]" name="attachScreenShot" is-config="true" duration-ms="1" started-at="2021-07-04T16:39:36Z" finished-at="2021-07-04T16:39:36Z">
          <params>
            <param index="0">
              <value>
                <![CDATA[[TestResult name=ValidMobileAppLink status=SUCCESS method=mobileAppLinkTest.ValidMobileAppLink()[pri:0, instance:tests.mobileAppLinkTest@3857f613] output={null}]]]>
              </value>
            </param>
          </params>
          <reporter-output>
          </reporter-output>
        </test-method> <!-- attachScreenShot -->
        <test-method status="PASS" signature="closeBrowser()[pri:0, instance:tests.mobileAppLinkTest@3857f613]" name="closeBrowser" is-config="true" duration-ms="4661" started-at="2021-07-04T16:39:36Z" finished-at="2021-07-04T16:39:41Z">
          <reporter-output>
          </reporter-output>
        </test-method> <!-- closeBrowser -->
      </class> <!-- tests.mobileAppLinkTest -->
      <class name="tests.modifySearchBusTest">
        <test-method status="PASS" signature="intializeWebdriver()[pri:0, instance:tests.modifySearchBusTest@198b6731]" name="intializeWebdriver" is-config="true" duration-ms="1108" started-at="2021-07-04T16:39:41Z" finished-at="2021-07-04T16:39:42Z">
          <reporter-output>
          </reporter-output>
        </test-method> <!-- intializeWebdriver -->
        <test-method status="PASS" signature="openBrowser()[pri:0, instance:tests.modifySearchBusTest@198b6731]" name="openBrowser" is-config="true" duration-ms="7230" started-at="2021-07-04T16:39:42Z" finished-at="2021-07-04T16:39:49Z">
          <reporter-output>
          </reporter-output>
        </test-method> <!-- openBrowser -->
        <test-method status="PASS" signature="careers()[pri:0, instance:tests.modifySearchBusTest@198b6731]" name="careers" duration-ms="36294" started-at="2021-07-04T16:39:49Z" finished-at="2021-07-04T16:40:25Z">
          <reporter-output>
          </reporter-output>
        </test-method> <!-- careers -->
        <test-method status="PASS" signature="closeBrowser()[pri:0, instance:tests.modifySearchBusTest@198b6731]" name="closeBrowser" is-config="true" duration-ms="4696" started-at="2021-07-04T16:40:25Z" finished-at="2021-07-04T16:40:30Z">
          <reporter-output>
          </reporter-output>
        </test-method> <!-- closeBrowser -->
        <test-method status="PASS" signature="attachScreenShot(org.testng.ITestResult)[pri:0, instance:tests.modifySearchBusTest@198b6731]" name="attachScreenShot" is-config="true" duration-ms="0" started-at="2021-07-04T16:40:25Z" finished-at="2021-07-04T16:40:25Z">
          <params>
            <param index="0">
              <value>
                <![CDATA[[TestResult name=careers status=SUCCESS method=modifySearchBusTest.careers()[pri:0, instance:tests.modifySearchBusTest@198b6731] output={null}]]]>
              </value>
            </param>
          </params>
          <reporter-output>
          </reporter-output>
        </test-method> <!-- attachScreenShot -->
      </class> <!-- tests.modifySearchBusTest -->
      <class name="tests.sectionInfoTest">
        <test-method status="PASS" signature="intializeWebdriver()[pri:0, instance:tests.sectionInfoTest@79079097]" name="intializeWebdriver" is-config="true" duration-ms="1151" started-at="2021-07-04T16:42:04Z" finished-at="2021-07-04T16:42:05Z">
          <reporter-output>
          </reporter-output>
        </test-method> <!-- intializeWebdriver -->
        <test-method status="PASS" signature="openBrowser()[pri:0, instance:tests.sectionInfoTest@79079097]" name="openBrowser" is-config="true" duration-ms="4467" started-at="2021-07-04T16:42:05Z" finished-at="2021-07-04T16:42:10Z">
          <reporter-output>
          </reporter-output>
        </test-method> <!-- openBrowser -->
        <test-method status="PASS" signature="agentRegistration()[pri:0, instance:tests.sectionInfoTest@79079097]" name="agentRegistration" duration-ms="9991" started-at="2021-07-04T16:42:10Z" finished-at="2021-07-04T16:42:20Z">
          <reporter-output>
          </reporter-output>
        </test-method> <!-- agentRegistration -->
        <test-method status="PASS" signature="attachScreenShot(org.testng.ITestResult)[pri:0, instance:tests.sectionInfoTest@79079097]" name="attachScreenShot" is-config="true" duration-ms="0" started-at="2021-07-04T16:42:20Z" finished-at="2021-07-04T16:42:20Z">
          <params>
            <param index="0">
              <value>
                <![CDATA[[TestResult name=agentRegistration status=SUCCESS method=sectionInfoTest.agentRegistration()[pri:0, instance:tests.sectionInfoTest@79079097] output={null}]]]>
              </value>
            </param>
          </params>
          <reporter-output>
          </reporter-output>
        </test-method> <!-- attachScreenShot -->
        <test-method status="PASS" signature="closeBrowser()[pri:0, instance:tests.sectionInfoTest@79079097]" name="closeBrowser" is-config="true" duration-ms="751" started-at="2021-07-04T16:42:20Z" finished-at="2021-07-04T16:42:21Z">
          <reporter-output>
          </reporter-output>
        </test-method> <!-- closeBrowser -->
        <test-method status="PASS" signature="intializeWebdriver()[pri:0, instance:tests.sectionInfoTest@79079097]" name="intializeWebdriver" is-config="true" duration-ms="1008" started-at="2021-07-04T16:42:21Z" finished-at="2021-07-04T16:42:22Z">
          <reporter-output>
          </reporter-output>
        </test-method> <!-- intializeWebdriver -->
        <test-method status="PASS" signature="openBrowser()[pri:0, instance:tests.sectionInfoTest@79079097]" name="openBrowser" is-config="true" duration-ms="24309" started-at="2021-07-04T16:42:22Z" finished-at="2021-07-04T16:42:46Z">
          <reporter-output>
          </reporter-output>
        </test-method> <!-- openBrowser -->
        <test-method status="PASS" signature="blogSection()[pri:0, instance:tests.sectionInfoTest@79079097]" name="blogSection" duration-ms="3976" started-at="2021-07-04T16:42:46Z" finished-at="2021-07-04T16:42:50Z">
          <reporter-output>
          </reporter-output>
        </test-method> <!-- blogSection -->
        <test-method status="PASS" signature="attachScreenShot(org.testng.ITestResult)[pri:0, instance:tests.sectionInfoTest@79079097]" name="attachScreenShot" is-config="true" duration-ms="0" started-at="2021-07-04T16:42:50Z" finished-at="2021-07-04T16:42:50Z">
          <params>
            <param index="0">
              <value>
                <![CDATA[[TestResult name=blogSection status=SUCCESS method=sectionInfoTest.blogSection()[pri:0, instance:tests.sectionInfoTest@79079097] output={null}]]]>
              </value>
            </param>
          </params>
          <reporter-output>
          </reporter-output>
        </test-method> <!-- attachScreenShot -->
        <test-method status="PASS" signature="closeBrowser()[pri:0, instance:tests.sectionInfoTest@79079097]" name="closeBrowser" is-config="true" duration-ms="675" started-at="2021-07-04T16:42:50Z" finished-at="2021-07-04T16:42:51Z">
          <reporter-output>
          </reporter-output>
        </test-method> <!-- closeBrowser -->
        <test-method status="PASS" signature="intializeWebdriver()[pri:0, instance:tests.sectionInfoTest@79079097]" name="intializeWebdriver" is-config="true" duration-ms="1198" started-at="2021-07-04T16:42:51Z" finished-at="2021-07-04T16:42:52Z">
          <reporter-output>
          </reporter-output>
        </test-method> <!-- intializeWebdriver -->
        <test-method status="PASS" signature="openBrowser()[pri:0, instance:tests.sectionInfoTest@79079097]" name="openBrowser" is-config="true" duration-ms="18983" started-at="2021-07-04T16:42:52Z" finished-at="2021-07-04T16:43:11Z">
          <reporter-output>
          </reporter-output>
        </test-method> <!-- openBrowser -->
        <test-method status="PASS" signature="faqsection()[pri:0, instance:tests.sectionInfoTest@79079097]" name="faqsection" duration-ms="2822" started-at="2021-07-04T16:43:11Z" finished-at="2021-07-04T16:43:14Z">
          <reporter-output>
          </reporter-output>
        </test-method> <!-- faqsection -->
        <test-method status="PASS" signature="closeBrowser()[pri:0, instance:tests.sectionInfoTest@79079097]" name="closeBrowser" is-config="true" duration-ms="691" started-at="2021-07-04T16:43:14Z" finished-at="2021-07-04T16:43:14Z">
          <reporter-output>
          </reporter-output>
        </test-method> <!-- closeBrowser -->
        <test-method status="PASS" signature="attachScreenShot(org.testng.ITestResult)[pri:0, instance:tests.sectionInfoTest@79079097]" name="attachScreenShot" is-config="true" duration-ms="0" started-at="2021-07-04T16:43:14Z" finished-at="2021-07-04T16:43:14Z">
          <params>
            <param index="0">
              <value>
                <![CDATA[[TestResult name=faqsection status=SUCCESS method=sectionInfoTest.faqsection()[pri:0, instance:tests.sectionInfoTest@79079097] output={null}]]]>
              </value>
            </param>
          </params>
          <reporter-output>
          </reporter-output>
        </test-method> <!-- attachScreenShot -->
        <test-method status="PASS" signature="intializeWebdriver()[pri:0, instance:tests.sectionInfoTest@79079097]" name="intializeWebdriver" is-config="true" duration-ms="1108" started-at="2021-07-04T16:43:14Z" finished-at="2021-07-04T16:43:15Z">
          <reporter-output>
          </reporter-output>
        </test-method> <!-- intializeWebdriver -->
        <test-method status="PASS" signature="openBrowser()[pri:0, instance:tests.sectionInfoTest@79079097]" name="openBrowser" is-config="true" duration-ms="3986" started-at="2021-07-04T16:43:15Z" finished-at="2021-07-04T16:43:19Z">
          <reporter-output>
          </reporter-output>
        </test-method> <!-- openBrowser -->
        <test-method status="PASS" signature="insuranceSection()[pri:0, instance:tests.sectionInfoTest@79079097]" name="insuranceSection" duration-ms="3604" started-at="2021-07-04T16:43:19Z" finished-at="2021-07-04T16:43:23Z">
          <reporter-output>
          </reporter-output>
        </test-method> <!-- insuranceSection -->
        <test-method status="PASS" signature="closeBrowser()[pri:0, instance:tests.sectionInfoTest@79079097]" name="closeBrowser" is-config="true" duration-ms="756" started-at="2021-07-04T16:43:23Z" finished-at="2021-07-04T16:43:24Z">
          <reporter-output>
          </reporter-output>
        </test-method> <!-- closeBrowser -->
        <test-method status="PASS" signature="attachScreenShot(org.testng.ITestResult)[pri:0, instance:tests.sectionInfoTest@79079097]" name="attachScreenShot" is-config="true" duration-ms="0" started-at="2021-07-04T16:43:23Z" finished-at="2021-07-04T16:43:23Z">
          <params>
            <param index="0">
              <value>
                <![CDATA[[TestResult name=insuranceSection status=SUCCESS method=sectionInfoTest.insuranceSection()[pri:0, instance:tests.sectionInfoTest@79079097] output={null}]]]>
              </value>
            </param>
          </params>
          <reporter-output>
          </reporter-output>
        </test-method> <!-- attachScreenShot -->
        <test-method status="PASS" signature="intializeWebdriver()[pri:0, instance:tests.sectionInfoTest@79079097]" name="intializeWebdriver" is-config="true" duration-ms="1101" started-at="2021-07-04T16:43:24Z" finished-at="2021-07-04T16:43:25Z">
          <reporter-output>
          </reporter-output>
        </test-method> <!-- intializeWebdriver -->
        <test-method status="PASS" signature="openBrowser()[pri:0, instance:tests.sectionInfoTest@79079097]" name="openBrowser" is-config="true" duration-ms="18833" started-at="2021-07-04T16:43:25Z" finished-at="2021-07-04T16:43:44Z">
          <reporter-output>
          </reporter-output>
        </test-method> <!-- openBrowser -->
        <test-method status="PASS" signature="privacyPolicysection()[pri:0, instance:tests.sectionInfoTest@79079097]" name="privacyPolicysection" duration-ms="2823" started-at="2021-07-04T16:43:44Z" finished-at="2021-07-04T16:43:46Z">
          <reporter-output>
          </reporter-output>
        </test-method> <!-- privacyPolicysection -->
        <test-method status="PASS" signature="closeBrowser()[pri:0, instance:tests.sectionInfoTest@79079097]" name="closeBrowser" is-config="true" duration-ms="771" started-at="2021-07-04T16:43:46Z" finished-at="2021-07-04T16:43:47Z">
          <reporter-output>
          </reporter-output>
        </test-method> <!-- closeBrowser -->
        <test-method status="PASS" signature="attachScreenShot(org.testng.ITestResult)[pri:0, instance:tests.sectionInfoTest@79079097]" name="attachScreenShot" is-config="true" duration-ms="0" started-at="2021-07-04T16:43:46Z" finished-at="2021-07-04T16:43:46Z">
          <params>
            <param index="0">
              <value>
                <![CDATA[[TestResult name=privacyPolicysection status=SUCCESS method=sectionInfoTest.privacyPolicysection()[pri:0, instance:tests.sectionInfoTest@79079097] output={null}]]]>
              </value>
            </param>
          </params>
          <reporter-output>
          </reporter-output>
        </test-method> <!-- attachScreenShot -->
        <test-method status="PASS" signature="intializeWebdriver()[pri:0, instance:tests.sectionInfoTest@79079097]" name="intializeWebdriver" is-config="true" duration-ms="1106" started-at="2021-07-04T16:43:47Z" finished-at="2021-07-04T16:43:48Z">
          <reporter-output>
          </reporter-output>
        </test-method> <!-- intializeWebdriver -->
        <test-method status="PASS" signature="openBrowser()[pri:0, instance:tests.sectionInfoTest@79079097]" name="openBrowser" is-config="true" duration-ms="23610" started-at="2021-07-04T16:43:48Z" finished-at="2021-07-04T16:44:12Z">
          <reporter-output>
          </reporter-output>
        </test-method> <!-- openBrowser -->
        <test-method status="PASS" signature="termAndCondition()[pri:0, instance:tests.sectionInfoTest@79079097]" name="termAndCondition" duration-ms="2977" started-at="2021-07-04T16:44:12Z" finished-at="2021-07-04T16:44:15Z">
          <reporter-output>
          </reporter-output>
        </test-method> <!-- termAndCondition -->
        <test-method status="PASS" signature="closeBrowser()[pri:0, instance:tests.sectionInfoTest@79079097]" name="closeBrowser" is-config="true" duration-ms="722" started-at="2021-07-04T16:44:15Z" finished-at="2021-07-04T16:44:16Z">
          <reporter-output>
          </reporter-output>
        </test-method> <!-- closeBrowser -->
        <test-method status="PASS" signature="attachScreenShot(org.testng.ITestResult)[pri:0, instance:tests.sectionInfoTest@79079097]" name="attachScreenShot" is-config="true" duration-ms="0" started-at="2021-07-04T16:44:15Z" finished-at="2021-07-04T16:44:15Z">
          <params>
            <param index="0">
              <value>
                <![CDATA[[TestResult name=termAndCondition status=SUCCESS method=sectionInfoTest.termAndCondition()[pri:0, instance:tests.sectionInfoTest@79079097] output={null}]]]>
              </value>
            </param>
          </params>
          <reporter-output>
          </reporter-output>
        </test-method> <!-- attachScreenShot -->
        <test-method status="PASS" signature="intializeWebdriver()[pri:0, instance:tests.sectionInfoTest@79079097]" name="intializeWebdriver" is-config="true" duration-ms="998" started-at="2021-07-04T16:44:16Z" finished-at="2021-07-04T16:44:17Z">
          <reporter-output>
          </reporter-output>
        </test-method> <!-- intializeWebdriver -->
        <test-method status="PASS" signature="openBrowser()[pri:0, instance:tests.sectionInfoTest@79079097]" name="openBrowser" is-config="true" duration-ms="24347" started-at="2021-07-04T16:44:17Z" finished-at="2021-07-04T16:44:41Z">
          <reporter-output>
          </reporter-output>
        </test-method> <!-- openBrowser -->
        <test-method status="PASS" signature="userAgreementSection()[pri:0, instance:tests.sectionInfoTest@79079097]" name="userAgreementSection" duration-ms="2824" started-at="2021-07-04T16:44:41Z" finished-at="2021-07-04T16:44:44Z">
          <reporter-output>
          </reporter-output>
        </test-method> <!-- userAgreementSection -->
        <test-method status="PASS" signature="attachScreenShot(org.testng.ITestResult)[pri:0, instance:tests.sectionInfoTest@79079097]" name="attachScreenShot" is-config="true" duration-ms="0" started-at="2021-07-04T16:44:44Z" finished-at="2021-07-04T16:44:44Z">
          <params>
            <param index="0">
              <value>
                <![CDATA[[TestResult name=userAgreementSection status=SUCCESS method=sectionInfoTest.userAgreementSection()[pri:0, instance:tests.sectionInfoTest@79079097] output={null}]]]>
              </value>
            </param>
          </params>
          <reporter-output>
          </reporter-output>
        </test-method> <!-- attachScreenShot -->
        <test-method status="PASS" signature="closeBrowser()[pri:0, instance:tests.sectionInfoTest@79079097]" name="closeBrowser" is-config="true" duration-ms="691" started-at="2021-07-04T16:44:44Z" finished-at="2021-07-04T16:44:44Z">
          <reporter-output>
          </reporter-output>
        </test-method> <!-- closeBrowser -->
      </class> <!-- tests.sectionInfoTest -->
      <class name="tests.contactTest">
        <test-method status="PASS" signature="intializeWebdriver()[pri:0, instance:tests.contactTest@1a677343]" name="intializeWebdriver" is-config="true" duration-ms="1097" started-at="2021-07-04T16:36:04Z" finished-at="2021-07-04T16:36:05Z">
          <reporter-output>
          </reporter-output>
        </test-method> <!-- intializeWebdriver -->
        <test-method status="PASS" signature="openBrowser()[pri:0, instance:tests.contactTest@1a677343]" name="openBrowser" is-config="true" duration-ms="24286" started-at="2021-07-04T16:36:05Z" finished-at="2021-07-04T16:36:29Z">
          <reporter-output>
          </reporter-output>
        </test-method> <!-- openBrowser -->
        <test-method status="PASS" signature="ContactRedBus()[pri:0, instance:tests.contactTest@1a677343]" name="ContactRedBus" duration-ms="10348" started-at="2021-07-04T16:36:29Z" finished-at="2021-07-04T16:36:40Z">
          <reporter-output>
          </reporter-output>
        </test-method> <!-- ContactRedBus -->
        <test-method status="PASS" signature="closeBrowser()[pri:0, instance:tests.contactTest@1a677343]" name="closeBrowser" is-config="true" duration-ms="804" started-at="2021-07-04T16:36:40Z" finished-at="2021-07-04T16:36:40Z">
          <reporter-output>
          </reporter-output>
        </test-method> <!-- closeBrowser -->
        <test-method status="PASS" signature="attachScreenShot(org.testng.ITestResult)[pri:0, instance:tests.contactTest@1a677343]" name="attachScreenShot" is-config="true" duration-ms="0" started-at="2021-07-04T16:36:40Z" finished-at="2021-07-04T16:36:40Z">
          <params>
            <param index="0">
              <value>
                <![CDATA[[TestResult name=ContactRedBus status=SUCCESS method=contactTest.ContactRedBus()[pri:0, instance:tests.contactTest@1a677343] output={null}]]]>
              </value>
            </param>
          </params>
          <reporter-output>
          </reporter-output>
        </test-method> <!-- attachScreenShot -->
      </class> <!-- tests.contactTest -->
      <class name="tests.busHireOutstationTest">
        <test-method status="PASS" signature="intializeWebdriver()[pri:0, instance:tests.busHireOutstationTest@62ddbd7e]" name="intializeWebdriver" is-config="true" duration-ms="1028" started-at="2021-07-04T16:34:51Z" finished-at="2021-07-04T16:34:52Z">
          <reporter-output>
          </reporter-output>
        </test-method> <!-- intializeWebdriver -->
        <test-method status="PASS" signature="openBrowser()[pri:0, instance:tests.busHireOutstationTest@62ddbd7e]" name="openBrowser" is-config="true" duration-ms="4519" started-at="2021-07-04T16:34:52Z" finished-at="2021-07-04T16:34:57Z">
          <reporter-output>
          </reporter-output>
        </test-method> <!-- openBrowser -->
        <test-method status="FAIL" signature="all_bus_operators()[pri:0, instance:tests.busHireOutstationTest@62ddbd7e]" name="all_bus_operators" duration-ms="20598" started-at="2021-07-04T16:34:57Z" finished-at="2021-07-04T16:35:17Z">
          <exception class="org.openqa.selenium.ElementNotInteractableException">
            <message>
              <![CDATA[element not interactable
  (Session info: chrome=91.0.4472.124)
Build info: version: '3.141.59', revision: 'e82be7d358', time: '2018-11-14T08:17:03'
System info: host: 'SIDDHANTPANDA', ip: '192.168.0.100', os.name: 'Windows 10', os.arch: 'amd64', os.version: '10.0', java.version: '1.8.0_221'
Driver info: org.openqa.selenium.chrome.ChromeDriver
Capabilities {acceptInsecureCerts: false, browserName: chrome, browserVersion: 91.0.4472.124, chrome: {chromedriverVersion: 91.0.4472.101 (af52a90bf870..., userDataDir: C:\Users\SIDDHA~1\AppData\L...}, goog:chromeOptions: {debuggerAddress: localhost:57374}, javascriptEnabled: true, networkConnectionEnabled: false, pageLoadStrategy: normal, platform: WINDOWS, platformName: WINDOWS, proxy: Proxy(), setWindowRect: true, strictFileInteractability: false, timeouts: {implicit: 0, pageLoad: 300000, script: 30000}, unhandledPromptBehavior: dismiss and notify, webauthn:extension:largeBlob: true, webauthn:virtualAuthenticators: true}
Session ID: 914d4c2364e6b4b3c2863616595c2680]]>
            </message>
            <full-stacktrace>
              <![CDATA[org.openqa.selenium.ElementNotInteractableException: element not interactable
  (Session info: chrome=91.0.4472.124)
Build info: version: '3.141.59', revision: 'e82be7d358', time: '2018-11-14T08:17:03'
System info: host: 'SIDDHANTPANDA', ip: '192.168.0.100', os.name: 'Windows 10', os.arch: 'amd64', os.version: '10.0', java.version: '1.8.0_221'
Driver info: org.openqa.selenium.chrome.ChromeDriver
Capabilities {acceptInsecureCerts: false, browserName: chrome, browserVersion: 91.0.4472.124, chrome: {chromedriverVersion: 91.0.4472.101 (af52a90bf870..., userDataDir: C:\Users\SIDDHA~1\AppData\L...}, goog:chromeOptions: {debuggerAddress: localhost:57374}, javascriptEnabled: true, networkConnectionEnabled: false, pageLoadStrategy: normal, platform: WINDOWS, platformName: WINDOWS, proxy: Proxy(), setWindowRect: true, strictFileInteractability: false, timeouts: {implicit: 0, pageLoad: 300000, script: 30000}, unhandledPromptBehavior: dismiss and notify, webauthn:extension:largeBlob: true, webauthn:virtualAuthenticators: true}
Session ID: 914d4c2364e6b4b3c2863616595c2680
at sun.reflect.NativeConstructorAccessorImpl.newInstance0(Native Method)
at sun.reflect.NativeConstructorAccessorImpl.newInstance(NativeConstructorAccessorImpl.java:62)
at sun.reflect.DelegatingConstructorAccessorImpl.newInstance(DelegatingConstructorAccessorImpl.java:45)
at java.lang.reflect.Constructor.newInstance(Constructor.java:423)
at org.openqa.selenium.remote.http.W3CHttpResponseCodec.createException(W3CHttpResponseCodec.java:187)
at org.openqa.selenium.remote.http.W3CHttpResponseCodec.decode(W3CHttpResponseCodec.java:122)
at org.openqa.selenium.remote.http.W3CHttpResponseCodec.decode(W3CHttpResponseCodec.java:49)
at org.openqa.selenium.remote.HttpCommandExecutor.execute(HttpCommandExecutor.java:158)
at org.openqa.selenium.remote.service.DriverCommandExecutor.execute(DriverCommandExecutor.java:83)
at org.openqa.selenium.remote.RemoteWebDriver.execute(RemoteWebDriver.java:552)
at org.openqa.selenium.remote.RemoteWebElement.execute(RemoteWebElement.java:285)
at org.openqa.selenium.remote.RemoteWebElement.sendKeys(RemoteWebElement.java:106)
at sun.reflect.NativeMethodAccessorImpl.invoke0(Native Method)
at sun.reflect.NativeMethodAccessorImpl.invoke(NativeMethodAccessorImpl.java:62)
at sun.reflect.DelegatingMethodAccessorImpl.invoke(DelegatingMethodAccessorImpl.java:43)
at java.lang.reflect.Method.invoke(Method.java:498)
at org.openqa.selenium.support.pagefactory.internal.LocatingElementHandler.invoke(LocatingElementHandler.java:51)
at com.sun.proxy.$Proxy9.sendKeys(Unknown Source)
at pages.busHireOutstationPage.TotalPassenger(busHireOutstationPage.java:83)
at tests.busHireOutstationTest.all_bus_operators(busHireOutstationTest.java:39)
at sun.reflect.NativeMethodAccessorImpl.invoke0(Native Method)
at sun.reflect.NativeMethodAccessorImpl.invoke(NativeMethodAccessorImpl.java:62)
at sun.reflect.DelegatingMethodAccessorImpl.invoke(DelegatingMethodAccessorImpl.java:43)
at java.lang.reflect.Method.invoke(Method.java:498)
at org.testng.internal.MethodInvocationHelper.invokeMethod(MethodInvocationHelper.java:124)
at org.testng.internal.Invoker.invokeMethod(Invoker.java:583)
at org.testng.internal.Invoker.invokeTestMethod(Invoker.java:719)
at org.testng.internal.Invoker.invokeTestMethods(Invoker.java:989)
at org.testng.internal.TestMethodWorker.invokeTestMethods(TestMethodWorker.java:125)
at org.testng.internal.TestMethodWorker.run(TestMethodWorker.java:109)
at org.testng.TestRunner.privateRun(TestRunner.java:648)
at org.testng.TestRunner.run(TestRunner.java:505)
at org.testng.SuiteRunner.runTest(SuiteRunner.java:455)
at org.testng.SuiteRunner.runSequentially(SuiteRunner.java:450)
at org.testng.SuiteRunner.privateRun(SuiteRunner.java:415)
at org.testng.SuiteRunner.run(SuiteRunner.java:364)
at org.testng.SuiteRunnerWorker.runSuite(SuiteRunnerWorker.java:52)
at org.testng.SuiteRunnerWorker.run(SuiteRunnerWorker.java:84)
at org.testng.TestNG.runSuitesSequentially(TestNG.java:1208)
at org.testng.TestNG.runSuitesLocally(TestNG.java:1137)
at org.testng.TestNG.runSuites(TestNG.java:1049)
at org.testng.TestNG.run(TestNG.java:1017)
at org.apache.maven.surefire.testng.TestNGExecutor.run(TestNGExecutor.java:135)
at org.apache.maven.surefire.testng.TestNGDirectoryTestSuite.executeMulti(TestNGDirectoryTestSuite.java:193)
at org.apache.maven.surefire.testng.TestNGDirectoryTestSuite.execute(TestNGDirectoryTestSuite.java:94)
at org.apache.maven.surefire.testng.TestNGProvider.invoke(TestNGProvider.java:146)
at org.apache.maven.surefire.booter.ForkedBooter.invokeProviderInSameClassLoader(ForkedBooter.java:384)
at org.apache.maven.surefire.booter.ForkedBooter.runSuitesInProcess(ForkedBooter.java:345)
at org.apache.maven.surefire.booter.ForkedBooter.execute(ForkedBooter.java:126)
at org.apache.maven.surefire.booter.ForkedBooter.main(ForkedBooter.java:418)
]]>
            </full-stacktrace>
          </exception> <!-- org.openqa.selenium.ElementNotInteractableException -->
          <reporter-output>
          </reporter-output>
        </test-method> <!-- all_bus_operators -->
        <test-method status="PASS" signature="attachScreenShot(org.testng.ITestResult)[pri:0, instance:tests.busHireOutstationTest@62ddbd7e]" name="attachScreenShot" is-config="true" duration-ms="365" started-at="2021-07-04T16:35:17Z" finished-at="2021-07-04T16:35:18Z">
          <params>
            <param index="0">
              <value>
                <![CDATA[[TestResult name=all_bus_operators status=FAILURE method=busHireOutstationTest.all_bus_operators()[pri:0, instance:tests.busHireOutstationTest@62ddbd7e] output={null}]]]>
              </value>
            </param>
          </params>
          <reporter-output>
          </reporter-output>
        </test-method> <!-- attachScreenShot -->
        <test-method status="PASS" signature="closeBrowser()[pri:0, instance:tests.busHireOutstationTest@62ddbd7e]" name="closeBrowser" is-config="true" duration-ms="4687" started-at="2021-07-04T16:35:18Z" finished-at="2021-07-04T16:35:22Z">
          <reporter-output>
          </reporter-output>
        </test-method> <!-- closeBrowser -->
      </class> <!-- tests.busHireOutstationTest -->
      <class name="tests.BookingchangeTravelDateTest">
        <test-method status="PASS" signature="intializeWebdriver()[pri:0, instance:tests.BookingchangeTravelDateTest@1fa121e2]" name="intializeWebdriver" is-config="true" duration-ms="1104" started-at="2021-07-04T16:33:35Z" finished-at="2021-07-04T16:33:36Z">
          <reporter-output>
          </reporter-output>
        </test-method> <!-- intializeWebdriver -->
        <test-method status="PASS" signature="openBrowser()[pri:0, instance:tests.BookingchangeTravelDateTest@1fa121e2]" name="openBrowser" is-config="true" duration-ms="19695" started-at="2021-07-04T16:33:36Z" finished-at="2021-07-04T16:33:56Z">
          <reporter-output>
          </reporter-output>
        </test-method> <!-- openBrowser -->
        <test-method status="PASS" signature="TravelDate()[pri:0, instance:tests.BookingchangeTravelDateTest@1fa121e2]" name="TravelDate" duration-ms="5654" started-at="2021-07-04T16:33:56Z" finished-at="2021-07-04T16:34:02Z">
          <reporter-output>
          </reporter-output>
        </test-method> <!-- TravelDate -->
        <test-method status="PASS" signature="attachScreenShot(org.testng.ITestResult)[pri:0, instance:tests.BookingchangeTravelDateTest@1fa121e2]" name="attachScreenShot" is-config="true" duration-ms="1" started-at="2021-07-04T16:34:02Z" finished-at="2021-07-04T16:34:02Z">
          <params>
            <param index="0">
              <value>
                <![CDATA[[TestResult name=TravelDate status=SUCCESS method=BookingchangeTravelDateTest.TravelDate()[pri:0, instance:tests.BookingchangeTravelDateTest@1fa121e2] output={null}]]]>
              </value>
            </param>
          </params>
          <reporter-output>
          </reporter-output>
        </test-method> <!-- attachScreenShot -->
        <test-method status="PASS" signature="closeBrowser()[pri:0, instance:tests.BookingchangeTravelDateTest@1fa121e2]" name="closeBrowser" is-config="true" duration-ms="660" started-at="2021-07-04T16:34:02Z" finished-at="2021-07-04T16:34:02Z">
          <reporter-output>
          </reporter-output>
        </test-method> <!-- closeBrowser -->
      </class> <!-- tests.BookingchangeTravelDateTest -->
      <class name="tests.busOperatorTest">
        <test-method status="PASS" signature="intializeWebdriver()[pri:0, instance:tests.busOperatorTest@74e52ef6]" name="intializeWebdriver" is-config="true" duration-ms="1118" started-at="2021-07-04T16:35:22Z" finished-at="2021-07-04T16:35:23Z">
          <reporter-output>
          </reporter-output>
        </test-method> <!-- intializeWebdriver -->
        <test-method status="PASS" signature="openBrowser()[pri:0, instance:tests.busOperatorTest@74e52ef6]" name="openBrowser" is-config="true" duration-ms="20732" started-at="2021-07-04T16:35:23Z" finished-at="2021-07-04T16:35:44Z">
          <reporter-output>
          </reporter-output>
        </test-method> <!-- openBrowser -->
        <test-method status="PASS" signature="allBusOperators()[pri:0, instance:tests.busOperatorTest@74e52ef6]" name="allBusOperators" duration-ms="10292" started-at="2021-07-04T16:35:44Z" finished-at="2021-07-04T16:35:54Z">
          <reporter-output>
          </reporter-output>
        </test-method> <!-- allBusOperators -->
        <test-method status="PASS" signature="closeBrowser()[pri:0, instance:tests.busOperatorTest@74e52ef6]" name="closeBrowser" is-config="true" duration-ms="789" started-at="2021-07-04T16:35:54Z" finished-at="2021-07-04T16:35:55Z">
          <reporter-output>
          </reporter-output>
        </test-method> <!-- closeBrowser -->
        <test-method status="PASS" signature="attachScreenShot(org.testng.ITestResult)[pri:0, instance:tests.busOperatorTest@74e52ef6]" name="attachScreenShot" is-config="true" duration-ms="0" started-at="2021-07-04T16:35:54Z" finished-at="2021-07-04T16:35:54Z">
          <params>
            <param index="0">
              <value>
                <![CDATA[[TestResult name=allBusOperators status=SUCCESS method=busOperatorTest.allBusOperators()[pri:0, instance:tests.busOperatorTest@74e52ef6] output={null}]]]>
              </value>
            </param>
          </params>
          <reporter-output>
          </reporter-output>
        </test-method> <!-- attachScreenShot -->
      </class> <!-- tests.busOperatorTest -->
      <class name="tests.helpTest">
        <test-method status="PASS" signature="intializeWebdriver()[pri:0, instance:tests.helpTest@489115ef]" name="intializeWebdriver" is-config="true" duration-ms="1075" started-at="2021-07-04T16:38:34Z" finished-at="2021-07-04T16:38:35Z">
          <reporter-output>
          </reporter-output>
        </test-method> <!-- intializeWebdriver -->
        <test-method status="PASS" signature="openBrowser()[pri:0, instance:tests.helpTest@489115ef]" name="openBrowser" is-config="true" duration-ms="24285" started-at="2021-07-04T16:38:35Z" finished-at="2021-07-04T16:39:00Z">
          <reporter-output>
          </reporter-output>
        </test-method> <!-- openBrowser -->
        <test-method status="PASS" signature="careers()[pri:0, instance:tests.helpTest@489115ef]" name="careers" duration-ms="2026" started-at="2021-07-04T16:39:00Z" finished-at="2021-07-04T16:39:02Z">
          <reporter-output>
          </reporter-output>
        </test-method> <!-- careers -->
        <test-method status="PASS" signature="attachScreenShot(org.testng.ITestResult)[pri:0, instance:tests.helpTest@489115ef]" name="attachScreenShot" is-config="true" duration-ms="0" started-at="2021-07-04T16:39:02Z" finished-at="2021-07-04T16:39:02Z">
          <params>
            <param index="0">
              <value>
                <![CDATA[[TestResult name=careers status=SUCCESS method=helpTest.careers()[pri:0, instance:tests.helpTest@489115ef] output={null}]]]>
              </value>
            </param>
          </params>
          <reporter-output>
          </reporter-output>
        </test-method> <!-- attachScreenShot -->
        <test-method status="PASS" signature="closeBrowser()[pri:0, instance:tests.helpTest@489115ef]" name="closeBrowser" is-config="true" duration-ms="739" started-at="2021-07-04T16:39:02Z" finished-at="2021-07-04T16:39:03Z">
          <reporter-output>
          </reporter-output>
        </test-method> <!-- closeBrowser -->
      </class> <!-- tests.helpTest -->
      <class name="tests.partnerWebsiteTest">
        <test-method status="PASS" signature="intializeWebdriver()[pri:0, instance:tests.partnerWebsiteTest@3c9754d8]" name="intializeWebdriver" is-config="true" duration-ms="1071" started-at="2021-07-04T16:40:45Z" finished-at="2021-07-04T16:40:46Z">
          <reporter-output>
          </reporter-output>
        </test-method> <!-- intializeWebdriver -->
        <test-method status="PASS" signature="openBrowser()[pri:0, instance:tests.partnerWebsiteTest@3c9754d8]" name="openBrowser" is-config="true" duration-ms="10417" started-at="2021-07-04T16:40:46Z" finished-at="2021-07-04T16:40:57Z">
          <reporter-output>
          </reporter-output>
        </test-method> <!-- openBrowser -->
        <test-method status="PASS" signature="partnerWebsitesmakemytrip()[pri:0, instance:tests.partnerWebsiteTest@3c9754d8]" name="partnerWebsitesmakemytrip" duration-ms="11517" started-at="2021-07-04T16:40:57Z" finished-at="2021-07-04T16:41:08Z">
          <reporter-output>
          </reporter-output>
        </test-method> <!-- partnerWebsitesmakemytrip -->
        <test-method status="PASS" signature="closeBrowser()[pri:0, instance:tests.partnerWebsiteTest@3c9754d8]" name="closeBrowser" is-config="true" duration-ms="788" started-at="2021-07-04T16:41:08Z" finished-at="2021-07-04T16:41:09Z">
          <reporter-output>
          </reporter-output>
        </test-method> <!-- closeBrowser -->
        <test-method status="PASS" signature="attachScreenShot(org.testng.ITestResult)[pri:0, instance:tests.partnerWebsiteTest@3c9754d8]" name="attachScreenShot" is-config="true" duration-ms="0" started-at="2021-07-04T16:41:08Z" finished-at="2021-07-04T16:41:08Z">
          <params>
            <param index="0">
              <value>
                <![CDATA[[TestResult name=partnerWebsitesmakemytrip status=SUCCESS method=partnerWebsiteTest.partnerWebsitesmakemytrip()[pri:0, instance:tests.partnerWebsiteTest@3c9754d8] output={null}]]]>
              </value>
            </param>
          </params>
          <reporter-output>
          </reporter-output>
        </test-method> <!-- attachScreenShot -->
        <test-method status="PASS" signature="intializeWebdriver()[pri:0, instance:tests.partnerWebsiteTest@3c9754d8]" name="intializeWebdriver" is-config="true" duration-ms="1102" started-at="2021-07-04T16:41:09Z" finished-at="2021-07-04T16:41:10Z">
          <reporter-output>
          </reporter-output>
        </test-method> <!-- intializeWebdriver -->
        <test-method status="PASS" signature="openBrowser()[pri:0, instance:tests.partnerWebsiteTest@3c9754d8]" name="openBrowser" is-config="true" duration-ms="3893" started-at="2021-07-04T16:41:10Z" finished-at="2021-07-04T16:41:14Z">
          <reporter-output>
          </reporter-output>
        </test-method> <!-- openBrowser -->
        <test-method status="FAIL" signature="partnergoibibosite()[pri:0, instance:tests.partnerWebsiteTest@3c9754d8]" name="partnergoibibosite" duration-ms="189" started-at="2021-07-04T16:41:14Z" finished-at="2021-07-04T16:41:14Z">
          <exception class="java.lang.IndexOutOfBoundsException">
            <message>
              <![CDATA[Index: 1, Size: 1]]>
            </message>
            <full-stacktrace>
              <![CDATA[java.lang.IndexOutOfBoundsException: Index: 1, Size: 1
at java.util.ArrayList.rangeCheck(ArrayList.java:657)
at java.util.ArrayList.get(ArrayList.java:433)
at pages.partnerWebsitePage.GoibiboSite(partnerWebsitePage.java:28)
at tests.partnerWebsiteTest.partnergoibibosite(partnerWebsiteTest.java:26)
at sun.reflect.NativeMethodAccessorImpl.invoke0(Native Method)
at sun.reflect.NativeMethodAccessorImpl.invoke(NativeMethodAccessorImpl.java:62)
at sun.reflect.DelegatingMethodAccessorImpl.invoke(DelegatingMethodAccessorImpl.java:43)
at java.lang.reflect.Method.invoke(Method.java:498)
at org.testng.internal.MethodInvocationHelper.invokeMethod(MethodInvocationHelper.java:124)
at org.testng.internal.Invoker.invokeMethod(Invoker.java:583)
at org.testng.internal.Invoker.invokeTestMethod(Invoker.java:719)
at org.testng.internal.Invoker.invokeTestMethods(Invoker.java:989)
at org.testng.internal.TestMethodWorker.invokeTestMethods(TestMethodWorker.java:125)
at org.testng.internal.TestMethodWorker.run(TestMethodWorker.java:109)
at org.testng.TestRunner.privateRun(TestRunner.java:648)
at org.testng.TestRunner.run(TestRunner.java:505)
at org.testng.SuiteRunner.runTest(SuiteRunner.java:455)
at org.testng.SuiteRunner.runSequentially(SuiteRunner.java:450)
at org.testng.SuiteRunner.privateRun(SuiteRunner.java:415)
at org.testng.SuiteRunner.run(SuiteRunner.java:364)
at org.testng.SuiteRunnerWorker.runSuite(SuiteRunnerWorker.java:52)
at org.testng.SuiteRunnerWorker.run(SuiteRunnerWorker.java:84)
at org.testng.TestNG.runSuitesSequentially(TestNG.java:1208)
at org.testng.TestNG.runSuitesLocally(TestNG.java:1137)
at org.testng.TestNG.runSuites(TestNG.java:1049)
at org.testng.TestNG.run(TestNG.java:1017)
at org.apache.maven.surefire.testng.TestNGExecutor.run(TestNGExecutor.java:135)
at org.apache.maven.surefire.testng.TestNGDirectoryTestSuite.executeMulti(TestNGDirectoryTestSuite.java:193)
at org.apache.maven.surefire.testng.TestNGDirectoryTestSuite.execute(TestNGDirectoryTestSuite.java:94)
at org.apache.maven.surefire.testng.TestNGProvider.invoke(TestNGProvider.java:146)
at org.apache.maven.surefire.booter.ForkedBooter.invokeProviderInSameClassLoader(ForkedBooter.java:384)
at org.apache.maven.surefire.booter.ForkedBooter.runSuitesInProcess(ForkedBooter.java:345)
at org.apache.maven.surefire.booter.ForkedBooter.execute(ForkedBooter.java:126)
at org.apache.maven.surefire.booter.ForkedBooter.main(ForkedBooter.java:418)
]]>
            </full-stacktrace>
          </exception> <!-- java.lang.IndexOutOfBoundsException -->
          <reporter-output>
          </reporter-output>
        </test-method> <!-- partnergoibibosite -->
        <test-method status="PASS" signature="attachScreenShot(org.testng.ITestResult)[pri:0, instance:tests.partnerWebsiteTest@3c9754d8]" name="attachScreenShot" is-config="true" duration-ms="318" started-at="2021-07-04T16:41:14Z" finished-at="2021-07-04T16:41:15Z">
          <params>
            <param index="0">
              <value>
                <![CDATA[[TestResult name=partnergoibibosite status=FAILURE method=partnerWebsiteTest.partnergoibibosite()[pri:0, instance:tests.partnerWebsiteTest@3c9754d8] output={null}]]]>
              </value>
            </param>
          </params>
          <reporter-output>
          </reporter-output>
        </test-method> <!-- attachScreenShot -->
        <test-method status="PASS" signature="closeBrowser()[pri:0, instance:tests.partnerWebsiteTest@3c9754d8]" name="closeBrowser" is-config="true" duration-ms="680" started-at="2021-07-04T16:41:15Z" finished-at="2021-07-04T16:41:15Z">
          <reporter-output>
          </reporter-output>
        </test-method> <!-- closeBrowser -->
      </class> <!-- tests.partnerWebsiteTest -->
      <class name="tests.BaseTest">
        <test-method status="PASS" signature="setExtent()[pri:0, instance:tests.BaseTest@3b0090a4]" name="setExtent" is-config="true" duration-ms="64" started-at="2021-07-04T16:33:05Z" finished-at="2021-07-04T16:33:05Z">
          <reporter-output>
          </reporter-output>
        </test-method> <!-- setExtent -->
        <test-method status="PASS" signature="endReport()[pri:0, instance:tests.BaseTest@3b0090a4]" name="endReport" is-config="true" duration-ms="181" started-at="2021-07-04T16:45:31Z" finished-at="2021-07-04T16:45:31Z">
          <reporter-output>
          </reporter-output>
        </test-method> <!-- endReport -->
      </class> <!-- tests.BaseTest -->
      <class name="tests.rpoolTest">
        <test-method status="PASS" signature="intializeWebdriver()[pri:0, instance:tests.rpoolTest@3bf7ca37]" name="intializeWebdriver" is-config="true" duration-ms="1220" started-at="2021-07-04T16:41:15Z" finished-at="2021-07-04T16:41:17Z">
          <reporter-output>
          </reporter-output>
        </test-method> <!-- intializeWebdriver -->
        <test-method status="PASS" signature="openBrowser()[pri:0, instance:tests.rpoolTest@3bf7ca37]" name="openBrowser" is-config="true" duration-ms="6286" started-at="2021-07-04T16:41:17Z" finished-at="2021-07-04T16:41:23Z">
          <reporter-output>
          </reporter-output>
        </test-method> <!-- openBrowser -->
        <test-method status="PASS" signature="rpoolandriod()[pri:0, instance:tests.rpoolTest@3bf7ca37]" name="rpoolandriod" duration-ms="5215" started-at="2021-07-04T16:41:23Z" finished-at="2021-07-04T16:41:28Z">
          <reporter-output>
          </reporter-output>
        </test-method> <!-- rpoolandriod -->
        <test-method status="PASS" signature="attachScreenShot(org.testng.ITestResult)[pri:0, instance:tests.rpoolTest@3bf7ca37]" name="attachScreenShot" is-config="true" duration-ms="0" started-at="2021-07-04T16:41:28Z" finished-at="2021-07-04T16:41:28Z">
          <params>
            <param index="0">
              <value>
                <![CDATA[[TestResult name=rpoolandriod status=SUCCESS method=rpoolTest.rpoolandriod()[pri:0, instance:tests.rpoolTest@3bf7ca37] output={null}]]]>
              </value>
            </param>
          </params>
          <reporter-output>
          </reporter-output>
        </test-method> <!-- attachScreenShot -->
        <test-method status="PASS" signature="closeBrowser()[pri:0, instance:tests.rpoolTest@3bf7ca37]" name="closeBrowser" is-config="true" duration-ms="1137" started-at="2021-07-04T16:41:28Z" finished-at="2021-07-04T16:41:29Z">
          <reporter-output>
          </reporter-output>
        </test-method> <!-- closeBrowser -->
        <test-method status="PASS" signature="intializeWebdriver()[pri:0, instance:tests.rpoolTest@3bf7ca37]" name="intializeWebdriver" is-config="true" duration-ms="1062" started-at="2021-07-04T16:41:29Z" finished-at="2021-07-04T16:41:30Z">
          <reporter-output>
          </reporter-output>
        </test-method> <!-- intializeWebdriver -->
        <test-method status="PASS" signature="openBrowser()[pri:0, instance:tests.rpoolTest@3bf7ca37]" name="openBrowser" is-config="true" duration-ms="24305" started-at="2021-07-04T16:41:30Z" finished-at="2021-07-04T16:41:55Z">
          <reporter-output>
          </reporter-output>
        </test-method> <!-- openBrowser -->
        <test-method status="PASS" signature="rpoolios()[pri:0, instance:tests.rpoolTest@3bf7ca37]" name="rpoolios" duration-ms="8723" started-at="2021-07-04T16:41:55Z" finished-at="2021-07-04T16:42:03Z">
          <reporter-output>
          </reporter-output>
        </test-method> <!-- rpoolios -->
        <test-method status="PASS" signature="attachScreenShot(org.testng.ITestResult)[pri:0, instance:tests.rpoolTest@3bf7ca37]" name="attachScreenShot" is-config="true" duration-ms="0" started-at="2021-07-04T16:42:03Z" finished-at="2021-07-04T16:42:03Z">
          <params>
            <param index="0">
              <value>
                <![CDATA[[TestResult name=rpoolios status=SUCCESS method=rpoolTest.rpoolios()[pri:0, instance:tests.rpoolTest@3bf7ca37] output={null}]]]>
              </value>
            </param>
          </params>
          <reporter-output>
          </reporter-output>
        </test-method> <!-- attachScreenShot -->
        <test-method status="PASS" signature="closeBrowser()[pri:0, instance:tests.rpoolTest@3bf7ca37]" name="closeBrowser" is-config="true" duration-ms="878" started-at="2021-07-04T16:42:03Z" finished-at="2021-07-04T16:42:04Z">
          <reporter-output>
          </reporter-output>
        </test-method> <!-- closeBrowser -->
      </class> <!-- tests.rpoolTest -->
      <class name="tests.careerTest">
        <test-method status="PASS" signature="intializeWebdriver()[pri:0, instance:tests.careerTest@6ed3ccb2]" name="intializeWebdriver" is-config="true" duration-ms="1241" started-at="2021-07-04T16:35:55Z" finished-at="2021-07-04T16:35:56Z">
          <reporter-output>
          </reporter-output>
        </test-method> <!-- intializeWebdriver -->
        <test-method status="PASS" signature="openBrowser()[pri:0, instance:tests.careerTest@6ed3ccb2]" name="openBrowser" is-config="true" duration-ms="3272" started-at="2021-07-04T16:35:56Z" finished-at="2021-07-04T16:36:00Z">
          <reporter-output>
          </reporter-output>
        </test-method> <!-- openBrowser -->
        <test-method status="PASS" signature="careers()[pri:0, instance:tests.careerTest@6ed3ccb2]" name="careers" duration-ms="3489" started-at="2021-07-04T16:36:00Z" finished-at="2021-07-04T16:36:03Z">
          <reporter-output>
          </reporter-output>
        </test-method> <!-- careers -->
        <test-method status="PASS" signature="attachScreenShot(org.testng.ITestResult)[pri:0, instance:tests.careerTest@6ed3ccb2]" name="attachScreenShot" is-config="true" duration-ms="0" started-at="2021-07-04T16:36:03Z" finished-at="2021-07-04T16:36:03Z">
          <params>
            <param index="0">
              <value>
                <![CDATA[[TestResult name=careers status=SUCCESS method=careerTest.careers()[pri:0, instance:tests.careerTest@6ed3ccb2] output={null}]]]>
              </value>
            </param>
          </params>
          <reporter-output>
          </reporter-output>
        </test-method> <!-- attachScreenShot -->
        <test-method status="PASS" signature="closeBrowser()[pri:0, instance:tests.careerTest@6ed3ccb2]" name="closeBrowser" is-config="true" duration-ms="787" started-at="2021-07-04T16:36:03Z" finished-at="2021-07-04T16:36:04Z">
          <reporter-output>
          </reporter-output>
        </test-method> <!-- closeBrowser -->
      </class> <!-- tests.careerTest -->
      <class name="tests.globalSitesBookingTest">
        <test-method status="PASS" signature="intializeWebdriver()[pri:0, instance:tests.globalSitesBookingTest@15de0b3c]" name="intializeWebdriver" is-config="true" duration-ms="1185" started-at="2021-07-04T16:36:40Z" finished-at="2021-07-04T16:36:42Z">
          <reporter-output>
          </reporter-output>
        </test-method> <!-- intializeWebdriver -->
        <test-method status="PASS" signature="openBrowser()[pri:0, instance:tests.globalSitesBookingTest@15de0b3c]" name="openBrowser" is-config="true" duration-ms="3416" started-at="2021-07-04T16:36:42Z" finished-at="2021-07-04T16:36:45Z">
          <reporter-output>
          </reporter-output>
        </test-method> <!-- openBrowser -->
        <test-method status="PASS" signature="open_Malaysia_Booking()[pri:0, instance:tests.globalSitesBookingTest@15de0b3c]" name="open_Malaysia_Booking" duration-ms="9948" started-at="2021-07-04T16:36:45Z" finished-at="2021-07-04T16:36:55Z">
          <reporter-output>
          </reporter-output>
        </test-method> <!-- open_Malaysia_Booking -->
        <test-method status="PASS" signature="closeBrowser()[pri:0, instance:tests.globalSitesBookingTest@15de0b3c]" name="closeBrowser" is-config="true" duration-ms="772" started-at="2021-07-04T16:36:55Z" finished-at="2021-07-04T16:36:56Z">
          <reporter-output>
          </reporter-output>
        </test-method> <!-- closeBrowser -->
        <test-method status="PASS" signature="attachScreenShot(org.testng.ITestResult)[pri:0, instance:tests.globalSitesBookingTest@15de0b3c]" name="attachScreenShot" is-config="true" duration-ms="0" started-at="2021-07-04T16:36:55Z" finished-at="2021-07-04T16:36:55Z">
          <params>
            <param index="0">
              <value>
                <![CDATA[[TestResult name=open_Malaysia_Booking status=SUCCESS method=globalSitesBookingTest.open_Malaysia_Booking()[pri:0, instance:tests.globalSitesBookingTest@15de0b3c] output={null}]]]>
              </value>
            </param>
          </params>
          <reporter-output>
          </reporter-output>
        </test-method> <!-- attachScreenShot -->
        <test-method status="PASS" signature="intializeWebdriver()[pri:0, instance:tests.globalSitesBookingTest@15de0b3c]" name="intializeWebdriver" is-config="true" duration-ms="1118" started-at="2021-07-04T16:36:56Z" finished-at="2021-07-04T16:36:57Z">
          <reporter-output>
          </reporter-output>
        </test-method> <!-- intializeWebdriver -->
        <test-method status="PASS" signature="openBrowser()[pri:0, instance:tests.globalSitesBookingTest@15de0b3c]" name="openBrowser" is-config="true" duration-ms="4520" started-at="2021-07-04T16:36:57Z" finished-at="2021-07-04T16:37:01Z">
          <reporter-output>
          </reporter-output>
        </test-method> <!-- openBrowser -->
        <test-method status="PASS" signature="open_colombia_Booking()[pri:0, instance:tests.globalSitesBookingTest@15de0b3c]" name="open_colombia_Booking" duration-ms="8564" started-at="2021-07-04T16:37:01Z" finished-at="2021-07-04T16:37:10Z">
          <reporter-output>
          </reporter-output>
        </test-method> <!-- open_colombia_Booking -->
        <test-method status="PASS" signature="attachScreenShot(org.testng.ITestResult)[pri:0, instance:tests.globalSitesBookingTest@15de0b3c]" name="attachScreenShot" is-config="true" duration-ms="0" started-at="2021-07-04T16:37:10Z" finished-at="2021-07-04T16:37:10Z">
          <params>
            <param index="0">
              <value>
                <![CDATA[[TestResult name=open_colombia_Booking status=SUCCESS method=globalSitesBookingTest.open_colombia_Booking()[pri:0, instance:tests.globalSitesBookingTest@15de0b3c] output={null}]]]>
              </value>
            </param>
          </params>
          <reporter-output>
          </reporter-output>
        </test-method> <!-- attachScreenShot -->
        <test-method status="PASS" signature="closeBrowser()[pri:0, instance:tests.globalSitesBookingTest@15de0b3c]" name="closeBrowser" is-config="true" duration-ms="850" started-at="2021-07-04T16:37:10Z" finished-at="2021-07-04T16:37:11Z">
          <reporter-output>
          </reporter-output>
        </test-method> <!-- closeBrowser -->
        <test-method status="PASS" signature="intializeWebdriver()[pri:0, instance:tests.globalSitesBookingTest@15de0b3c]" name="intializeWebdriver" is-config="true" duration-ms="1104" started-at="2021-07-04T16:37:11Z" finished-at="2021-07-04T16:37:12Z">
          <reporter-output>
          </reporter-output>
        </test-method> <!-- intializeWebdriver -->
        <test-method status="PASS" signature="openBrowser()[pri:0, instance:tests.globalSitesBookingTest@15de0b3c]" name="openBrowser" is-config="true" duration-ms="24275" started-at="2021-07-04T16:37:12Z" finished-at="2021-07-04T16:37:36Z">
          <reporter-output>
          </reporter-output>
        </test-method> <!-- openBrowser -->
        <test-method status="PASS" signature="open_indonesia_Booking()[pri:0, instance:tests.globalSitesBookingTest@15de0b3c]" name="open_indonesia_Booking" duration-ms="9744" started-at="2021-07-04T16:37:36Z" finished-at="2021-07-04T16:37:46Z">
          <reporter-output>
          </reporter-output>
        </test-method> <!-- open_indonesia_Booking -->
        <test-method status="PASS" signature="attachScreenShot(org.testng.ITestResult)[pri:0, instance:tests.globalSitesBookingTest@15de0b3c]" name="attachScreenShot" is-config="true" duration-ms="0" started-at="2021-07-04T16:37:46Z" finished-at="2021-07-04T16:37:46Z">
          <params>
            <param index="0">
              <value>
                <![CDATA[[TestResult name=open_indonesia_Booking status=SUCCESS method=globalSitesBookingTest.open_indonesia_Booking()[pri:0, instance:tests.globalSitesBookingTest@15de0b3c] output={null}]]]>
              </value>
            </param>
          </params>
          <reporter-output>
          </reporter-output>
        </test-method> <!-- attachScreenShot -->
        <test-method status="PASS" signature="closeBrowser()[pri:0, instance:tests.globalSitesBookingTest@15de0b3c]" name="closeBrowser" is-config="true" duration-ms="701" started-at="2021-07-04T16:37:46Z" finished-at="2021-07-04T16:37:47Z">
          <reporter-output>
          </reporter-output>
        </test-method> <!-- closeBrowser -->
        <test-method status="PASS" signature="intializeWebdriver()[pri:0, instance:tests.globalSitesBookingTest@15de0b3c]" name="intializeWebdriver" is-config="true" duration-ms="1123" started-at="2021-07-04T16:37:47Z" finished-at="2021-07-04T16:37:48Z">
          <reporter-output>
          </reporter-output>
        </test-method> <!-- intializeWebdriver -->
        <test-method status="PASS" signature="openBrowser()[pri:0, instance:tests.globalSitesBookingTest@15de0b3c]" name="openBrowser" is-config="true" duration-ms="20132" started-at="2021-07-04T16:37:48Z" finished-at="2021-07-04T16:38:08Z">
          <reporter-output>
          </reporter-output>
        </test-method> <!-- openBrowser -->
        <test-method status="PASS" signature="open_peru_Booking()[pri:0, instance:tests.globalSitesBookingTest@15de0b3c]" name="open_peru_Booking" duration-ms="10802" started-at="2021-07-04T16:38:08Z" finished-at="2021-07-04T16:38:19Z">
          <reporter-output>
          </reporter-output>
        </test-method> <!-- open_peru_Booking -->
        <test-method status="PASS" signature="closeBrowser()[pri:0, instance:tests.globalSitesBookingTest@15de0b3c]" name="closeBrowser" is-config="true" duration-ms="776" started-at="2021-07-04T16:38:19Z" finished-at="2021-07-04T16:38:19Z">
          <reporter-output>
          </reporter-output>
        </test-method> <!-- closeBrowser -->
        <test-method status="PASS" signature="attachScreenShot(org.testng.ITestResult)[pri:0, instance:tests.globalSitesBookingTest@15de0b3c]" name="attachScreenShot" is-config="true" duration-ms="0" started-at="2021-07-04T16:38:19Z" finished-at="2021-07-04T16:38:19Z">
          <params>
            <param index="0">
              <value>
                <![CDATA[[TestResult name=open_peru_Booking status=SUCCESS method=globalSitesBookingTest.open_peru_Booking()[pri:0, instance:tests.globalSitesBookingTest@15de0b3c] output={null}]]]>
              </value>
            </param>
          </params>
          <reporter-output>
          </reporter-output>
        </test-method> <!-- attachScreenShot -->
        <test-method status="PASS" signature="intializeWebdriver()[pri:0, instance:tests.globalSitesBookingTest@15de0b3c]" name="intializeWebdriver" is-config="true" duration-ms="1228" started-at="2021-07-04T16:38:19Z" finished-at="2021-07-04T16:38:21Z">
          <reporter-output>
          </reporter-output>
        </test-method> <!-- intializeWebdriver -->
        <test-method status="PASS" signature="openBrowser()[pri:0, instance:tests.globalSitesBookingTest@15de0b3c]" name="openBrowser" is-config="true" duration-ms="6575" started-at="2021-07-04T16:38:21Z" finished-at="2021-07-04T16:38:27Z">
          <reporter-output>
          </reporter-output>
        </test-method> <!-- openBrowser -->
        <test-method status="PASS" signature="open_singapore_Booking()[pri:0, instance:tests.globalSitesBookingTest@15de0b3c]" name="open_singapore_Booking" duration-ms="6363" started-at="2021-07-04T16:38:27Z" finished-at="2021-07-04T16:38:34Z">
          <reporter-output>
          </reporter-output>
        </test-method> <!-- open_singapore_Booking -->
        <test-method status="PASS" signature="attachScreenShot(org.testng.ITestResult)[pri:0, instance:tests.globalSitesBookingTest@15de0b3c]" name="attachScreenShot" is-config="true" duration-ms="0" started-at="2021-07-04T16:38:34Z" finished-at="2021-07-04T16:38:34Z">
          <params>
            <param index="0">
              <value>
                <![CDATA[[TestResult name=open_singapore_Booking status=SUCCESS method=globalSitesBookingTest.open_singapore_Booking()[pri:0, instance:tests.globalSitesBookingTest@15de0b3c] output={null}]]]>
              </value>
            </param>
          </params>
          <reporter-output>
          </reporter-output>
        </test-method> <!-- attachScreenShot -->
        <test-method status="PASS" signature="closeBrowser()[pri:0, instance:tests.globalSitesBookingTest@15de0b3c]" name="closeBrowser" is-config="true" duration-ms="771" started-at="2021-07-04T16:38:34Z" finished-at="2021-07-04T16:38:34Z">
          <reporter-output>
          </reporter-output>
        </test-method> <!-- closeBrowser -->
      </class> <!-- tests.globalSitesBookingTest -->
      <class name="tests.BookingCancelTest">
        <test-method status="PASS" signature="intializeWebdriver()[pri:0, instance:tests.BookingCancelTest@3cd3e762]" name="intializeWebdriver" is-config="true" duration-ms="1638" started-at="2021-07-04T16:33:05Z" finished-at="2021-07-04T16:33:07Z">
          <reporter-output>
          </reporter-output>
        </test-method> <!-- intializeWebdriver -->
        <test-method status="PASS" signature="openBrowser()[pri:0, instance:tests.BookingCancelTest@3cd3e762]" name="openBrowser" is-config="true" duration-ms="24279" started-at="2021-07-04T16:33:07Z" finished-at="2021-07-04T16:33:31Z">
          <reporter-output>
          </reporter-output>
        </test-method> <!-- openBrowser -->
        <test-method status="PASS" signature="careers()[pri:0, instance:tests.BookingCancelTest@3cd3e762]" name="careers" duration-ms="3648" started-at="2021-07-04T16:33:31Z" finished-at="2021-07-04T16:33:35Z">
          <reporter-output>
          </reporter-output>
        </test-method> <!-- careers -->
        <test-method status="PASS" signature="attachScreenShot(org.testng.ITestResult)[pri:0, instance:tests.BookingCancelTest@3cd3e762]" name="attachScreenShot" is-config="true" duration-ms="2" started-at="2021-07-04T16:33:35Z" finished-at="2021-07-04T16:33:35Z">
          <params>
            <param index="0">
              <value>
                <![CDATA[[TestResult name=careers status=SUCCESS method=BookingCancelTest.careers()[pri:0, instance:tests.BookingCancelTest@3cd3e762] output={null}]]]>
              </value>
            </param>
          </params>
          <reporter-output>
          </reporter-output>
        </test-method> <!-- attachScreenShot -->
        <test-method status="PASS" signature="closeBrowser()[pri:0, instance:tests.BookingCancelTest@3cd3e762]" name="closeBrowser" is-config="true" duration-ms="674" started-at="2021-07-04T16:33:35Z" finished-at="2021-07-04T16:33:35Z">
          <reporter-output>
          </reporter-output>
        </test-method> <!-- closeBrowser -->
      </class> <!-- tests.BookingCancelTest -->
      <class name="tests.bookingShowTicketTest">
        <test-method status="PASS" signature="intializeWebdriver()[pri:0, instance:tests.bookingShowTicketTest@7eac9008]" name="intializeWebdriver" is-config="true" duration-ms="1090" started-at="2021-07-04T16:34:02Z" finished-at="2021-07-04T16:34:03Z">
          <reporter-output>
          </reporter-output>
        </test-method> <!-- intializeWebdriver -->
        <test-method status="PASS" signature="openBrowser()[pri:0, instance:tests.bookingShowTicketTest@7eac9008]" name="openBrowser" is-config="true" duration-ms="16760" started-at="2021-07-04T16:34:03Z" finished-at="2021-07-04T16:34:20Z">
          <reporter-output>
          </reporter-output>
        </test-method> <!-- openBrowser -->
        <test-method status="PASS" signature="ShowTicket()[pri:0, instance:tests.bookingShowTicketTest@7eac9008]" name="ShowTicket" duration-ms="5723" started-at="2021-07-04T16:34:20Z" finished-at="2021-07-04T16:34:26Z">
          <reporter-output>
          </reporter-output>
        </test-method> <!-- ShowTicket -->
        <test-method status="PASS" signature="closeBrowser()[pri:0, instance:tests.bookingShowTicketTest@7eac9008]" name="closeBrowser" is-config="true" duration-ms="693" started-at="2021-07-04T16:34:26Z" finished-at="2021-07-04T16:34:27Z">
          <reporter-output>
          </reporter-output>
        </test-method> <!-- closeBrowser -->
        <test-method status="PASS" signature="attachScreenShot(org.testng.ITestResult)[pri:0, instance:tests.bookingShowTicketTest@7eac9008]" name="attachScreenShot" is-config="true" duration-ms="0" started-at="2021-07-04T16:34:26Z" finished-at="2021-07-04T16:34:26Z">
          <params>
            <param index="0">
              <value>
                <![CDATA[[TestResult name=ShowTicket status=SUCCESS method=bookingShowTicketTest.ShowTicket()[pri:0, instance:tests.bookingShowTicketTest@7eac9008] output={null}]]]>
              </value>
            </param>
          </params>
          <reporter-output>
          </reporter-output>
        </test-method> <!-- attachScreenShot -->
      </class> <!-- tests.bookingShowTicketTest -->
      <class name="tests.offerTest">
        <test-method status="PASS" signature="intializeWebdriver()[pri:0, instance:tests.offerTest@7c6908d7]" name="intializeWebdriver" is-config="true" duration-ms="1201" started-at="2021-07-04T16:40:30Z" finished-at="2021-07-04T16:40:31Z">
          <reporter-output>
          </reporter-output>
        </test-method> <!-- intializeWebdriver -->
        <test-method status="PASS" signature="openBrowser()[pri:0, instance:tests.offerTest@7c6908d7]" name="openBrowser" is-config="true" duration-ms="5268" started-at="2021-07-04T16:40:31Z" finished-at="2021-07-04T16:40:36Z">
          <reporter-output>
          </reporter-output>
        </test-method> <!-- openBrowser -->
        <test-method status="PASS" signature="offers()[pri:0, instance:tests.offerTest@7c6908d7]" name="offers" duration-ms="8194" started-at="2021-07-04T16:40:36Z" finished-at="2021-07-04T16:40:45Z">
          <reporter-output>
          </reporter-output>
        </test-method> <!-- offers -->
        <test-method status="PASS" signature="attachScreenShot(org.testng.ITestResult)[pri:0, instance:tests.offerTest@7c6908d7]" name="attachScreenShot" is-config="true" duration-ms="0" started-at="2021-07-04T16:40:45Z" finished-at="2021-07-04T16:40:45Z">
          <params>
            <param index="0">
              <value>
                <![CDATA[[TestResult name=offers status=SUCCESS method=offerTest.offers()[pri:0, instance:tests.offerTest@7c6908d7] output={null}]]]>
              </value>
            </param>
          </params>
          <reporter-output>
          </reporter-output>
        </test-method> <!-- attachScreenShot -->
        <test-method status="PASS" signature="closeBrowser()[pri:0, instance:tests.offerTest@7c6908d7]" name="closeBrowser" is-config="true" duration-ms="739" started-at="2021-07-04T16:40:45Z" finished-at="2021-07-04T16:40:45Z">
          <reporter-output>
          </reporter-output>
        </test-method> <!-- closeBrowser -->
      </class> <!-- tests.offerTest -->
      <class name="tests.busHireLocalTest">
        <test-method status="PASS" signature="intializeWebdriver()[pri:0, instance:tests.busHireLocalTest@4116aac9]" name="intializeWebdriver" is-config="true" duration-ms="1184" started-at="2021-07-04T16:34:27Z" finished-at="2021-07-04T16:34:28Z">
          <reporter-output>
          </reporter-output>
        </test-method> <!-- intializeWebdriver -->
        <test-method status="PASS" signature="openBrowser()[pri:0, instance:tests.busHireLocalTest@4116aac9]" name="openBrowser" is-config="true" duration-ms="4516" started-at="2021-07-04T16:34:28Z" finished-at="2021-07-04T16:34:32Z">
          <reporter-output>
          </reporter-output>
        </test-method> <!-- openBrowser -->
        <test-method status="PASS" signature="all_bus_operators()[pri:0, instance:tests.busHireLocalTest@4116aac9]" name="all_bus_operators" duration-ms="18000" started-at="2021-07-04T16:34:32Z" finished-at="2021-07-04T16:34:50Z">
          <reporter-output>
          </reporter-output>
        </test-method> <!-- all_bus_operators -->
        <test-method status="PASS" signature="closeBrowser()[pri:0, instance:tests.busHireLocalTest@4116aac9]" name="closeBrowser" is-config="true" duration-ms="706" started-at="2021-07-04T16:34:50Z" finished-at="2021-07-04T16:34:51Z">
          <reporter-output>
          </reporter-output>
        </test-method> <!-- closeBrowser -->
        <test-method status="PASS" signature="attachScreenShot(org.testng.ITestResult)[pri:0, instance:tests.busHireLocalTest@4116aac9]" name="attachScreenShot" is-config="true" duration-ms="0" started-at="2021-07-04T16:34:50Z" finished-at="2021-07-04T16:34:50Z">
          <params>
            <param index="0">
              <value>
                <![CDATA[[TestResult name=all_bus_operators status=SUCCESS method=busHireLocalTest.all_bus_operators()[pri:0, instance:tests.busHireLocalTest@4116aac9] output={null}]]]>
              </value>
            </param>
          </params>
          <reporter-output>
          </reporter-output>
        </test-method> <!-- attachScreenShot -->
      </class> <!-- tests.busHireLocalTest -->
    </test> <!-- Surefire test -->
  </suite> <!-- Surefire suite -->
</testng-results>
